CRITICAL - 2024-06-03 10:09:44 --> ParseError: syntax error, unexpected variable "$post"
[Method: POST, Route: product/update]
in APPPATH\Controllers\Product.php on line 102.
 1 SYSTEMPATH\Router\Router.php(562): CodeIgniter\Router\AutoRouter->getRoute('product/update', 'POST')
 2 SYSTEMPATH\Router\Router.php(227): CodeIgniter\Router\Router->autoRoute('product/update')
 3 SYSTEMPATH\CodeIgniter.php(834): CodeIgniter\Router\Router->handle('product/update')
 4 SYSTEMPATH\CodeIgniter.php(457): CodeIgniter\CodeIgniter->tryToRouteIt(Object(CodeIgniter\Router\RouteCollection))
 5 SYSTEMPATH\CodeIgniter.php(355): CodeIgniter\CodeIgniter->handleRequest(null, Object(Config\Cache), false)
 6 SYSTEMPATH\Boot.php(312): CodeIgniter\CodeIgniter->run()
 7 SYSTEMPATH\Boot.php(67): CodeIgniter\Boot::runCodeIgniter(Object(CodeIgniter\CodeIgniter))
 8 FCPATH\index.php(56): CodeIgniter\Boot::bootWeb(Object(Config\Paths))
 9 SYSTEMPATH\Commands\Server\rewrite.php(49): require_once('C:\\xampp\\htdocs\\crud-structured\\public\\index.php')
CRITICAL - 2024-06-03 10:09:45 --> ParseError: syntax error, unexpected variable "$post"
[Method: POST, Route: product/update]
in APPPATH\Controllers\Product.php on line 102.
 1 SYSTEMPATH\Router\Router.php(562): CodeIgniter\Router\AutoRouter->getRoute('product/update', 'POST')
 2 SYSTEMPATH\Router\Router.php(227): CodeIgniter\Router\Router->autoRoute('product/update')
 3 SYSTEMPATH\CodeIgniter.php(834): CodeIgniter\Router\Router->handle('product/update')
 4 SYSTEMPATH\CodeIgniter.php(457): CodeIgniter\CodeIgniter->tryToRouteIt(Object(CodeIgniter\Router\RouteCollection))
 5 SYSTEMPATH\CodeIgniter.php(355): CodeIgniter\CodeIgniter->handleRequest(null, Object(Config\Cache), false)
 6 SYSTEMPATH\Boot.php(312): CodeIgniter\CodeIgniter->run()
 7 SYSTEMPATH\Boot.php(67): CodeIgniter\Boot::runCodeIgniter(Object(CodeIgniter\CodeIgniter))
 8 FCPATH\index.php(56): CodeIgniter\Boot::bootWeb(Object(Config\Paths))
 9 SYSTEMPATH\Commands\Server\rewrite.php(49): require_once('C:\\xampp\\htdocs\\crud-structured\\public\\index.php')
CRITICAL - 2024-06-03 10:17:58 --> ErrorException: Undefined array key "Token"
[Method: GET, Route: unit/index]
in APPPATH\Filters\Auth.php on line 45.
 1 APPPATH\Filters\Auth.php(45): CodeIgniter\Debug\Exceptions->errorHandler(2, 'Undefined array key "Token"', 'C:\\xampp\\htdocs\\crud-structured\\app\\Filters\\Auth.php', 45)
 2 SYSTEMPATH\Filters\Filters.php(203): App\Filters\Auth->before(Object(CodeIgniter\HTTP\IncomingRequest), null)
 3 SYSTEMPATH\Filters\Filters.php(184): CodeIgniter\Filters\Filters->runBefore([...])
 4 SYSTEMPATH\CodeIgniter.php(481): CodeIgniter\Filters\Filters->run('unit/index', 'before')
 5 SYSTEMPATH\CodeIgniter.php(355): CodeIgniter\CodeIgniter->handleRequest(null, Object(Config\Cache), false)
 6 SYSTEMPATH\Boot.php(312): CodeIgniter\CodeIgniter->run()
 7 SYSTEMPATH\Boot.php(67): CodeIgniter\Boot::runCodeIgniter(Object(CodeIgniter\CodeIgniter))
 8 FCPATH\index.php(56): CodeIgniter\Boot::bootWeb(Object(Config\Paths))
 9 SYSTEMPATH\Commands\Server\rewrite.php(49): require_once('C:\\xampp\\htdocs\\crud-structured\\public\\index.php')
CRITICAL - 2024-06-03 10:57:35 --> ErrorException: Undefined array key "Token"
[Method: GET, Route: index]
in APPPATH\Filters\Auth.php on line 45.
 1 APPPATH\Filters\Auth.php(45): CodeIgniter\Debug\Exceptions->errorHandler(2, 'Undefined array key "Token"', 'C:\\xampp\\htdocs\\crud-structured\\app\\Filters\\Auth.php', 45)
 2 SYSTEMPATH\Filters\Filters.php(203): App\Filters\Auth->before(Object(CodeIgniter\HTTP\IncomingRequest), null)
 3 SYSTEMPATH\Filters\Filters.php(184): CodeIgniter\Filters\Filters->runBefore([...])
 4 SYSTEMPATH\CodeIgniter.php(481): CodeIgniter\Filters\Filters->run('index', 'before')
 5 SYSTEMPATH\CodeIgniter.php(355): CodeIgniter\CodeIgniter->handleRequest(null, Object(Config\Cache), false)
 6 SYSTEMPATH\Boot.php(312): CodeIgniter\CodeIgniter->run()
 7 SYSTEMPATH\Boot.php(67): CodeIgniter\Boot::runCodeIgniter(Object(CodeIgniter\CodeIgniter))
 8 FCPATH\index.php(56): CodeIgniter\Boot::bootWeb(Object(Config\Paths))
 9 SYSTEMPATH\Commands\Server\rewrite.php(49): require_once('C:\\xampp\\htdocs\\crud-structured\\public\\index.php')
CRITICAL - 2024-06-03 10:58:35 --> ErrorException: Undefined array key "Token"
[Method: GET, Route: product]
in APPPATH\Filters\Auth.php on line 45.
 1 APPPATH\Filters\Auth.php(45): CodeIgniter\Debug\Exceptions->errorHandler(2, 'Undefined array key "Token"', 'C:\\xampp\\htdocs\\crud-structured\\app\\Filters\\Auth.php', 45)
 2 SYSTEMPATH\Filters\Filters.php(203): App\Filters\Auth->before(Object(CodeIgniter\HTTP\IncomingRequest), null)
 3 SYSTEMPATH\Filters\Filters.php(184): CodeIgniter\Filters\Filters->runBefore([...])
 4 SYSTEMPATH\CodeIgniter.php(481): CodeIgniter\Filters\Filters->run('product', 'before')
 5 SYSTEMPATH\CodeIgniter.php(355): CodeIgniter\CodeIgniter->handleRequest(null, Object(Config\Cache), false)
 6 SYSTEMPATH\Boot.php(312): CodeIgniter\CodeIgniter->run()
 7 SYSTEMPATH\Boot.php(67): CodeIgniter\Boot::runCodeIgniter(Object(CodeIgniter\CodeIgniter))
 8 FCPATH\index.php(56): CodeIgniter\Boot::bootWeb(Object(Config\Paths))
 9 SYSTEMPATH\Commands\Server\rewrite.php(49): require_once('C:\\xampp\\htdocs\\crud-structured\\public\\index.php')
CRITICAL - 2024-06-03 16:57:40 --> ErrorException: Undefined array key "Token"
[Method: GET, Route: stock]
in APPPATH\Filters\Auth.php on line 45.
 1 APPPATH\Filters\Auth.php(45): CodeIgniter\Debug\Exceptions->errorHandler(2, 'Undefined array key "Token"', 'C:\\xampp\\htdocs\\crud-structured\\app\\Filters\\Auth.php', 45)
 2 SYSTEMPATH\Filters\Filters.php(203): App\Filters\Auth->before(Object(CodeIgniter\HTTP\IncomingRequest), null)
 3 SYSTEMPATH\Filters\Filters.php(184): CodeIgniter\Filters\Filters->runBefore([...])
 4 SYSTEMPATH\CodeIgniter.php(481): CodeIgniter\Filters\Filters->run('stock', 'before')
 5 SYSTEMPATH\CodeIgniter.php(355): CodeIgniter\CodeIgniter->handleRequest(null, Object(Config\Cache), false)
 6 SYSTEMPATH\Boot.php(312): CodeIgniter\CodeIgniter->run()
 7 SYSTEMPATH\Boot.php(67): CodeIgniter\Boot::runCodeIgniter(Object(CodeIgniter\CodeIgniter))
 8 FCPATH\index.php(56): CodeIgniter\Boot::bootWeb(Object(Config\Paths))
 9 SYSTEMPATH\Commands\Server\rewrite.php(49): require_once('C:\\xampp\\htdocs\\crud-structured\\public\\index.php')
ERROR - 2024-06-03 16:57:49 --> Error connecting to the database: mysqli_sql_exception: No connection could be made because the target machine actively refused it in C:\xampp\htdocs\crud-structured\system\Database\MySQLi\Connection.php:186
Stack trace:
#0 C:\xampp\htdocs\crud-structured\system\Database\MySQLi\Connection.php(186): mysqli->real_connect('localhost', 'root', Object(SensitiveParameterValue), 'new-crud', 3306, '', 0)
#1 C:\xampp\htdocs\crud-structured\system\Database\BaseConnection.php(421): CodeIgniter\Database\MySQLi\Connection->connect(false)
#2 C:\xampp\htdocs\crud-structured\system\Database\BaseConnection.php(604): CodeIgniter\Database\BaseConnection->initialize()
#3 C:\xampp\htdocs\crud-structured\app\Filters\Auth.php(47): CodeIgniter\Database\BaseConnection->query('SELECT auth_use...')
#4 C:\xampp\htdocs\crud-structured\system\Filters\Filters.php(203): App\Filters\Auth->before(Object(CodeIgniter\HTTP\IncomingRequest), NULL)
#5 C:\xampp\htdocs\crud-structured\system\Filters\Filters.php(184): CodeIgniter\Filters\Filters->runBefore(Array)
#6 C:\xampp\htdocs\crud-structured\system\CodeIgniter.php(481): CodeIgniter\Filters\Filters->run('stock', 'before')
#7 C:\xampp\htdocs\crud-structured\system\CodeIgniter.php(355): CodeIgniter\CodeIgniter->handleRequest(NULL, Object(Config\Cache), false)
#8 C:\xampp\htdocs\crud-structured\system\Boot.php(312): CodeIgniter\CodeIgniter->run()
#9 C:\xampp\htdocs\crud-structured\system\Boot.php(67): CodeIgniter\Boot::runCodeIgniter(Object(CodeIgniter\CodeIgniter))
#10 C:\xampp\htdocs\crud-structured\public\index.php(56): CodeIgniter\Boot::bootWeb(Object(Config\Paths))
#11 C:\xampp\htdocs\crud-structured\system\Commands\Server\rewrite.php(49): require_once('C:\\xampp\\htdocs...')
#12 {main}

Next CodeIgniter\Database\Exceptions\DatabaseException: No connection could be made because the target machine actively refused it in C:\xampp\htdocs\crud-structured\system\Database\MySQLi\Connection.php:231
Stack trace:
#0 C:\xampp\htdocs\crud-structured\system\Database\BaseConnection.php(421): CodeIgniter\Database\MySQLi\Connection->connect(false)
#1 C:\xampp\htdocs\crud-structured\system\Database\BaseConnection.php(604): CodeIgniter\Database\BaseConnection->initialize()
#2 C:\xampp\htdocs\crud-structured\app\Filters\Auth.php(47): CodeIgniter\Database\BaseConnection->query('SELECT auth_use...')
#3 C:\xampp\htdocs\crud-structured\system\Filters\Filters.php(203): App\Filters\Auth->before(Object(CodeIgniter\HTTP\IncomingRequest), NULL)
#4 C:\xampp\htdocs\crud-structured\system\Filters\Filters.php(184): CodeIgniter\Filters\Filters->runBefore(Array)
#5 C:\xampp\htdocs\crud-structured\system\CodeIgniter.php(481): CodeIgniter\Filters\Filters->run('stock', 'before')
#6 C:\xampp\htdocs\crud-structured\system\CodeIgniter.php(355): CodeIgniter\CodeIgniter->handleRequest(NULL, Object(Config\Cache), false)
#7 C:\xampp\htdocs\crud-structured\system\Boot.php(312): CodeIgniter\CodeIgniter->run()
#8 C:\xampp\htdocs\crud-structured\system\Boot.php(67): CodeIgniter\Boot::runCodeIgniter(Object(CodeIgniter\CodeIgniter))
#9 C:\xampp\htdocs\crud-structured\public\index.php(56): CodeIgniter\Boot::bootWeb(Object(Config\Paths))
#10 C:\xampp\htdocs\crud-structured\system\Commands\Server\rewrite.php(49): require_once('C:\\xampp\\htdocs...')
#11 {main}
CRITICAL - 2024-06-03 16:57:49 --> CodeIgniter\Database\Exceptions\DatabaseException: Unable to connect to the database.
Main connection [MySQLi]: No connection could be made because the target machine actively refused it
[Method: GET, Route: stock]
in SYSTEMPATH\Database\BaseConnection.php on line 457.
 1 SYSTEMPATH\Database\BaseConnection.php(604): CodeIgniter\Database\BaseConnection->initialize()
 2 APPPATH\Filters\Auth.php(47): CodeIgniter\Database\BaseConnection->query('SELECT auth_user_token FROM auth_user WHERE auth_user_token = \'eyJ0eXAiOiJKV1QiLCJhbGciOiJIUzI1NiJ9.eyJpYXQiOjEzNTY5OTk1MjQsIm5iZiI6MTM1NzAwMDAwMCwidWlkIjoiMTYiLCJlbWFpbCI6InBpdGVrQGdtYWlsLmNvbSJ9.Cz9pt0CNj9ac30uDRWT9hM8ji6tafJOFg7nFblhnVW8\'')
 3 SYSTEMPATH\Filters\Filters.php(203): App\Filters\Auth->before(Object(CodeIgniter\HTTP\IncomingRequest), null)
 4 SYSTEMPATH\Filters\Filters.php(184): CodeIgniter\Filters\Filters->runBefore([...])
 5 SYSTEMPATH\CodeIgniter.php(481): CodeIgniter\Filters\Filters->run('stock', 'before')
 6 SYSTEMPATH\CodeIgniter.php(355): CodeIgniter\CodeIgniter->handleRequest(null, Object(Config\Cache), false)
 7 SYSTEMPATH\Boot.php(312): CodeIgniter\CodeIgniter->run()
 8 SYSTEMPATH\Boot.php(67): CodeIgniter\Boot::runCodeIgniter(Object(CodeIgniter\CodeIgniter))
 9 FCPATH\index.php(56): CodeIgniter\Boot::bootWeb(Object(Config\Paths))
10 SYSTEMPATH\Commands\Server\rewrite.php(49): require_once('C:\\xampp\\htdocs\\crud-structured\\public\\index.php')
ERROR - 2024-06-03 16:57:54 --> Error connecting to the database: mysqli_sql_exception: No connection could be made because the target machine actively refused it in C:\xampp\htdocs\crud-structured\system\Database\MySQLi\Connection.php:186
Stack trace:
#0 C:\xampp\htdocs\crud-structured\system\Database\MySQLi\Connection.php(186): mysqli->real_connect('localhost', 'root', Object(SensitiveParameterValue), 'new-crud', 3306, '', 0)
#1 C:\xampp\htdocs\crud-structured\system\Database\BaseConnection.php(421): CodeIgniter\Database\MySQLi\Connection->connect(false)
#2 C:\xampp\htdocs\crud-structured\system\Database\BaseConnection.php(604): CodeIgniter\Database\BaseConnection->initialize()
#3 C:\xampp\htdocs\crud-structured\app\Controllers\User.php(67): CodeIgniter\Database\BaseConnection->query('SELECT *\r\n     ...')
#4 C:\xampp\htdocs\crud-structured\system\CodeIgniter.php(933): App\Controllers\User->login()
#5 C:\xampp\htdocs\crud-structured\system\CodeIgniter.php(509): CodeIgniter\CodeIgniter->runController(Object(App\Controllers\User))
#6 C:\xampp\htdocs\crud-structured\system\CodeIgniter.php(355): CodeIgniter\CodeIgniter->handleRequest(NULL, Object(Config\Cache), false)
#7 C:\xampp\htdocs\crud-structured\system\Boot.php(312): CodeIgniter\CodeIgniter->run()
#8 C:\xampp\htdocs\crud-structured\system\Boot.php(67): CodeIgniter\Boot::runCodeIgniter(Object(CodeIgniter\CodeIgniter))
#9 C:\xampp\htdocs\crud-structured\public\index.php(56): CodeIgniter\Boot::bootWeb(Object(Config\Paths))
#10 C:\xampp\htdocs\crud-structured\system\Commands\Server\rewrite.php(49): require_once('C:\\xampp\\htdocs...')
#11 {main}

Next CodeIgniter\Database\Exceptions\DatabaseException: No connection could be made because the target machine actively refused it in C:\xampp\htdocs\crud-structured\system\Database\MySQLi\Connection.php:231
Stack trace:
#0 C:\xampp\htdocs\crud-structured\system\Database\BaseConnection.php(421): CodeIgniter\Database\MySQLi\Connection->connect(false)
#1 C:\xampp\htdocs\crud-structured\system\Database\BaseConnection.php(604): CodeIgniter\Database\BaseConnection->initialize()
#2 C:\xampp\htdocs\crud-structured\app\Controllers\User.php(67): CodeIgniter\Database\BaseConnection->query('SELECT *\r\n     ...')
#3 C:\xampp\htdocs\crud-structured\system\CodeIgniter.php(933): App\Controllers\User->login()
#4 C:\xampp\htdocs\crud-structured\system\CodeIgniter.php(509): CodeIgniter\CodeIgniter->runController(Object(App\Controllers\User))
#5 C:\xampp\htdocs\crud-structured\system\CodeIgniter.php(355): CodeIgniter\CodeIgniter->handleRequest(NULL, Object(Config\Cache), false)
#6 C:\xampp\htdocs\crud-structured\system\Boot.php(312): CodeIgniter\CodeIgniter->run()
#7 C:\xampp\htdocs\crud-structured\system\Boot.php(67): CodeIgniter\Boot::runCodeIgniter(Object(CodeIgniter\CodeIgniter))
#8 C:\xampp\htdocs\crud-structured\public\index.php(56): CodeIgniter\Boot::bootWeb(Object(Config\Paths))
#9 C:\xampp\htdocs\crud-structured\system\Commands\Server\rewrite.php(49): require_once('C:\\xampp\\htdocs...')
#10 {main}
CRITICAL - 2024-06-03 16:57:54 --> CodeIgniter\Database\Exceptions\DatabaseException: Unable to connect to the database.
Main connection [MySQLi]: No connection could be made because the target machine actively refused it
[Method: POST, Route: user/login]
in SYSTEMPATH\Database\BaseConnection.php on line 457.
 1 SYSTEMPATH\Database\BaseConnection.php(604): CodeIgniter\Database\BaseConnection->initialize()
 2 APPPATH\Controllers\User.php(67): CodeIgniter\Database\BaseConnection->query('SELECT *
        FROM user
        WHERE user_email = \'coba@gmail.com\'
        ')
 3 SYSTEMPATH\CodeIgniter.php(933): App\Controllers\User->login()
 4 SYSTEMPATH\CodeIgniter.php(509): CodeIgniter\CodeIgniter->runController(Object(App\Controllers\User))
 5 SYSTEMPATH\CodeIgniter.php(355): CodeIgniter\CodeIgniter->handleRequest(null, Object(Config\Cache), false)
 6 SYSTEMPATH\Boot.php(312): CodeIgniter\CodeIgniter->run()
 7 SYSTEMPATH\Boot.php(67): CodeIgniter\Boot::runCodeIgniter(Object(CodeIgniter\CodeIgniter))
 8 FCPATH\index.php(56): CodeIgniter\Boot::bootWeb(Object(Config\Paths))
 9 SYSTEMPATH\Commands\Server\rewrite.php(49): require_once('C:\\xampp\\htdocs\\crud-structured\\public\\index.php')
CRITICAL - 2024-06-03 17:00:43 --> ErrorException: Undefined array key "Token"
[Method: GET, Route: product]
in APPPATH\Filters\Auth.php on line 45.
 1 APPPATH\Filters\Auth.php(45): CodeIgniter\Debug\Exceptions->errorHandler(2, 'Undefined array key "Token"', 'C:\\xampp\\htdocs\\crud-structured\\app\\Filters\\Auth.php', 45)
 2 SYSTEMPATH\Filters\Filters.php(203): App\Filters\Auth->before(Object(CodeIgniter\HTTP\IncomingRequest), null)
 3 SYSTEMPATH\Filters\Filters.php(184): CodeIgniter\Filters\Filters->runBefore([...])
 4 SYSTEMPATH\CodeIgniter.php(481): CodeIgniter\Filters\Filters->run('product', 'before')
 5 SYSTEMPATH\CodeIgniter.php(355): CodeIgniter\CodeIgniter->handleRequest(null, Object(Config\Cache), false)
 6 SYSTEMPATH\Boot.php(312): CodeIgniter\CodeIgniter->run()
 7 SYSTEMPATH\Boot.php(67): CodeIgniter\Boot::runCodeIgniter(Object(CodeIgniter\CodeIgniter))
 8 FCPATH\index.php(56): CodeIgniter\Boot::bootWeb(Object(Config\Paths))
 9 SYSTEMPATH\Commands\Server\rewrite.php(49): require_once('C:\\xampp\\htdocs\\crud-structured\\public\\index.php')
CRITICAL - 2024-06-03 17:00:57 --> ErrorException: Undefined array key "Token"
[Method: GET, Route: category]
in APPPATH\Filters\Auth.php on line 45.
 1 APPPATH\Filters\Auth.php(45): CodeIgniter\Debug\Exceptions->errorHandler(2, 'Undefined array key "Token"', 'C:\\xampp\\htdocs\\crud-structured\\app\\Filters\\Auth.php', 45)
 2 SYSTEMPATH\Filters\Filters.php(203): App\Filters\Auth->before(Object(CodeIgniter\HTTP\IncomingRequest), null)
 3 SYSTEMPATH\Filters\Filters.php(184): CodeIgniter\Filters\Filters->runBefore([...])
 4 SYSTEMPATH\CodeIgniter.php(481): CodeIgniter\Filters\Filters->run('category', 'before')
 5 SYSTEMPATH\CodeIgniter.php(355): CodeIgniter\CodeIgniter->handleRequest(null, Object(Config\Cache), false)
 6 SYSTEMPATH\Boot.php(312): CodeIgniter\CodeIgniter->run()
 7 SYSTEMPATH\Boot.php(67): CodeIgniter\Boot::runCodeIgniter(Object(CodeIgniter\CodeIgniter))
 8 FCPATH\index.php(56): CodeIgniter\Boot::bootWeb(Object(Config\Paths))
 9 SYSTEMPATH\Commands\Server\rewrite.php(49): require_once('C:\\xampp\\htdocs\\crud-structured\\public\\index.php')
