CRITICAL - 2024-07-01 09:09:59 --> ParseError: syntax error, unexpected token "}", expecting ";"
[Method: GET, Route: Coba/curl]
in APPPATH\Controllers\Coba.php on line 65.
 1 SYSTEMPATH\Router\Router.php(562): CodeIgniter\Router\AutoRouter->getRoute('Coba/curl', 'GET')
 2 SYSTEMPATH\Router\Router.php(227): CodeIgniter\Router\Router->autoRoute('Coba/curl')
 3 SYSTEMPATH\CodeIgniter.php(834): CodeIgniter\Router\Router->handle('Coba/curl')
 4 SYSTEMPATH\CodeIgniter.php(457): CodeIgniter\CodeIgniter->tryToRouteIt(Object(CodeIgniter\Router\RouteCollection))
 5 SYSTEMPATH\CodeIgniter.php(355): CodeIgniter\CodeIgniter->handleRequest(null, Object(Config\Cache), false)
 6 SYSTEMPATH\Boot.php(312): CodeIgniter\CodeIgniter->run()
 7 SYSTEMPATH\Boot.php(67): CodeIgniter\Boot::runCodeIgniter(Object(CodeIgniter\CodeIgniter))
 8 FCPATH\index.php(55): CodeIgniter\Boot::bootWeb(Object(Config\Paths))
 9 SYSTEMPATH\Commands\Server\rewrite.php(49): require_once('C:\\xampp\\htdocs\\crud-structured\\public\\index.php')
CRITICAL - 2024-07-01 09:17:06 --> ParseError: syntax error, unexpected variable "$data"
[Method: GET, Route: Coba/curl]
in APPPATH\Controllers\Coba.php on line 60.
 1 SYSTEMPATH\Router\Router.php(562): CodeIgniter\Router\AutoRouter->getRoute('Coba/curl', 'GET')
 2 SYSTEMPATH\Router\Router.php(227): CodeIgniter\Router\Router->autoRoute('Coba/curl')
 3 SYSTEMPATH\CodeIgniter.php(834): CodeIgniter\Router\Router->handle('Coba/curl')
 4 SYSTEMPATH\CodeIgniter.php(457): CodeIgniter\CodeIgniter->tryToRouteIt(Object(CodeIgniter\Router\RouteCollection))
 5 SYSTEMPATH\CodeIgniter.php(355): CodeIgniter\CodeIgniter->handleRequest(null, Object(Config\Cache), false)
 6 SYSTEMPATH\Boot.php(312): CodeIgniter\CodeIgniter->run()
 7 SYSTEMPATH\Boot.php(67): CodeIgniter\Boot::runCodeIgniter(Object(CodeIgniter\CodeIgniter))
 8 FCPATH\index.php(55): CodeIgniter\Boot::bootWeb(Object(Config\Paths))
 9 SYSTEMPATH\Commands\Server\rewrite.php(49): require_once('C:\\xampp\\htdocs\\crud-structured\\public\\index.php')
CRITICAL - 2024-07-01 09:21:58 --> ParseError: syntax error, unexpected variable "$data"
[Method: GET, Route: Coba/curl]
in APPPATH\Controllers\Coba.php on line 60.
 1 SYSTEMPATH\Router\Router.php(562): CodeIgniter\Router\AutoRouter->getRoute('Coba/curl', 'GET')
 2 SYSTEMPATH\Router\Router.php(227): CodeIgniter\Router\Router->autoRoute('Coba/curl')
 3 SYSTEMPATH\CodeIgniter.php(834): CodeIgniter\Router\Router->handle('Coba/curl')
 4 SYSTEMPATH\CodeIgniter.php(457): CodeIgniter\CodeIgniter->tryToRouteIt(Object(CodeIgniter\Router\RouteCollection))
 5 SYSTEMPATH\CodeIgniter.php(355): CodeIgniter\CodeIgniter->handleRequest(null, Object(Config\Cache), false)
 6 SYSTEMPATH\Boot.php(312): CodeIgniter\CodeIgniter->run()
 7 SYSTEMPATH\Boot.php(67): CodeIgniter\Boot::runCodeIgniter(Object(CodeIgniter\CodeIgniter))
 8 FCPATH\index.php(55): CodeIgniter\Boot::bootWeb(Object(Config\Paths))
 9 SYSTEMPATH\Commands\Server\rewrite.php(49): require_once('C:\\xampp\\htdocs\\crud-structured\\public\\index.php')
CRITICAL - 2024-07-01 09:27:43 --> ErrorException: Array to string conversion
[Method: GET, Route: Coba/curl]
in APPPATH\Helpers\curl_helper.php on line 186.
 1 APPPATH\Helpers\curl_helper.php(186): CodeIgniter\Debug\Exceptions->errorHandler(2, 'Array to string conversion', 'C:\\xampp\\htdocs\\crud-structured\\app\\Helpers\\curl_helper.php', 186)
 2 APPPATH\Controllers\Coba.php(62): curlSetOptGet(Object(CurlHandle))
 3 SYSTEMPATH\CodeIgniter.php(933): App\Controllers\Coba->curl()
 4 SYSTEMPATH\CodeIgniter.php(509): CodeIgniter\CodeIgniter->runController(Object(App\Controllers\Coba))
 5 SYSTEMPATH\CodeIgniter.php(355): CodeIgniter\CodeIgniter->handleRequest(null, Object(Config\Cache), false)
 6 SYSTEMPATH\Boot.php(312): CodeIgniter\CodeIgniter->run()
 7 SYSTEMPATH\Boot.php(67): CodeIgniter\Boot::runCodeIgniter(Object(CodeIgniter\CodeIgniter))
 8 FCPATH\index.php(55): CodeIgniter\Boot::bootWeb(Object(Config\Paths))
 9 SYSTEMPATH\Commands\Server\rewrite.php(49): require_once('C:\\xampp\\htdocs\\crud-structured\\public\\index.php')
CRITICAL - 2024-07-01 09:27:59 --> ErrorException: Array to string conversion
[Method: GET, Route: Coba/curl]
in APPPATH\Helpers\curl_helper.php on line 186.
 1 APPPATH\Helpers\curl_helper.php(186): CodeIgniter\Debug\Exceptions->errorHandler(2, 'Array to string conversion', 'C:\\xampp\\htdocs\\crud-structured\\app\\Helpers\\curl_helper.php', 186)
 2 APPPATH\Controllers\Coba.php(62): curlSetOptGet(Object(CurlHandle))
 3 SYSTEMPATH\CodeIgniter.php(933): App\Controllers\Coba->curl()
 4 SYSTEMPATH\CodeIgniter.php(509): CodeIgniter\CodeIgniter->runController(Object(App\Controllers\Coba))
 5 SYSTEMPATH\CodeIgniter.php(355): CodeIgniter\CodeIgniter->handleRequest(null, Object(Config\Cache), false)
 6 SYSTEMPATH\Boot.php(312): CodeIgniter\CodeIgniter->run()
 7 SYSTEMPATH\Boot.php(67): CodeIgniter\Boot::runCodeIgniter(Object(CodeIgniter\CodeIgniter))
 8 FCPATH\index.php(55): CodeIgniter\Boot::bootWeb(Object(Config\Paths))
 9 SYSTEMPATH\Commands\Server\rewrite.php(49): require_once('C:\\xampp\\htdocs\\crud-structured\\public\\index.php')
CRITICAL - 2024-07-01 09:31:41 --> ErrorException: Array to string conversion
[Method: GET, Route: Coba/curl]
in APPPATH\Helpers\curl_helper.php on line 186.
 1 APPPATH\Helpers\curl_helper.php(186): CodeIgniter\Debug\Exceptions->errorHandler(2, 'Array to string conversion', 'C:\\xampp\\htdocs\\crud-structured\\app\\Helpers\\curl_helper.php', 186)
 2 APPPATH\Controllers\Coba.php(63): curlSetOptGet(Object(CurlHandle))
 3 SYSTEMPATH\CodeIgniter.php(933): App\Controllers\Coba->curl()
 4 SYSTEMPATH\CodeIgniter.php(509): CodeIgniter\CodeIgniter->runController(Object(App\Controllers\Coba))
 5 SYSTEMPATH\CodeIgniter.php(355): CodeIgniter\CodeIgniter->handleRequest(null, Object(Config\Cache), false)
 6 SYSTEMPATH\Boot.php(312): CodeIgniter\CodeIgniter->run()
 7 SYSTEMPATH\Boot.php(67): CodeIgniter\Boot::runCodeIgniter(Object(CodeIgniter\CodeIgniter))
 8 FCPATH\index.php(55): CodeIgniter\Boot::bootWeb(Object(Config\Paths))
 9 SYSTEMPATH\Commands\Server\rewrite.php(49): require_once('C:\\xampp\\htdocs\\crud-structured\\public\\index.php')
CRITICAL - 2024-07-01 09:32:03 --> ErrorException: Array to string conversion
[Method: GET, Route: Coba/curl]
in APPPATH\Helpers\curl_helper.php on line 186.
 1 APPPATH\Helpers\curl_helper.php(186): CodeIgniter\Debug\Exceptions->errorHandler(2, 'Array to string conversion', 'C:\\xampp\\htdocs\\crud-structured\\app\\Helpers\\curl_helper.php', 186)
 2 APPPATH\Controllers\Coba.php(63): curlSetOptGet(Object(CurlHandle))
 3 SYSTEMPATH\CodeIgniter.php(933): App\Controllers\Coba->curl()
 4 SYSTEMPATH\CodeIgniter.php(509): CodeIgniter\CodeIgniter->runController(Object(App\Controllers\Coba))
 5 SYSTEMPATH\CodeIgniter.php(355): CodeIgniter\CodeIgniter->handleRequest(null, Object(Config\Cache), false)
 6 SYSTEMPATH\Boot.php(312): CodeIgniter\CodeIgniter->run()
 7 SYSTEMPATH\Boot.php(67): CodeIgniter\Boot::runCodeIgniter(Object(CodeIgniter\CodeIgniter))
 8 FCPATH\index.php(55): CodeIgniter\Boot::bootWeb(Object(Config\Paths))
 9 SYSTEMPATH\Commands\Server\rewrite.php(49): require_once('C:\\xampp\\htdocs\\crud-structured\\public\\index.php')
CRITICAL - 2024-07-01 09:32:04 --> ErrorException: Array to string conversion
[Method: GET, Route: Coba/curl]
in APPPATH\Helpers\curl_helper.php on line 186.
 1 APPPATH\Helpers\curl_helper.php(186): CodeIgniter\Debug\Exceptions->errorHandler(2, 'Array to string conversion', 'C:\\xampp\\htdocs\\crud-structured\\app\\Helpers\\curl_helper.php', 186)
 2 APPPATH\Controllers\Coba.php(63): curlSetOptGet(Object(CurlHandle))
 3 SYSTEMPATH\CodeIgniter.php(933): App\Controllers\Coba->curl()
 4 SYSTEMPATH\CodeIgniter.php(509): CodeIgniter\CodeIgniter->runController(Object(App\Controllers\Coba))
 5 SYSTEMPATH\CodeIgniter.php(355): CodeIgniter\CodeIgniter->handleRequest(null, Object(Config\Cache), false)
 6 SYSTEMPATH\Boot.php(312): CodeIgniter\CodeIgniter->run()
 7 SYSTEMPATH\Boot.php(67): CodeIgniter\Boot::runCodeIgniter(Object(CodeIgniter\CodeIgniter))
 8 FCPATH\index.php(55): CodeIgniter\Boot::bootWeb(Object(Config\Paths))
 9 SYSTEMPATH\Commands\Server\rewrite.php(49): require_once('C:\\xampp\\htdocs\\crud-structured\\public\\index.php')
CRITICAL - 2024-07-01 09:32:30 --> ErrorException: Array to string conversion
[Method: GET, Route: Coba/curl]
in APPPATH\Helpers\curl_helper.php on line 186.
 1 APPPATH\Helpers\curl_helper.php(186): CodeIgniter\Debug\Exceptions->errorHandler(2, 'Array to string conversion', 'C:\\xampp\\htdocs\\crud-structured\\app\\Helpers\\curl_helper.php', 186)
 2 APPPATH\Controllers\Coba.php(63): curlSetOptGet(Object(CurlHandle))
 3 SYSTEMPATH\CodeIgniter.php(933): App\Controllers\Coba->curl()
 4 SYSTEMPATH\CodeIgniter.php(509): CodeIgniter\CodeIgniter->runController(Object(App\Controllers\Coba))
 5 SYSTEMPATH\CodeIgniter.php(355): CodeIgniter\CodeIgniter->handleRequest(null, Object(Config\Cache), false)
 6 SYSTEMPATH\Boot.php(312): CodeIgniter\CodeIgniter->run()
 7 SYSTEMPATH\Boot.php(67): CodeIgniter\Boot::runCodeIgniter(Object(CodeIgniter\CodeIgniter))
 8 FCPATH\index.php(55): CodeIgniter\Boot::bootWeb(Object(Config\Paths))
 9 SYSTEMPATH\Commands\Server\rewrite.php(49): require_once('C:\\xampp\\htdocs\\crud-structured\\public\\index.php')
CRITICAL - 2024-07-01 09:32:32 --> ErrorException: Array to string conversion
[Method: GET, Route: Coba/curl]
in APPPATH\Helpers\curl_helper.php on line 186.
 1 APPPATH\Helpers\curl_helper.php(186): CodeIgniter\Debug\Exceptions->errorHandler(2, 'Array to string conversion', 'C:\\xampp\\htdocs\\crud-structured\\app\\Helpers\\curl_helper.php', 186)
 2 APPPATH\Controllers\Coba.php(63): curlSetOptGet(Object(CurlHandle))
 3 SYSTEMPATH\CodeIgniter.php(933): App\Controllers\Coba->curl()
 4 SYSTEMPATH\CodeIgniter.php(509): CodeIgniter\CodeIgniter->runController(Object(App\Controllers\Coba))
 5 SYSTEMPATH\CodeIgniter.php(355): CodeIgniter\CodeIgniter->handleRequest(null, Object(Config\Cache), false)
 6 SYSTEMPATH\Boot.php(312): CodeIgniter\CodeIgniter->run()
 7 SYSTEMPATH\Boot.php(67): CodeIgniter\Boot::runCodeIgniter(Object(CodeIgniter\CodeIgniter))
 8 FCPATH\index.php(55): CodeIgniter\Boot::bootWeb(Object(Config\Paths))
 9 SYSTEMPATH\Commands\Server\rewrite.php(49): require_once('C:\\xampp\\htdocs\\crud-structured\\public\\index.php')
CRITICAL - 2024-07-01 09:34:41 --> ErrorException: Array to string conversion
[Method: GET, Route: Coba/curl]
in APPPATH\Helpers\curl_helper.php on line 186.
 1 APPPATH\Helpers\curl_helper.php(186): CodeIgniter\Debug\Exceptions->errorHandler(2, 'Array to string conversion', 'C:\\xampp\\htdocs\\crud-structured\\app\\Helpers\\curl_helper.php', 186)
 2 APPPATH\Controllers\Coba.php(63): curlSetOptGet(Object(CurlHandle))
 3 SYSTEMPATH\CodeIgniter.php(933): App\Controllers\Coba->curl()
 4 SYSTEMPATH\CodeIgniter.php(509): CodeIgniter\CodeIgniter->runController(Object(App\Controllers\Coba))
 5 SYSTEMPATH\CodeIgniter.php(355): CodeIgniter\CodeIgniter->handleRequest(null, Object(Config\Cache), false)
 6 SYSTEMPATH\Boot.php(312): CodeIgniter\CodeIgniter->run()
 7 SYSTEMPATH\Boot.php(67): CodeIgniter\Boot::runCodeIgniter(Object(CodeIgniter\CodeIgniter))
 8 FCPATH\index.php(55): CodeIgniter\Boot::bootWeb(Object(Config\Paths))
 9 SYSTEMPATH\Commands\Server\rewrite.php(49): require_once('C:\\xampp\\htdocs\\crud-structured\\public\\index.php')
CRITICAL - 2024-07-01 09:34:54 --> ErrorException: Array to string conversion
[Method: GET, Route: Coba/curl]
in APPPATH\Helpers\curl_helper.php on line 186.
 1 APPPATH\Helpers\curl_helper.php(186): CodeIgniter\Debug\Exceptions->errorHandler(2, 'Array to string conversion', 'C:\\xampp\\htdocs\\crud-structured\\app\\Helpers\\curl_helper.php', 186)
 2 APPPATH\Controllers\Coba.php(63): curlSetOptGet(Object(CurlHandle))
 3 SYSTEMPATH\CodeIgniter.php(933): App\Controllers\Coba->curl()
 4 SYSTEMPATH\CodeIgniter.php(509): CodeIgniter\CodeIgniter->runController(Object(App\Controllers\Coba))
 5 SYSTEMPATH\CodeIgniter.php(355): CodeIgniter\CodeIgniter->handleRequest(null, Object(Config\Cache), false)
 6 SYSTEMPATH\Boot.php(312): CodeIgniter\CodeIgniter->run()
 7 SYSTEMPATH\Boot.php(67): CodeIgniter\Boot::runCodeIgniter(Object(CodeIgniter\CodeIgniter))
 8 FCPATH\index.php(55): CodeIgniter\Boot::bootWeb(Object(Config\Paths))
 9 SYSTEMPATH\Commands\Server\rewrite.php(49): require_once('C:\\xampp\\htdocs\\crud-structured\\public\\index.php')
CRITICAL - 2024-07-01 09:49:12 --> ErrorException: foreach() argument must be of type array|object, bool given
[Method: GET, Route: Coba/curl]
in APPPATH\Helpers\curl_helper.php on line 219.
 1 APPPATH\Helpers\curl_helper.php(219): CodeIgniter\Debug\Exceptions->errorHandler(2, 'foreach() argument must be of type array|object, bool given', 'C:\\xampp\\htdocs\\crud-structured\\app\\Helpers\\curl_helper.php', 219)
 2 APPPATH\Helpers\curl_helper.php(141): pagination(true, true)
 3 APPPATH\Controllers\Coba.php(65): curlSetOptGet([...])
 4 SYSTEMPATH\CodeIgniter.php(933): App\Controllers\Coba->curl()
 5 SYSTEMPATH\CodeIgniter.php(509): CodeIgniter\CodeIgniter->runController(Object(App\Controllers\Coba))
 6 SYSTEMPATH\CodeIgniter.php(355): CodeIgniter\CodeIgniter->handleRequest(null, Object(Config\Cache), false)
 7 SYSTEMPATH\Boot.php(312): CodeIgniter\CodeIgniter->run()
 8 SYSTEMPATH\Boot.php(67): CodeIgniter\Boot::runCodeIgniter(Object(CodeIgniter\CodeIgniter))
 9 FCPATH\index.php(55): CodeIgniter\Boot::bootWeb(Object(Config\Paths))
10 SYSTEMPATH\Commands\Server\rewrite.php(49): require_once('C:\\xampp\\htdocs\\crud-structured\\public\\index.php')
CRITICAL - 2024-07-01 09:49:13 --> ErrorException: foreach() argument must be of type array|object, bool given
[Method: GET, Route: Coba/curl]
in APPPATH\Helpers\curl_helper.php on line 219.
 1 APPPATH\Helpers\curl_helper.php(219): CodeIgniter\Debug\Exceptions->errorHandler(2, 'foreach() argument must be of type array|object, bool given', 'C:\\xampp\\htdocs\\crud-structured\\app\\Helpers\\curl_helper.php', 219)
 2 APPPATH\Helpers\curl_helper.php(141): pagination(true, true)
 3 APPPATH\Controllers\Coba.php(65): curlSetOptGet([...])
 4 SYSTEMPATH\CodeIgniter.php(933): App\Controllers\Coba->curl()
 5 SYSTEMPATH\CodeIgniter.php(509): CodeIgniter\CodeIgniter->runController(Object(App\Controllers\Coba))
 6 SYSTEMPATH\CodeIgniter.php(355): CodeIgniter\CodeIgniter->handleRequest(null, Object(Config\Cache), false)
 7 SYSTEMPATH\Boot.php(312): CodeIgniter\CodeIgniter->run()
 8 SYSTEMPATH\Boot.php(67): CodeIgniter\Boot::runCodeIgniter(Object(CodeIgniter\CodeIgniter))
 9 FCPATH\index.php(55): CodeIgniter\Boot::bootWeb(Object(Config\Paths))
10 SYSTEMPATH\Commands\Server\rewrite.php(49): require_once('C:\\xampp\\htdocs\\crud-structured\\public\\index.php')
CRITICAL - 2024-07-01 09:49:13 --> ErrorException: foreach() argument must be of type array|object, bool given
[Method: GET, Route: Coba/curl]
in APPPATH\Helpers\curl_helper.php on line 219.
 1 APPPATH\Helpers\curl_helper.php(219): CodeIgniter\Debug\Exceptions->errorHandler(2, 'foreach() argument must be of type array|object, bool given', 'C:\\xampp\\htdocs\\crud-structured\\app\\Helpers\\curl_helper.php', 219)
 2 APPPATH\Helpers\curl_helper.php(141): pagination(true, true)
 3 APPPATH\Controllers\Coba.php(65): curlSetOptGet([...])
 4 SYSTEMPATH\CodeIgniter.php(933): App\Controllers\Coba->curl()
 5 SYSTEMPATH\CodeIgniter.php(509): CodeIgniter\CodeIgniter->runController(Object(App\Controllers\Coba))
 6 SYSTEMPATH\CodeIgniter.php(355): CodeIgniter\CodeIgniter->handleRequest(null, Object(Config\Cache), false)
 7 SYSTEMPATH\Boot.php(312): CodeIgniter\CodeIgniter->run()
 8 SYSTEMPATH\Boot.php(67): CodeIgniter\Boot::runCodeIgniter(Object(CodeIgniter\CodeIgniter))
 9 FCPATH\index.php(55): CodeIgniter\Boot::bootWeb(Object(Config\Paths))
10 SYSTEMPATH\Commands\Server\rewrite.php(49): require_once('C:\\xampp\\htdocs\\crud-structured\\public\\index.php')
CRITICAL - 2024-07-01 09:49:29 --> ParseError: syntax error, unexpected token "foreach", expecting "," or ";"
[Method: GET, Route: Coba/curl]
in APPPATH\Helpers\curl_helper.php on line 221.
 1 SYSTEMPATH\Controller.php(93): helper([...])
 2 APPPATH\Controllers\Core\BaseController.php(53): CodeIgniter\Controller->initController(Object(CodeIgniter\HTTP\IncomingRequest), Object(CodeIgniter\HTTP\Response), Object(CodeIgniter\Log\Logger))
 3 APPPATH\Controllers\Core\DataController.php(18): App\Controllers\Core\BaseController->initController(Object(CodeIgniter\HTTP\IncomingRequest), Object(CodeIgniter\HTTP\Response), Object(CodeIgniter\Log\Logger))
 4 SYSTEMPATH\CodeIgniter.php(904): App\Controllers\Core\DataController->initController(Object(CodeIgniter\HTTP\IncomingRequest), Object(CodeIgniter\HTTP\Response), Object(CodeIgniter\Log\Logger))
 5 SYSTEMPATH\CodeIgniter.php(500): CodeIgniter\CodeIgniter->createController()
 6 SYSTEMPATH\CodeIgniter.php(355): CodeIgniter\CodeIgniter->handleRequest(null, Object(Config\Cache), false)
 7 SYSTEMPATH\Boot.php(312): CodeIgniter\CodeIgniter->run()
 8 SYSTEMPATH\Boot.php(67): CodeIgniter\Boot::runCodeIgniter(Object(CodeIgniter\CodeIgniter))
 9 FCPATH\index.php(55): CodeIgniter\Boot::bootWeb(Object(Config\Paths))
10 SYSTEMPATH\Commands\Server\rewrite.php(49): require_once('C:\\xampp\\htdocs\\crud-structured\\public\\index.php')
CRITICAL - 2024-07-01 09:49:42 --> ErrorException: foreach() argument must be of type array|object, bool given
[Method: GET, Route: Coba/curl]
in APPPATH\Helpers\curl_helper.php on line 219.
 1 APPPATH\Helpers\curl_helper.php(219): CodeIgniter\Debug\Exceptions->errorHandler(2, 'foreach() argument must be of type array|object, bool given', 'C:\\xampp\\htdocs\\crud-structured\\app\\Helpers\\curl_helper.php', 219)
 2 APPPATH\Helpers\curl_helper.php(141): pagination(true, true)
 3 APPPATH\Controllers\Coba.php(65): curlSetOptGet([...])
 4 SYSTEMPATH\CodeIgniter.php(933): App\Controllers\Coba->curl()
 5 SYSTEMPATH\CodeIgniter.php(509): CodeIgniter\CodeIgniter->runController(Object(App\Controllers\Coba))
 6 SYSTEMPATH\CodeIgniter.php(355): CodeIgniter\CodeIgniter->handleRequest(null, Object(Config\Cache), false)
 7 SYSTEMPATH\Boot.php(312): CodeIgniter\CodeIgniter->run()
 8 SYSTEMPATH\Boot.php(67): CodeIgniter\Boot::runCodeIgniter(Object(CodeIgniter\CodeIgniter))
 9 FCPATH\index.php(55): CodeIgniter\Boot::bootWeb(Object(Config\Paths))
10 SYSTEMPATH\Commands\Server\rewrite.php(49): require_once('C:\\xampp\\htdocs\\crud-structured\\public\\index.php')
CRITICAL - 2024-07-01 09:49:43 --> ErrorException: foreach() argument must be of type array|object, bool given
[Method: GET, Route: Coba/curl]
in APPPATH\Helpers\curl_helper.php on line 219.
 1 APPPATH\Helpers\curl_helper.php(219): CodeIgniter\Debug\Exceptions->errorHandler(2, 'foreach() argument must be of type array|object, bool given', 'C:\\xampp\\htdocs\\crud-structured\\app\\Helpers\\curl_helper.php', 219)
 2 APPPATH\Helpers\curl_helper.php(141): pagination(true, true)
 3 APPPATH\Controllers\Coba.php(65): curlSetOptGet([...])
 4 SYSTEMPATH\CodeIgniter.php(933): App\Controllers\Coba->curl()
 5 SYSTEMPATH\CodeIgniter.php(509): CodeIgniter\CodeIgniter->runController(Object(App\Controllers\Coba))
 6 SYSTEMPATH\CodeIgniter.php(355): CodeIgniter\CodeIgniter->handleRequest(null, Object(Config\Cache), false)
 7 SYSTEMPATH\Boot.php(312): CodeIgniter\CodeIgniter->run()
 8 SYSTEMPATH\Boot.php(67): CodeIgniter\Boot::runCodeIgniter(Object(CodeIgniter\CodeIgniter))
 9 FCPATH\index.php(55): CodeIgniter\Boot::bootWeb(Object(Config\Paths))
10 SYSTEMPATH\Commands\Server\rewrite.php(49): require_once('C:\\xampp\\htdocs\\crud-structured\\public\\index.php')
CRITICAL - 2024-07-01 09:49:44 --> ErrorException: foreach() argument must be of type array|object, bool given
[Method: GET, Route: Coba/curl]
in APPPATH\Helpers\curl_helper.php on line 219.
 1 APPPATH\Helpers\curl_helper.php(219): CodeIgniter\Debug\Exceptions->errorHandler(2, 'foreach() argument must be of type array|object, bool given', 'C:\\xampp\\htdocs\\crud-structured\\app\\Helpers\\curl_helper.php', 219)
 2 APPPATH\Helpers\curl_helper.php(141): pagination(true, true)
 3 APPPATH\Controllers\Coba.php(65): curlSetOptGet([...])
 4 SYSTEMPATH\CodeIgniter.php(933): App\Controllers\Coba->curl()
 5 SYSTEMPATH\CodeIgniter.php(509): CodeIgniter\CodeIgniter->runController(Object(App\Controllers\Coba))
 6 SYSTEMPATH\CodeIgniter.php(355): CodeIgniter\CodeIgniter->handleRequest(null, Object(Config\Cache), false)
 7 SYSTEMPATH\Boot.php(312): CodeIgniter\CodeIgniter->run()
 8 SYSTEMPATH\Boot.php(67): CodeIgniter\Boot::runCodeIgniter(Object(CodeIgniter\CodeIgniter))
 9 FCPATH\index.php(55): CodeIgniter\Boot::bootWeb(Object(Config\Paths))
10 SYSTEMPATH\Commands\Server\rewrite.php(49): require_once('C:\\xampp\\htdocs\\crud-structured\\public\\index.php')
CRITICAL - 2024-07-01 11:34:32 --> ErrorException: foreach() argument must be of type array|object, int given
[Method: GET, Route: Curl/post]
in APPPATH\Helpers\curl_helper.php on line 218.
 1 APPPATH\Helpers\curl_helper.php(218): CodeIgniter\Debug\Exceptions->errorHandler(2, 'foreach() argument must be of type array|object, int given', 'C:\\xampp\\htdocs\\crud-structured\\app\\Helpers\\curl_helper.php', 218)
 2 APPPATH\Helpers\curl_helper.php(35): maxRedirect(10)
 3 APPPATH\Controllers\Curl.php(86): curlSetOptPost([...])
 4 SYSTEMPATH\CodeIgniter.php(933): App\Controllers\Curl->post()
 5 SYSTEMPATH\CodeIgniter.php(509): CodeIgniter\CodeIgniter->runController(Object(App\Controllers\Curl))
 6 SYSTEMPATH\CodeIgniter.php(355): CodeIgniter\CodeIgniter->handleRequest(null, Object(Config\Cache), false)
 7 SYSTEMPATH\Boot.php(312): CodeIgniter\CodeIgniter->run()
 8 SYSTEMPATH\Boot.php(67): CodeIgniter\Boot::runCodeIgniter(Object(CodeIgniter\CodeIgniter))
 9 FCPATH\index.php(55): CodeIgniter\Boot::bootWeb(Object(Config\Paths))
10 SYSTEMPATH\Commands\Server\rewrite.php(49): require_once('C:\\xampp\\htdocs\\crud-structured\\public\\index.php')
CRITICAL - 2024-07-01 11:34:57 --> ErrorException: foreach() argument must be of type array|object, int given
[Method: GET, Route: Curl/post]
in APPPATH\Helpers\curl_helper.php on line 218.
 1 APPPATH\Helpers\curl_helper.php(218): CodeIgniter\Debug\Exceptions->errorHandler(2, 'foreach() argument must be of type array|object, int given', 'C:\\xampp\\htdocs\\crud-structured\\app\\Helpers\\curl_helper.php', 218)
 2 APPPATH\Helpers\curl_helper.php(35): maxRedirect(10)
 3 APPPATH\Controllers\Curl.php(86): curlSetOptPost([...])
 4 SYSTEMPATH\CodeIgniter.php(933): App\Controllers\Curl->post()
 5 SYSTEMPATH\CodeIgniter.php(509): CodeIgniter\CodeIgniter->runController(Object(App\Controllers\Curl))
 6 SYSTEMPATH\CodeIgniter.php(355): CodeIgniter\CodeIgniter->handleRequest(null, Object(Config\Cache), false)
 7 SYSTEMPATH\Boot.php(312): CodeIgniter\CodeIgniter->run()
 8 SYSTEMPATH\Boot.php(67): CodeIgniter\Boot::runCodeIgniter(Object(CodeIgniter\CodeIgniter))
 9 FCPATH\index.php(55): CodeIgniter\Boot::bootWeb(Object(Config\Paths))
10 SYSTEMPATH\Commands\Server\rewrite.php(49): require_once('C:\\xampp\\htdocs\\crud-structured\\public\\index.php')
CRITICAL - 2024-07-01 11:34:58 --> ErrorException: foreach() argument must be of type array|object, int given
[Method: GET, Route: Curl/post]
in APPPATH\Helpers\curl_helper.php on line 218.
 1 APPPATH\Helpers\curl_helper.php(218): CodeIgniter\Debug\Exceptions->errorHandler(2, 'foreach() argument must be of type array|object, int given', 'C:\\xampp\\htdocs\\crud-structured\\app\\Helpers\\curl_helper.php', 218)
 2 APPPATH\Helpers\curl_helper.php(35): maxRedirect(10)
 3 APPPATH\Controllers\Curl.php(86): curlSetOptPost([...])
 4 SYSTEMPATH\CodeIgniter.php(933): App\Controllers\Curl->post()
 5 SYSTEMPATH\CodeIgniter.php(509): CodeIgniter\CodeIgniter->runController(Object(App\Controllers\Curl))
 6 SYSTEMPATH\CodeIgniter.php(355): CodeIgniter\CodeIgniter->handleRequest(null, Object(Config\Cache), false)
 7 SYSTEMPATH\Boot.php(312): CodeIgniter\CodeIgniter->run()
 8 SYSTEMPATH\Boot.php(67): CodeIgniter\Boot::runCodeIgniter(Object(CodeIgniter\CodeIgniter))
 9 FCPATH\index.php(55): CodeIgniter\Boot::bootWeb(Object(Config\Paths))
10 SYSTEMPATH\Commands\Server\rewrite.php(49): require_once('C:\\xampp\\htdocs\\crud-structured\\public\\index.php')
CRITICAL - 2024-07-01 11:34:59 --> ErrorException: foreach() argument must be of type array|object, int given
[Method: GET, Route: Curl/post]
in APPPATH\Helpers\curl_helper.php on line 218.
 1 APPPATH\Helpers\curl_helper.php(218): CodeIgniter\Debug\Exceptions->errorHandler(2, 'foreach() argument must be of type array|object, int given', 'C:\\xampp\\htdocs\\crud-structured\\app\\Helpers\\curl_helper.php', 218)
 2 APPPATH\Helpers\curl_helper.php(35): maxRedirect(10)
 3 APPPATH\Controllers\Curl.php(86): curlSetOptPost([...])
 4 SYSTEMPATH\CodeIgniter.php(933): App\Controllers\Curl->post()
 5 SYSTEMPATH\CodeIgniter.php(509): CodeIgniter\CodeIgniter->runController(Object(App\Controllers\Curl))
 6 SYSTEMPATH\CodeIgniter.php(355): CodeIgniter\CodeIgniter->handleRequest(null, Object(Config\Cache), false)
 7 SYSTEMPATH\Boot.php(312): CodeIgniter\CodeIgniter->run()
 8 SYSTEMPATH\Boot.php(67): CodeIgniter\Boot::runCodeIgniter(Object(CodeIgniter\CodeIgniter))
 9 FCPATH\index.php(55): CodeIgniter\Boot::bootWeb(Object(Config\Paths))
10 SYSTEMPATH\Commands\Server\rewrite.php(49): require_once('C:\\xampp\\htdocs\\crud-structured\\public\\index.php')
CRITICAL - 2024-07-01 11:34:59 --> ErrorException: foreach() argument must be of type array|object, int given
[Method: GET, Route: Curl/post]
in APPPATH\Helpers\curl_helper.php on line 218.
 1 APPPATH\Helpers\curl_helper.php(218): CodeIgniter\Debug\Exceptions->errorHandler(2, 'foreach() argument must be of type array|object, int given', 'C:\\xampp\\htdocs\\crud-structured\\app\\Helpers\\curl_helper.php', 218)
 2 APPPATH\Helpers\curl_helper.php(35): maxRedirect(10)
 3 APPPATH\Controllers\Curl.php(86): curlSetOptPost([...])
 4 SYSTEMPATH\CodeIgniter.php(933): App\Controllers\Curl->post()
 5 SYSTEMPATH\CodeIgniter.php(509): CodeIgniter\CodeIgniter->runController(Object(App\Controllers\Curl))
 6 SYSTEMPATH\CodeIgniter.php(355): CodeIgniter\CodeIgniter->handleRequest(null, Object(Config\Cache), false)
 7 SYSTEMPATH\Boot.php(312): CodeIgniter\CodeIgniter->run()
 8 SYSTEMPATH\Boot.php(67): CodeIgniter\Boot::runCodeIgniter(Object(CodeIgniter\CodeIgniter))
 9 FCPATH\index.php(55): CodeIgniter\Boot::bootWeb(Object(Config\Paths))
10 SYSTEMPATH\Commands\Server\rewrite.php(49): require_once('C:\\xampp\\htdocs\\crud-structured\\public\\index.php')
CRITICAL - 2024-07-01 11:35:02 --> ErrorException: foreach() argument must be of type array|object, int given
[Method: GET, Route: Curl/post]
in APPPATH\Helpers\curl_helper.php on line 218.
 1 APPPATH\Helpers\curl_helper.php(218): CodeIgniter\Debug\Exceptions->errorHandler(2, 'foreach() argument must be of type array|object, int given', 'C:\\xampp\\htdocs\\crud-structured\\app\\Helpers\\curl_helper.php', 218)
 2 APPPATH\Helpers\curl_helper.php(35): maxRedirect(10)
 3 APPPATH\Controllers\Curl.php(86): curlSetOptPost([...])
 4 SYSTEMPATH\CodeIgniter.php(933): App\Controllers\Curl->post()
 5 SYSTEMPATH\CodeIgniter.php(509): CodeIgniter\CodeIgniter->runController(Object(App\Controllers\Curl))
 6 SYSTEMPATH\CodeIgniter.php(355): CodeIgniter\CodeIgniter->handleRequest(null, Object(Config\Cache), false)
 7 SYSTEMPATH\Boot.php(312): CodeIgniter\CodeIgniter->run()
 8 SYSTEMPATH\Boot.php(67): CodeIgniter\Boot::runCodeIgniter(Object(CodeIgniter\CodeIgniter))
 9 FCPATH\index.php(55): CodeIgniter\Boot::bootWeb(Object(Config\Paths))
10 SYSTEMPATH\Commands\Server\rewrite.php(49): require_once('C:\\xampp\\htdocs\\crud-structured\\public\\index.php')
CRITICAL - 2024-07-01 11:38:00 --> ErrorException: foreach() argument must be of type array|object, int given
[Method: GET, Route: Curl/post]
in APPPATH\Helpers\curl_helper.php on line 217.
 1 APPPATH\Helpers\curl_helper.php(217): CodeIgniter\Debug\Exceptions->errorHandler(2, 'foreach() argument must be of type array|object, int given', 'C:\\xampp\\htdocs\\crud-structured\\app\\Helpers\\curl_helper.php', 217)
 2 APPPATH\Helpers\curl_helper.php(35): maxRedirect(10)
 3 APPPATH\Controllers\Curl.php(86): curlSetOptPost([...])
 4 SYSTEMPATH\CodeIgniter.php(933): App\Controllers\Curl->post()
 5 SYSTEMPATH\CodeIgniter.php(509): CodeIgniter\CodeIgniter->runController(Object(App\Controllers\Curl))
 6 SYSTEMPATH\CodeIgniter.php(355): CodeIgniter\CodeIgniter->handleRequest(null, Object(Config\Cache), false)
 7 SYSTEMPATH\Boot.php(312): CodeIgniter\CodeIgniter->run()
 8 SYSTEMPATH\Boot.php(67): CodeIgniter\Boot::runCodeIgniter(Object(CodeIgniter\CodeIgniter))
 9 FCPATH\index.php(55): CodeIgniter\Boot::bootWeb(Object(Config\Paths))
10 SYSTEMPATH\Commands\Server\rewrite.php(49): require_once('C:\\xampp\\htdocs\\crud-structured\\public\\index.php')
CRITICAL - 2024-07-01 14:08:09 --> ErrorException: Array to string conversion
[Method: POST, Route: Curl/post]
in APPPATH\Helpers\curl_helper.php on line 70.
 1 APPPATH\Helpers\curl_helper.php(70): CodeIgniter\Debug\Exceptions->errorHandler(2, 'Array to string conversion', 'C:\\xampp\\htdocs\\crud-structured\\app\\Helpers\\curl_helper.php', 70)
 2 APPPATH\Controllers\Curl.php(89): curlSetOptPost(Object(CurlHandle))
 3 SYSTEMPATH\CodeIgniter.php(933): App\Controllers\Curl->post()
 4 SYSTEMPATH\CodeIgniter.php(509): CodeIgniter\CodeIgniter->runController(Object(App\Controllers\Curl))
 5 SYSTEMPATH\CodeIgniter.php(355): CodeIgniter\CodeIgniter->handleRequest(null, Object(Config\Cache), false)
 6 SYSTEMPATH\Boot.php(312): CodeIgniter\CodeIgniter->run()
 7 SYSTEMPATH\Boot.php(67): CodeIgniter\Boot::runCodeIgniter(Object(CodeIgniter\CodeIgniter))
 8 FCPATH\index.php(55): CodeIgniter\Boot::bootWeb(Object(Config\Paths))
 9 SYSTEMPATH\Commands\Server\rewrite.php(49): require_once('C:\\xampp\\htdocs\\crud-structured\\public\\index.php')
CRITICAL - 2024-07-01 14:08:14 --> ErrorException: Array to string conversion
[Method: POST, Route: Curl/post]
in APPPATH\Helpers\curl_helper.php on line 70.
 1 APPPATH\Helpers\curl_helper.php(70): CodeIgniter\Debug\Exceptions->errorHandler(2, 'Array to string conversion', 'C:\\xampp\\htdocs\\crud-structured\\app\\Helpers\\curl_helper.php', 70)
 2 APPPATH\Controllers\Curl.php(89): curlSetOptPost(Object(CurlHandle))
 3 SYSTEMPATH\CodeIgniter.php(933): App\Controllers\Curl->post()
 4 SYSTEMPATH\CodeIgniter.php(509): CodeIgniter\CodeIgniter->runController(Object(App\Controllers\Curl))
 5 SYSTEMPATH\CodeIgniter.php(355): CodeIgniter\CodeIgniter->handleRequest(null, Object(Config\Cache), false)
 6 SYSTEMPATH\Boot.php(312): CodeIgniter\CodeIgniter->run()
 7 SYSTEMPATH\Boot.php(67): CodeIgniter\Boot::runCodeIgniter(Object(CodeIgniter\CodeIgniter))
 8 FCPATH\index.php(55): CodeIgniter\Boot::bootWeb(Object(Config\Paths))
 9 SYSTEMPATH\Commands\Server\rewrite.php(49): require_once('C:\\xampp\\htdocs\\crud-structured\\public\\index.php')
CRITICAL - 2024-07-01 14:08:15 --> ErrorException: Array to string conversion
[Method: POST, Route: Curl/post]
in APPPATH\Helpers\curl_helper.php on line 70.
 1 APPPATH\Helpers\curl_helper.php(70): CodeIgniter\Debug\Exceptions->errorHandler(2, 'Array to string conversion', 'C:\\xampp\\htdocs\\crud-structured\\app\\Helpers\\curl_helper.php', 70)
 2 APPPATH\Controllers\Curl.php(89): curlSetOptPost(Object(CurlHandle))
 3 SYSTEMPATH\CodeIgniter.php(933): App\Controllers\Curl->post()
 4 SYSTEMPATH\CodeIgniter.php(509): CodeIgniter\CodeIgniter->runController(Object(App\Controllers\Curl))
 5 SYSTEMPATH\CodeIgniter.php(355): CodeIgniter\CodeIgniter->handleRequest(null, Object(Config\Cache), false)
 6 SYSTEMPATH\Boot.php(312): CodeIgniter\CodeIgniter->run()
 7 SYSTEMPATH\Boot.php(67): CodeIgniter\Boot::runCodeIgniter(Object(CodeIgniter\CodeIgniter))
 8 FCPATH\index.php(55): CodeIgniter\Boot::bootWeb(Object(Config\Paths))
 9 SYSTEMPATH\Commands\Server\rewrite.php(49): require_once('C:\\xampp\\htdocs\\crud-structured\\public\\index.php')
CRITICAL - 2024-07-01 14:08:15 --> ErrorException: Array to string conversion
[Method: POST, Route: Curl/post]
in APPPATH\Helpers\curl_helper.php on line 70.
 1 APPPATH\Helpers\curl_helper.php(70): CodeIgniter\Debug\Exceptions->errorHandler(2, 'Array to string conversion', 'C:\\xampp\\htdocs\\crud-structured\\app\\Helpers\\curl_helper.php', 70)
 2 APPPATH\Controllers\Curl.php(89): curlSetOptPost(Object(CurlHandle))
 3 SYSTEMPATH\CodeIgniter.php(933): App\Controllers\Curl->post()
 4 SYSTEMPATH\CodeIgniter.php(509): CodeIgniter\CodeIgniter->runController(Object(App\Controllers\Curl))
 5 SYSTEMPATH\CodeIgniter.php(355): CodeIgniter\CodeIgniter->handleRequest(null, Object(Config\Cache), false)
 6 SYSTEMPATH\Boot.php(312): CodeIgniter\CodeIgniter->run()
 7 SYSTEMPATH\Boot.php(67): CodeIgniter\Boot::runCodeIgniter(Object(CodeIgniter\CodeIgniter))
 8 FCPATH\index.php(55): CodeIgniter\Boot::bootWeb(Object(Config\Paths))
 9 SYSTEMPATH\Commands\Server\rewrite.php(49): require_once('C:\\xampp\\htdocs\\crud-structured\\public\\index.php')
CRITICAL - 2024-07-01 14:08:32 --> ErrorException: Array to string conversion
[Method: POST, Route: Curl/post]
in APPPATH\Helpers\curl_helper.php on line 70.
 1 APPPATH\Helpers\curl_helper.php(70): CodeIgniter\Debug\Exceptions->errorHandler(2, 'Array to string conversion', 'C:\\xampp\\htdocs\\crud-structured\\app\\Helpers\\curl_helper.php', 70)
 2 APPPATH\Controllers\Curl.php(89): curlSetOptPost(Object(CurlHandle))
 3 SYSTEMPATH\CodeIgniter.php(933): App\Controllers\Curl->post()
 4 SYSTEMPATH\CodeIgniter.php(509): CodeIgniter\CodeIgniter->runController(Object(App\Controllers\Curl))
 5 SYSTEMPATH\CodeIgniter.php(355): CodeIgniter\CodeIgniter->handleRequest(null, Object(Config\Cache), false)
 6 SYSTEMPATH\Boot.php(312): CodeIgniter\CodeIgniter->run()
 7 SYSTEMPATH\Boot.php(67): CodeIgniter\Boot::runCodeIgniter(Object(CodeIgniter\CodeIgniter))
 8 FCPATH\index.php(55): CodeIgniter\Boot::bootWeb(Object(Config\Paths))
 9 SYSTEMPATH\Commands\Server\rewrite.php(49): require_once('C:\\xampp\\htdocs\\crud-structured\\public\\index.php')
CRITICAL - 2024-07-01 14:08:33 --> ErrorException: Array to string conversion
[Method: POST, Route: Curl/post]
in APPPATH\Helpers\curl_helper.php on line 70.
 1 APPPATH\Helpers\curl_helper.php(70): CodeIgniter\Debug\Exceptions->errorHandler(2, 'Array to string conversion', 'C:\\xampp\\htdocs\\crud-structured\\app\\Helpers\\curl_helper.php', 70)
 2 APPPATH\Controllers\Curl.php(89): curlSetOptPost(Object(CurlHandle))
 3 SYSTEMPATH\CodeIgniter.php(933): App\Controllers\Curl->post()
 4 SYSTEMPATH\CodeIgniter.php(509): CodeIgniter\CodeIgniter->runController(Object(App\Controllers\Curl))
 5 SYSTEMPATH\CodeIgniter.php(355): CodeIgniter\CodeIgniter->handleRequest(null, Object(Config\Cache), false)
 6 SYSTEMPATH\Boot.php(312): CodeIgniter\CodeIgniter->run()
 7 SYSTEMPATH\Boot.php(67): CodeIgniter\Boot::runCodeIgniter(Object(CodeIgniter\CodeIgniter))
 8 FCPATH\index.php(55): CodeIgniter\Boot::bootWeb(Object(Config\Paths))
 9 SYSTEMPATH\Commands\Server\rewrite.php(49): require_once('C:\\xampp\\htdocs\\crud-structured\\public\\index.php')
CRITICAL - 2024-07-01 14:08:34 --> ErrorException: Array to string conversion
[Method: POST, Route: Curl/post]
in APPPATH\Helpers\curl_helper.php on line 70.
 1 APPPATH\Helpers\curl_helper.php(70): CodeIgniter\Debug\Exceptions->errorHandler(2, 'Array to string conversion', 'C:\\xampp\\htdocs\\crud-structured\\app\\Helpers\\curl_helper.php', 70)
 2 APPPATH\Controllers\Curl.php(89): curlSetOptPost(Object(CurlHandle))
 3 SYSTEMPATH\CodeIgniter.php(933): App\Controllers\Curl->post()
 4 SYSTEMPATH\CodeIgniter.php(509): CodeIgniter\CodeIgniter->runController(Object(App\Controllers\Curl))
 5 SYSTEMPATH\CodeIgniter.php(355): CodeIgniter\CodeIgniter->handleRequest(null, Object(Config\Cache), false)
 6 SYSTEMPATH\Boot.php(312): CodeIgniter\CodeIgniter->run()
 7 SYSTEMPATH\Boot.php(67): CodeIgniter\Boot::runCodeIgniter(Object(CodeIgniter\CodeIgniter))
 8 FCPATH\index.php(55): CodeIgniter\Boot::bootWeb(Object(Config\Paths))
 9 SYSTEMPATH\Commands\Server\rewrite.php(49): require_once('C:\\xampp\\htdocs\\crud-structured\\public\\index.php')
CRITICAL - 2024-07-01 14:08:42 --> ErrorException: Array to string conversion
[Method: POST, Route: Curl/post]
in APPPATH\Helpers\curl_helper.php on line 70.
 1 APPPATH\Helpers\curl_helper.php(70): CodeIgniter\Debug\Exceptions->errorHandler(2, 'Array to string conversion', 'C:\\xampp\\htdocs\\crud-structured\\app\\Helpers\\curl_helper.php', 70)
 2 APPPATH\Controllers\Curl.php(89): curlSetOptPost(Object(CurlHandle))
 3 SYSTEMPATH\CodeIgniter.php(933): App\Controllers\Curl->post()
 4 SYSTEMPATH\CodeIgniter.php(509): CodeIgniter\CodeIgniter->runController(Object(App\Controllers\Curl))
 5 SYSTEMPATH\CodeIgniter.php(355): CodeIgniter\CodeIgniter->handleRequest(null, Object(Config\Cache), false)
 6 SYSTEMPATH\Boot.php(312): CodeIgniter\CodeIgniter->run()
 7 SYSTEMPATH\Boot.php(67): CodeIgniter\Boot::runCodeIgniter(Object(CodeIgniter\CodeIgniter))
 8 FCPATH\index.php(55): CodeIgniter\Boot::bootWeb(Object(Config\Paths))
 9 SYSTEMPATH\Commands\Server\rewrite.php(49): require_once('C:\\xampp\\htdocs\\crud-structured\\public\\index.php')
CRITICAL - 2024-07-01 14:26:13 --> ErrorException: Array to string conversion
[Method: GET, Route: Curl/get]
in APPPATH\Helpers\curl_helper.php on line 142.
 1 APPPATH\Helpers\curl_helper.php(142): CodeIgniter\Debug\Exceptions->errorHandler(2, 'Array to string conversion', 'C:\\xampp\\htdocs\\crud-structured\\app\\Helpers\\curl_helper.php', 142)
 2 APPPATH\Controllers\Curl.php(67): curlSetOptGet(Object(CurlHandle))
 3 SYSTEMPATH\CodeIgniter.php(933): App\Controllers\Curl->get()
 4 SYSTEMPATH\CodeIgniter.php(509): CodeIgniter\CodeIgniter->runController(Object(App\Controllers\Curl))
 5 SYSTEMPATH\CodeIgniter.php(355): CodeIgniter\CodeIgniter->handleRequest(null, Object(Config\Cache), false)
 6 SYSTEMPATH\Boot.php(312): CodeIgniter\CodeIgniter->run()
 7 SYSTEMPATH\Boot.php(67): CodeIgniter\Boot::runCodeIgniter(Object(CodeIgniter\CodeIgniter))
 8 FCPATH\index.php(55): CodeIgniter\Boot::bootWeb(Object(Config\Paths))
 9 SYSTEMPATH\Commands\Server\rewrite.php(49): require_once('C:\\xampp\\htdocs\\crud-structured\\public\\index.php')
CRITICAL - 2024-07-01 14:27:51 --> ErrorException: Undefined variable $paramStatus
[Method: GET, Route: Curl/get]
in APPPATH\Helpers\curl_helper.php on line 115.
 1 APPPATH\Helpers\curl_helper.php(115): CodeIgniter\Debug\Exceptions->errorHandler(2, 'Undefined variable $paramStatus', 'C:\\xampp\\htdocs\\crud-structured\\app\\Helpers\\curl_helper.php', 115)
 2 APPPATH\Controllers\Curl.php(67): curlSetOptGet([...])
 3 SYSTEMPATH\CodeIgniter.php(933): App\Controllers\Curl->get()
 4 SYSTEMPATH\CodeIgniter.php(509): CodeIgniter\CodeIgniter->runController(Object(App\Controllers\Curl))
 5 SYSTEMPATH\CodeIgniter.php(355): CodeIgniter\CodeIgniter->handleRequest(null, Object(Config\Cache), false)
 6 SYSTEMPATH\Boot.php(312): CodeIgniter\CodeIgniter->run()
 7 SYSTEMPATH\Boot.php(67): CodeIgniter\Boot::runCodeIgniter(Object(CodeIgniter\CodeIgniter))
 8 FCPATH\index.php(55): CodeIgniter\Boot::bootWeb(Object(Config\Paths))
 9 SYSTEMPATH\Commands\Server\rewrite.php(49): require_once('C:\\xampp\\htdocs\\crud-structured\\public\\index.php')
CRITICAL - 2024-07-01 14:32:29 --> ErrorException: foreach() argument must be of type array|object, string given
[Method: GET, Route: Curl/get]
in APPPATH\Helpers\curl_helper.php on line 184.
 1 APPPATH\Helpers\curl_helper.php(184): CodeIgniter\Debug\Exceptions->errorHandler(2, 'foreach() argument must be of type array|object, string given', 'C:\\xampp\\htdocs\\crud-structured\\app\\Helpers\\curl_helper.php', 184)
 2 APPPATH\Helpers\curl_helper.php(113): endPoint('admin/Product/index')
 3 APPPATH\Controllers\Curl.php(67): curlSetOptGet([...])
 4 SYSTEMPATH\CodeIgniter.php(933): App\Controllers\Curl->get()
 5 SYSTEMPATH\CodeIgniter.php(509): CodeIgniter\CodeIgniter->runController(Object(App\Controllers\Curl))
 6 SYSTEMPATH\CodeIgniter.php(355): CodeIgniter\CodeIgniter->handleRequest(null, Object(Config\Cache), false)
 7 SYSTEMPATH\Boot.php(312): CodeIgniter\CodeIgniter->run()
 8 SYSTEMPATH\Boot.php(67): CodeIgniter\Boot::runCodeIgniter(Object(CodeIgniter\CodeIgniter))
 9 FCPATH\index.php(55): CodeIgniter\Boot::bootWeb(Object(Config\Paths))
10 SYSTEMPATH\Commands\Server\rewrite.php(49): require_once('C:\\xampp\\htdocs\\crud-structured\\public\\index.php')
CRITICAL - 2024-07-01 14:32:31 --> ErrorException: foreach() argument must be of type array|object, string given
[Method: GET, Route: Curl/get]
in APPPATH\Helpers\curl_helper.php on line 184.
 1 APPPATH\Helpers\curl_helper.php(184): CodeIgniter\Debug\Exceptions->errorHandler(2, 'foreach() argument must be of type array|object, string given', 'C:\\xampp\\htdocs\\crud-structured\\app\\Helpers\\curl_helper.php', 184)
 2 APPPATH\Helpers\curl_helper.php(113): endPoint('admin/Product/index')
 3 APPPATH\Controllers\Curl.php(67): curlSetOptGet([...])
 4 SYSTEMPATH\CodeIgniter.php(933): App\Controllers\Curl->get()
 5 SYSTEMPATH\CodeIgniter.php(509): CodeIgniter\CodeIgniter->runController(Object(App\Controllers\Curl))
 6 SYSTEMPATH\CodeIgniter.php(355): CodeIgniter\CodeIgniter->handleRequest(null, Object(Config\Cache), false)
 7 SYSTEMPATH\Boot.php(312): CodeIgniter\CodeIgniter->run()
 8 SYSTEMPATH\Boot.php(67): CodeIgniter\Boot::runCodeIgniter(Object(CodeIgniter\CodeIgniter))
 9 FCPATH\index.php(55): CodeIgniter\Boot::bootWeb(Object(Config\Paths))
10 SYSTEMPATH\Commands\Server\rewrite.php(49): require_once('C:\\xampp\\htdocs\\crud-structured\\public\\index.php')
CRITICAL - 2024-07-01 14:35:58 --> ErrorException: foreach() argument must be of type array|object, bool given
[Method: GET, Route: Curl/get]
in APPPATH\Helpers\curl_helper.php on line 206.
 1 APPPATH\Helpers\curl_helper.php(206): CodeIgniter\Debug\Exceptions->errorHandler(2, 'foreach() argument must be of type array|object, bool given', 'C:\\xampp\\htdocs\\crud-structured\\app\\Helpers\\curl_helper.php', 206)
 2 APPPATH\Helpers\curl_helper.php(120): pagination(true, false)
 3 APPPATH\Controllers\Curl.php(67): curlSetOptGet([...])
 4 SYSTEMPATH\CodeIgniter.php(933): App\Controllers\Curl->get()
 5 SYSTEMPATH\CodeIgniter.php(509): CodeIgniter\CodeIgniter->runController(Object(App\Controllers\Curl))
 6 SYSTEMPATH\CodeIgniter.php(355): CodeIgniter\CodeIgniter->handleRequest(null, Object(Config\Cache), false)
 7 SYSTEMPATH\Boot.php(312): CodeIgniter\CodeIgniter->run()
 8 SYSTEMPATH\Boot.php(67): CodeIgniter\Boot::runCodeIgniter(Object(CodeIgniter\CodeIgniter))
 9 FCPATH\index.php(55): CodeIgniter\Boot::bootWeb(Object(Config\Paths))
10 SYSTEMPATH\Commands\Server\rewrite.php(49): require_once('C:\\xampp\\htdocs\\crud-structured\\public\\index.php')
CRITICAL - 2024-07-01 14:36:00 --> ErrorException: foreach() argument must be of type array|object, bool given
[Method: GET, Route: Curl/get]
in APPPATH\Helpers\curl_helper.php on line 206.
 1 APPPATH\Helpers\curl_helper.php(206): CodeIgniter\Debug\Exceptions->errorHandler(2, 'foreach() argument must be of type array|object, bool given', 'C:\\xampp\\htdocs\\crud-structured\\app\\Helpers\\curl_helper.php', 206)
 2 APPPATH\Helpers\curl_helper.php(120): pagination(true, false)
 3 APPPATH\Controllers\Curl.php(67): curlSetOptGet([...])
 4 SYSTEMPATH\CodeIgniter.php(933): App\Controllers\Curl->get()
 5 SYSTEMPATH\CodeIgniter.php(509): CodeIgniter\CodeIgniter->runController(Object(App\Controllers\Curl))
 6 SYSTEMPATH\CodeIgniter.php(355): CodeIgniter\CodeIgniter->handleRequest(null, Object(Config\Cache), false)
 7 SYSTEMPATH\Boot.php(312): CodeIgniter\CodeIgniter->run()
 8 SYSTEMPATH\Boot.php(67): CodeIgniter\Boot::runCodeIgniter(Object(CodeIgniter\CodeIgniter))
 9 FCPATH\index.php(55): CodeIgniter\Boot::bootWeb(Object(Config\Paths))
10 SYSTEMPATH\Commands\Server\rewrite.php(49): require_once('C:\\xampp\\htdocs\\crud-structured\\public\\index.php')
CRITICAL - 2024-07-01 14:45:03 --> ArgumentCountError: print_r() expects at most 2 arguments, 4 given
[Method: GET, Route: Curl/get]
in APPPATH\Helpers\curl_helper.php on line 147.
 1 APPPATH\Helpers\curl_helper.php(147): print_r('https://pitekapi.000webhostapp.com/', 'ListPublic/listProduct', '', false)
 2 APPPATH\Controllers\Curl.php(67): curlSetOptGet([...])
 3 SYSTEMPATH\CodeIgniter.php(933): App\Controllers\Curl->get()
 4 SYSTEMPATH\CodeIgniter.php(509): CodeIgniter\CodeIgniter->runController(Object(App\Controllers\Curl))
 5 SYSTEMPATH\CodeIgniter.php(355): CodeIgniter\CodeIgniter->handleRequest(null, Object(Config\Cache), false)
 6 SYSTEMPATH\Boot.php(312): CodeIgniter\CodeIgniter->run()
 7 SYSTEMPATH\Boot.php(67): CodeIgniter\Boot::runCodeIgniter(Object(CodeIgniter\CodeIgniter))
 8 FCPATH\index.php(55): CodeIgniter\Boot::bootWeb(Object(Config\Paths))
 9 SYSTEMPATH\Commands\Server\rewrite.php(49): require_once('C:\\xampp\\htdocs\\crud-structured\\public\\index.php')
CRITICAL - 2024-07-01 14:45:04 --> ArgumentCountError: print_r() expects at most 2 arguments, 4 given
[Method: GET, Route: Curl/get]
in APPPATH\Helpers\curl_helper.php on line 147.
 1 APPPATH\Helpers\curl_helper.php(147): print_r('https://pitekapi.000webhostapp.com/', 'ListPublic/listProduct', '', false)
 2 APPPATH\Controllers\Curl.php(67): curlSetOptGet([...])
 3 SYSTEMPATH\CodeIgniter.php(933): App\Controllers\Curl->get()
 4 SYSTEMPATH\CodeIgniter.php(509): CodeIgniter\CodeIgniter->runController(Object(App\Controllers\Curl))
 5 SYSTEMPATH\CodeIgniter.php(355): CodeIgniter\CodeIgniter->handleRequest(null, Object(Config\Cache), false)
 6 SYSTEMPATH\Boot.php(312): CodeIgniter\CodeIgniter->run()
 7 SYSTEMPATH\Boot.php(67): CodeIgniter\Boot::runCodeIgniter(Object(CodeIgniter\CodeIgniter))
 8 FCPATH\index.php(55): CodeIgniter\Boot::bootWeb(Object(Config\Paths))
 9 SYSTEMPATH\Commands\Server\rewrite.php(49): require_once('C:\\xampp\\htdocs\\crud-structured\\public\\index.php')
CRITICAL - 2024-07-01 15:27:49 --> ParseError: syntax error, unexpected token ")", expecting variable or "{" or "$"
[Method: GET, Route: Curl/get]
in APPPATH\Helpers\curl_helper.php on line 199.
 1 SYSTEMPATH\Controller.php(93): helper([...])
 2 APPPATH\Controllers\Core\BaseController.php(53): CodeIgniter\Controller->initController(Object(CodeIgniter\HTTP\IncomingRequest), Object(CodeIgniter\HTTP\Response), Object(CodeIgniter\Log\Logger))
 3 APPPATH\Controllers\Core\DataController.php(18): App\Controllers\Core\BaseController->initController(Object(CodeIgniter\HTTP\IncomingRequest), Object(CodeIgniter\HTTP\Response), Object(CodeIgniter\Log\Logger))
 4 SYSTEMPATH\CodeIgniter.php(904): App\Controllers\Core\DataController->initController(Object(CodeIgniter\HTTP\IncomingRequest), Object(CodeIgniter\HTTP\Response), Object(CodeIgniter\Log\Logger))
 5 SYSTEMPATH\CodeIgniter.php(500): CodeIgniter\CodeIgniter->createController()
 6 SYSTEMPATH\CodeIgniter.php(355): CodeIgniter\CodeIgniter->handleRequest(null, Object(Config\Cache), false)
 7 SYSTEMPATH\Boot.php(312): CodeIgniter\CodeIgniter->run()
 8 SYSTEMPATH\Boot.php(67): CodeIgniter\Boot::runCodeIgniter(Object(CodeIgniter\CodeIgniter))
 9 FCPATH\index.php(55): CodeIgniter\Boot::bootWeb(Object(Config\Paths))
10 SYSTEMPATH\Commands\Server\rewrite.php(49): require_once('C:\\xampp\\htdocs\\crud-structured\\public\\index.php')
