CRITICAL - 2024-07-23 14:29:11 --> ErrorException: Undefined array key ""
[Method: GET, Route: export/export_excel]
in APPPATH\Controllers\Export.php on line 78.
 1 APPPATH\Controllers\Export.php(78): CodeIgniter\Debug\Exceptions->errorHandler(2, 'Undefined array key ""', 'C:\\wamp64\\www\\crud-structured\\app\\Controllers\\Export.php', 78)
 2 SYSTEMPATH\CodeIgniter.php(933): App\Controllers\Export->export_excel()
 3 SYSTEMPATH\CodeIgniter.php(509): CodeIgniter\CodeIgniter->runController(Object(App\Controllers\Export))
 4 SYSTEMPATH\CodeIgniter.php(355): CodeIgniter\CodeIgniter->handleRequest(null, Object(Config\Cache), false)
 5 SYSTEMPATH\Boot.php(312): CodeIgniter\CodeIgniter->run()
 6 SYSTEMPATH\Boot.php(67): CodeIgniter\Boot::runCodeIgniter(Object(CodeIgniter\CodeIgniter))
 7 FCPATH\index.php(55): CodeIgniter\Boot::bootWeb(Object(Config\Paths))
 8 SYSTEMPATH\Commands\Server\rewrite.php(49): require_once('C:\\wamp64\\www\\crud-structured\\public\\index.php')
CRITICAL - 2024-07-23 14:29:11 --> ErrorException: Undefined array key ""
[Method: GET, Route: export/export_excel]
in APPPATH\Controllers\Export.php on line 78.
 1 APPPATH\Controllers\Export.php(78): CodeIgniter\Debug\Exceptions->errorHandler(2, 'Undefined array key ""', 'C:\\wamp64\\www\\crud-structured\\app\\Controllers\\Export.php', 78)
 2 SYSTEMPATH\CodeIgniter.php(933): App\Controllers\Export->export_excel()
 3 SYSTEMPATH\CodeIgniter.php(509): CodeIgniter\CodeIgniter->runController(Object(App\Controllers\Export))
 4 SYSTEMPATH\CodeIgniter.php(355): CodeIgniter\CodeIgniter->handleRequest(null, Object(Config\Cache), false)
 5 SYSTEMPATH\Boot.php(312): CodeIgniter\CodeIgniter->run()
 6 SYSTEMPATH\Boot.php(67): CodeIgniter\Boot::runCodeIgniter(Object(CodeIgniter\CodeIgniter))
 7 FCPATH\index.php(55): CodeIgniter\Boot::bootWeb(Object(Config\Paths))
 8 SYSTEMPATH\Commands\Server\rewrite.php(49): require_once('C:\\wamp64\\www\\crud-structured\\public\\index.php')
CRITICAL - 2024-07-23 14:29:12 --> ErrorException: Undefined array key ""
[Method: GET, Route: export/export_excel]
in APPPATH\Controllers\Export.php on line 78.
 1 APPPATH\Controllers\Export.php(78): CodeIgniter\Debug\Exceptions->errorHandler(2, 'Undefined array key ""', 'C:\\wamp64\\www\\crud-structured\\app\\Controllers\\Export.php', 78)
 2 SYSTEMPATH\CodeIgniter.php(933): App\Controllers\Export->export_excel()
 3 SYSTEMPATH\CodeIgniter.php(509): CodeIgniter\CodeIgniter->runController(Object(App\Controllers\Export))
 4 SYSTEMPATH\CodeIgniter.php(355): CodeIgniter\CodeIgniter->handleRequest(null, Object(Config\Cache), false)
 5 SYSTEMPATH\Boot.php(312): CodeIgniter\CodeIgniter->run()
 6 SYSTEMPATH\Boot.php(67): CodeIgniter\Boot::runCodeIgniter(Object(CodeIgniter\CodeIgniter))
 7 FCPATH\index.php(55): CodeIgniter\Boot::bootWeb(Object(Config\Paths))
 8 SYSTEMPATH\Commands\Server\rewrite.php(49): require_once('C:\\wamp64\\www\\crud-structured\\public\\index.php')
CRITICAL - 2024-07-23 14:29:43 --> ParseError: syntax error, unexpected variable "$price"
[Method: GET, Route: export/export_excel]
in APPPATH\Controllers\Export.php on line 94.
 1 SYSTEMPATH\Router\Router.php(562): CodeIgniter\Router\AutoRouter->getRoute('export/export_excel', 'GET')
 2 SYSTEMPATH\Router\Router.php(227): CodeIgniter\Router\Router->autoRoute('export/export_excel')
 3 SYSTEMPATH\CodeIgniter.php(834): CodeIgniter\Router\Router->handle('export/export_excel')
 4 SYSTEMPATH\CodeIgniter.php(457): CodeIgniter\CodeIgniter->tryToRouteIt(Object(CodeIgniter\Router\RouteCollection))
 5 SYSTEMPATH\CodeIgniter.php(355): CodeIgniter\CodeIgniter->handleRequest(null, Object(Config\Cache), false)
 6 SYSTEMPATH\Boot.php(312): CodeIgniter\CodeIgniter->run()
 7 SYSTEMPATH\Boot.php(67): CodeIgniter\Boot::runCodeIgniter(Object(CodeIgniter\CodeIgniter))
 8 FCPATH\index.php(55): CodeIgniter\Boot::bootWeb(Object(Config\Paths))
 9 SYSTEMPATH\Commands\Server\rewrite.php(49): require_once('C:\\wamp64\\www\\crud-structured\\public\\index.php')
CRITICAL - 2024-07-23 15:01:53 --> ParseError: syntax error, unexpected variable "$html"
[Method: GET, Route: export/export_pdf]
in APPPATH\Controllers\Export.php on line 45.
 1 SYSTEMPATH\Router\Router.php(562): CodeIgniter\Router\AutoRouter->getRoute('export/export_pdf', 'GET')
 2 SYSTEMPATH\Router\Router.php(227): CodeIgniter\Router\Router->autoRoute('export/export_pdf')
 3 SYSTEMPATH\CodeIgniter.php(834): CodeIgniter\Router\Router->handle('export/export_pdf')
 4 SYSTEMPATH\CodeIgniter.php(457): CodeIgniter\CodeIgniter->tryToRouteIt(Object(CodeIgniter\Router\RouteCollection))
 5 SYSTEMPATH\CodeIgniter.php(355): CodeIgniter\CodeIgniter->handleRequest(null, Object(Config\Cache), false)
 6 SYSTEMPATH\Boot.php(312): CodeIgniter\CodeIgniter->run()
 7 SYSTEMPATH\Boot.php(67): CodeIgniter\Boot::runCodeIgniter(Object(CodeIgniter\CodeIgniter))
 8 FCPATH\index.php(55): CodeIgniter\Boot::bootWeb(Object(Config\Paths))
 9 SYSTEMPATH\Commands\Server\rewrite.php(49): require_once('C:\\wamp64\\www\\crud-structured\\public\\index.php')
CRITICAL - 2024-07-23 15:01:54 --> ErrorException: Undefined array key "sales_order_date"
[Method: GET, Route: export/export_pdf]
in APPPATH\Controllers\Export.php on line 44.
 1 APPPATH\Controllers\Export.php(44): CodeIgniter\Debug\Exceptions->errorHandler(2, 'Undefined array key "sales_order_date"', 'C:\\wamp64\\www\\crud-structured\\app\\Controllers\\Export.php', 44)
 2 SYSTEMPATH\CodeIgniter.php(933): App\Controllers\Export->export_pdf()
 3 SYSTEMPATH\CodeIgniter.php(509): CodeIgniter\CodeIgniter->runController(Object(App\Controllers\Export))
 4 SYSTEMPATH\CodeIgniter.php(355): CodeIgniter\CodeIgniter->handleRequest(null, Object(Config\Cache), false)
 5 SYSTEMPATH\Boot.php(312): CodeIgniter\CodeIgniter->run()
 6 SYSTEMPATH\Boot.php(67): CodeIgniter\Boot::runCodeIgniter(Object(CodeIgniter\CodeIgniter))
 7 FCPATH\index.php(55): CodeIgniter\Boot::bootWeb(Object(Config\Paths))
 8 SYSTEMPATH\Commands\Server\rewrite.php(49): require_once('C:\\wamp64\\www\\crud-structured\\public\\index.php')
CRITICAL - 2024-07-23 15:01:54 --> ErrorException: Undefined array key "sales_order_date"
[Method: GET, Route: export/export_pdf]
in APPPATH\Controllers\Export.php on line 44.
 1 APPPATH\Controllers\Export.php(44): CodeIgniter\Debug\Exceptions->errorHandler(2, 'Undefined array key "sales_order_date"', 'C:\\wamp64\\www\\crud-structured\\app\\Controllers\\Export.php', 44)
 2 SYSTEMPATH\CodeIgniter.php(933): App\Controllers\Export->export_pdf()
 3 SYSTEMPATH\CodeIgniter.php(509): CodeIgniter\CodeIgniter->runController(Object(App\Controllers\Export))
 4 SYSTEMPATH\CodeIgniter.php(355): CodeIgniter\CodeIgniter->handleRequest(null, Object(Config\Cache), false)
 5 SYSTEMPATH\Boot.php(312): CodeIgniter\CodeIgniter->run()
 6 SYSTEMPATH\Boot.php(67): CodeIgniter\Boot::runCodeIgniter(Object(CodeIgniter\CodeIgniter))
 7 FCPATH\index.php(55): CodeIgniter\Boot::bootWeb(Object(Config\Paths))
 8 SYSTEMPATH\Commands\Server\rewrite.php(49): require_once('C:\\wamp64\\www\\crud-structured\\public\\index.php')
CRITICAL - 2024-07-23 15:01:54 --> ErrorException: Undefined array key "sales_order_date"
[Method: GET, Route: export/export_pdf]
in APPPATH\Controllers\Export.php on line 44.
 1 APPPATH\Controllers\Export.php(44): CodeIgniter\Debug\Exceptions->errorHandler(2, 'Undefined array key "sales_order_date"', 'C:\\wamp64\\www\\crud-structured\\app\\Controllers\\Export.php', 44)
 2 SYSTEMPATH\CodeIgniter.php(933): App\Controllers\Export->export_pdf()
 3 SYSTEMPATH\CodeIgniter.php(509): CodeIgniter\CodeIgniter->runController(Object(App\Controllers\Export))
 4 SYSTEMPATH\CodeIgniter.php(355): CodeIgniter\CodeIgniter->handleRequest(null, Object(Config\Cache), false)
 5 SYSTEMPATH\Boot.php(312): CodeIgniter\CodeIgniter->run()
 6 SYSTEMPATH\Boot.php(67): CodeIgniter\Boot::runCodeIgniter(Object(CodeIgniter\CodeIgniter))
 7 FCPATH\index.php(55): CodeIgniter\Boot::bootWeb(Object(Config\Paths))
 8 SYSTEMPATH\Commands\Server\rewrite.php(49): require_once('C:\\wamp64\\www\\crud-structured\\public\\index.php')
CRITICAL - 2024-07-23 15:01:54 --> ErrorException: Undefined array key "sales_order_date"
[Method: GET, Route: export/export_pdf]
in APPPATH\Controllers\Export.php on line 44.
 1 APPPATH\Controllers\Export.php(44): CodeIgniter\Debug\Exceptions->errorHandler(2, 'Undefined array key "sales_order_date"', 'C:\\wamp64\\www\\crud-structured\\app\\Controllers\\Export.php', 44)
 2 SYSTEMPATH\CodeIgniter.php(933): App\Controllers\Export->export_pdf()
 3 SYSTEMPATH\CodeIgniter.php(509): CodeIgniter\CodeIgniter->runController(Object(App\Controllers\Export))
 4 SYSTEMPATH\CodeIgniter.php(355): CodeIgniter\CodeIgniter->handleRequest(null, Object(Config\Cache), false)
 5 SYSTEMPATH\Boot.php(312): CodeIgniter\CodeIgniter->run()
 6 SYSTEMPATH\Boot.php(67): CodeIgniter\Boot::runCodeIgniter(Object(CodeIgniter\CodeIgniter))
 7 FCPATH\index.php(55): CodeIgniter\Boot::bootWeb(Object(Config\Paths))
 8 SYSTEMPATH\Commands\Server\rewrite.php(49): require_once('C:\\wamp64\\www\\crud-structured\\public\\index.php')
CRITICAL - 2024-07-23 15:01:55 --> ErrorException: Undefined array key "sales_order_date"
[Method: GET, Route: export/export_pdf]
in APPPATH\Controllers\Export.php on line 44.
 1 APPPATH\Controllers\Export.php(44): CodeIgniter\Debug\Exceptions->errorHandler(2, 'Undefined array key "sales_order_date"', 'C:\\wamp64\\www\\crud-structured\\app\\Controllers\\Export.php', 44)
 2 SYSTEMPATH\CodeIgniter.php(933): App\Controllers\Export->export_pdf()
 3 SYSTEMPATH\CodeIgniter.php(509): CodeIgniter\CodeIgniter->runController(Object(App\Controllers\Export))
 4 SYSTEMPATH\CodeIgniter.php(355): CodeIgniter\CodeIgniter->handleRequest(null, Object(Config\Cache), false)
 5 SYSTEMPATH\Boot.php(312): CodeIgniter\CodeIgniter->run()
 6 SYSTEMPATH\Boot.php(67): CodeIgniter\Boot::runCodeIgniter(Object(CodeIgniter\CodeIgniter))
 7 FCPATH\index.php(55): CodeIgniter\Boot::bootWeb(Object(Config\Paths))
 8 SYSTEMPATH\Commands\Server\rewrite.php(49): require_once('C:\\wamp64\\www\\crud-structured\\public\\index.php')
CRITICAL - 2024-07-23 15:01:55 --> ErrorException: Undefined array key "sales_order_date"
[Method: GET, Route: export/export_pdf]
in APPPATH\Controllers\Export.php on line 44.
 1 APPPATH\Controllers\Export.php(44): CodeIgniter\Debug\Exceptions->errorHandler(2, 'Undefined array key "sales_order_date"', 'C:\\wamp64\\www\\crud-structured\\app\\Controllers\\Export.php', 44)
 2 SYSTEMPATH\CodeIgniter.php(933): App\Controllers\Export->export_pdf()
 3 SYSTEMPATH\CodeIgniter.php(509): CodeIgniter\CodeIgniter->runController(Object(App\Controllers\Export))
 4 SYSTEMPATH\CodeIgniter.php(355): CodeIgniter\CodeIgniter->handleRequest(null, Object(Config\Cache), false)
 5 SYSTEMPATH\Boot.php(312): CodeIgniter\CodeIgniter->run()
 6 SYSTEMPATH\Boot.php(67): CodeIgniter\Boot::runCodeIgniter(Object(CodeIgniter\CodeIgniter))
 7 FCPATH\index.php(55): CodeIgniter\Boot::bootWeb(Object(Config\Paths))
 8 SYSTEMPATH\Commands\Server\rewrite.php(49): require_once('C:\\wamp64\\www\\crud-structured\\public\\index.php')
CRITICAL - 2024-07-23 15:01:55 --> ErrorException: Undefined array key "sales_order_date"
[Method: GET, Route: export/export_pdf]
in APPPATH\Controllers\Export.php on line 44.
 1 APPPATH\Controllers\Export.php(44): CodeIgniter\Debug\Exceptions->errorHandler(2, 'Undefined array key "sales_order_date"', 'C:\\wamp64\\www\\crud-structured\\app\\Controllers\\Export.php', 44)
 2 SYSTEMPATH\CodeIgniter.php(933): App\Controllers\Export->export_pdf()
 3 SYSTEMPATH\CodeIgniter.php(509): CodeIgniter\CodeIgniter->runController(Object(App\Controllers\Export))
 4 SYSTEMPATH\CodeIgniter.php(355): CodeIgniter\CodeIgniter->handleRequest(null, Object(Config\Cache), false)
 5 SYSTEMPATH\Boot.php(312): CodeIgniter\CodeIgniter->run()
 6 SYSTEMPATH\Boot.php(67): CodeIgniter\Boot::runCodeIgniter(Object(CodeIgniter\CodeIgniter))
 7 FCPATH\index.php(55): CodeIgniter\Boot::bootWeb(Object(Config\Paths))
 8 SYSTEMPATH\Commands\Server\rewrite.php(49): require_once('C:\\wamp64\\www\\crud-structured\\public\\index.php')
CRITICAL - 2024-07-23 15:01:55 --> ErrorException: Undefined array key "sales_order_date"
[Method: GET, Route: export/export_pdf]
in APPPATH\Controllers\Export.php on line 44.
 1 APPPATH\Controllers\Export.php(44): CodeIgniter\Debug\Exceptions->errorHandler(2, 'Undefined array key "sales_order_date"', 'C:\\wamp64\\www\\crud-structured\\app\\Controllers\\Export.php', 44)
 2 SYSTEMPATH\CodeIgniter.php(933): App\Controllers\Export->export_pdf()
 3 SYSTEMPATH\CodeIgniter.php(509): CodeIgniter\CodeIgniter->runController(Object(App\Controllers\Export))
 4 SYSTEMPATH\CodeIgniter.php(355): CodeIgniter\CodeIgniter->handleRequest(null, Object(Config\Cache), false)
 5 SYSTEMPATH\Boot.php(312): CodeIgniter\CodeIgniter->run()
 6 SYSTEMPATH\Boot.php(67): CodeIgniter\Boot::runCodeIgniter(Object(CodeIgniter\CodeIgniter))
 7 FCPATH\index.php(55): CodeIgniter\Boot::bootWeb(Object(Config\Paths))
 8 SYSTEMPATH\Commands\Server\rewrite.php(49): require_once('C:\\wamp64\\www\\crud-structured\\public\\index.php')
CRITICAL - 2024-07-23 15:01:55 --> ErrorException: Undefined array key "sales_order_date"
[Method: GET, Route: export/export_pdf]
in APPPATH\Controllers\Export.php on line 44.
 1 APPPATH\Controllers\Export.php(44): CodeIgniter\Debug\Exceptions->errorHandler(2, 'Undefined array key "sales_order_date"', 'C:\\wamp64\\www\\crud-structured\\app\\Controllers\\Export.php', 44)
 2 SYSTEMPATH\CodeIgniter.php(933): App\Controllers\Export->export_pdf()
 3 SYSTEMPATH\CodeIgniter.php(509): CodeIgniter\CodeIgniter->runController(Object(App\Controllers\Export))
 4 SYSTEMPATH\CodeIgniter.php(355): CodeIgniter\CodeIgniter->handleRequest(null, Object(Config\Cache), false)
 5 SYSTEMPATH\Boot.php(312): CodeIgniter\CodeIgniter->run()
 6 SYSTEMPATH\Boot.php(67): CodeIgniter\Boot::runCodeIgniter(Object(CodeIgniter\CodeIgniter))
 7 FCPATH\index.php(55): CodeIgniter\Boot::bootWeb(Object(Config\Paths))
 8 SYSTEMPATH\Commands\Server\rewrite.php(49): require_once('C:\\wamp64\\www\\crud-structured\\public\\index.php')
CRITICAL - 2024-07-23 15:02:01 --> ErrorException: Undefined array key "sales_order_date"
[Method: GET, Route: export/export_pdf]
in APPPATH\Controllers\Export.php on line 44.
 1 APPPATH\Controllers\Export.php(44): CodeIgniter\Debug\Exceptions->errorHandler(2, 'Undefined array key "sales_order_date"', 'C:\\wamp64\\www\\crud-structured\\app\\Controllers\\Export.php', 44)
 2 SYSTEMPATH\CodeIgniter.php(933): App\Controllers\Export->export_pdf()
 3 SYSTEMPATH\CodeIgniter.php(509): CodeIgniter\CodeIgniter->runController(Object(App\Controllers\Export))
 4 SYSTEMPATH\CodeIgniter.php(355): CodeIgniter\CodeIgniter->handleRequest(null, Object(Config\Cache), false)
 5 SYSTEMPATH\Boot.php(312): CodeIgniter\CodeIgniter->run()
 6 SYSTEMPATH\Boot.php(67): CodeIgniter\Boot::runCodeIgniter(Object(CodeIgniter\CodeIgniter))
 7 FCPATH\index.php(55): CodeIgniter\Boot::bootWeb(Object(Config\Paths))
 8 SYSTEMPATH\Commands\Server\rewrite.php(49): require_once('C:\\wamp64\\www\\crud-structured\\public\\index.php')
CRITICAL - 2024-07-23 15:02:02 --> ErrorException: Undefined array key "sales_order_date"
[Method: GET, Route: export/export_pdf]
in APPPATH\Controllers\Export.php on line 44.
 1 APPPATH\Controllers\Export.php(44): CodeIgniter\Debug\Exceptions->errorHandler(2, 'Undefined array key "sales_order_date"', 'C:\\wamp64\\www\\crud-structured\\app\\Controllers\\Export.php', 44)
 2 SYSTEMPATH\CodeIgniter.php(933): App\Controllers\Export->export_pdf()
 3 SYSTEMPATH\CodeIgniter.php(509): CodeIgniter\CodeIgniter->runController(Object(App\Controllers\Export))
 4 SYSTEMPATH\CodeIgniter.php(355): CodeIgniter\CodeIgniter->handleRequest(null, Object(Config\Cache), false)
 5 SYSTEMPATH\Boot.php(312): CodeIgniter\CodeIgniter->run()
 6 SYSTEMPATH\Boot.php(67): CodeIgniter\Boot::runCodeIgniter(Object(CodeIgniter\CodeIgniter))
 7 FCPATH\index.php(55): CodeIgniter\Boot::bootWeb(Object(Config\Paths))
 8 SYSTEMPATH\Commands\Server\rewrite.php(49): require_once('C:\\wamp64\\www\\crud-structured\\public\\index.php')
CRITICAL - 2024-07-23 15:02:02 --> ErrorException: Undefined array key "sales_order_date"
[Method: GET, Route: export/export_pdf]
in APPPATH\Controllers\Export.php on line 44.
 1 APPPATH\Controllers\Export.php(44): CodeIgniter\Debug\Exceptions->errorHandler(2, 'Undefined array key "sales_order_date"', 'C:\\wamp64\\www\\crud-structured\\app\\Controllers\\Export.php', 44)
 2 SYSTEMPATH\CodeIgniter.php(933): App\Controllers\Export->export_pdf()
 3 SYSTEMPATH\CodeIgniter.php(509): CodeIgniter\CodeIgniter->runController(Object(App\Controllers\Export))
 4 SYSTEMPATH\CodeIgniter.php(355): CodeIgniter\CodeIgniter->handleRequest(null, Object(Config\Cache), false)
 5 SYSTEMPATH\Boot.php(312): CodeIgniter\CodeIgniter->run()
 6 SYSTEMPATH\Boot.php(67): CodeIgniter\Boot::runCodeIgniter(Object(CodeIgniter\CodeIgniter))
 7 FCPATH\index.php(55): CodeIgniter\Boot::bootWeb(Object(Config\Paths))
 8 SYSTEMPATH\Commands\Server\rewrite.php(49): require_once('C:\\wamp64\\www\\crud-structured\\public\\index.php')
CRITICAL - 2024-07-23 15:02:02 --> ErrorException: Undefined array key "sales_order_date"
[Method: GET, Route: export/export_pdf]
in APPPATH\Controllers\Export.php on line 44.
 1 APPPATH\Controllers\Export.php(44): CodeIgniter\Debug\Exceptions->errorHandler(2, 'Undefined array key "sales_order_date"', 'C:\\wamp64\\www\\crud-structured\\app\\Controllers\\Export.php', 44)
 2 SYSTEMPATH\CodeIgniter.php(933): App\Controllers\Export->export_pdf()
 3 SYSTEMPATH\CodeIgniter.php(509): CodeIgniter\CodeIgniter->runController(Object(App\Controllers\Export))
 4 SYSTEMPATH\CodeIgniter.php(355): CodeIgniter\CodeIgniter->handleRequest(null, Object(Config\Cache), false)
 5 SYSTEMPATH\Boot.php(312): CodeIgniter\CodeIgniter->run()
 6 SYSTEMPATH\Boot.php(67): CodeIgniter\Boot::runCodeIgniter(Object(CodeIgniter\CodeIgniter))
 7 FCPATH\index.php(55): CodeIgniter\Boot::bootWeb(Object(Config\Paths))
 8 SYSTEMPATH\Commands\Server\rewrite.php(49): require_once('C:\\wamp64\\www\\crud-structured\\public\\index.php')
CRITICAL - 2024-07-23 15:02:03 --> ErrorException: Undefined array key "sales_order_date"
[Method: GET, Route: export/export_pdf]
in APPPATH\Controllers\Export.php on line 44.
 1 APPPATH\Controllers\Export.php(44): CodeIgniter\Debug\Exceptions->errorHandler(2, 'Undefined array key "sales_order_date"', 'C:\\wamp64\\www\\crud-structured\\app\\Controllers\\Export.php', 44)
 2 SYSTEMPATH\CodeIgniter.php(933): App\Controllers\Export->export_pdf()
 3 SYSTEMPATH\CodeIgniter.php(509): CodeIgniter\CodeIgniter->runController(Object(App\Controllers\Export))
 4 SYSTEMPATH\CodeIgniter.php(355): CodeIgniter\CodeIgniter->handleRequest(null, Object(Config\Cache), false)
 5 SYSTEMPATH\Boot.php(312): CodeIgniter\CodeIgniter->run()
 6 SYSTEMPATH\Boot.php(67): CodeIgniter\Boot::runCodeIgniter(Object(CodeIgniter\CodeIgniter))
 7 FCPATH\index.php(55): CodeIgniter\Boot::bootWeb(Object(Config\Paths))
 8 SYSTEMPATH\Commands\Server\rewrite.php(49): require_once('C:\\wamp64\\www\\crud-structured\\public\\index.php')
CRITICAL - 2024-07-23 15:02:03 --> ErrorException: Undefined array key "sales_order_date"
[Method: GET, Route: export/export_pdf]
in APPPATH\Controllers\Export.php on line 44.
 1 APPPATH\Controllers\Export.php(44): CodeIgniter\Debug\Exceptions->errorHandler(2, 'Undefined array key "sales_order_date"', 'C:\\wamp64\\www\\crud-structured\\app\\Controllers\\Export.php', 44)
 2 SYSTEMPATH\CodeIgniter.php(933): App\Controllers\Export->export_pdf()
 3 SYSTEMPATH\CodeIgniter.php(509): CodeIgniter\CodeIgniter->runController(Object(App\Controllers\Export))
 4 SYSTEMPATH\CodeIgniter.php(355): CodeIgniter\CodeIgniter->handleRequest(null, Object(Config\Cache), false)
 5 SYSTEMPATH\Boot.php(312): CodeIgniter\CodeIgniter->run()
 6 SYSTEMPATH\Boot.php(67): CodeIgniter\Boot::runCodeIgniter(Object(CodeIgniter\CodeIgniter))
 7 FCPATH\index.php(55): CodeIgniter\Boot::bootWeb(Object(Config\Paths))
 8 SYSTEMPATH\Commands\Server\rewrite.php(49): require_once('C:\\wamp64\\www\\crud-structured\\public\\index.php')
CRITICAL - 2024-07-23 15:02:03 --> ErrorException: Undefined array key "sales_order_date"
[Method: GET, Route: export/export_pdf]
in APPPATH\Controllers\Export.php on line 44.
 1 APPPATH\Controllers\Export.php(44): CodeIgniter\Debug\Exceptions->errorHandler(2, 'Undefined array key "sales_order_date"', 'C:\\wamp64\\www\\crud-structured\\app\\Controllers\\Export.php', 44)
 2 SYSTEMPATH\CodeIgniter.php(933): App\Controllers\Export->export_pdf()
 3 SYSTEMPATH\CodeIgniter.php(509): CodeIgniter\CodeIgniter->runController(Object(App\Controllers\Export))
 4 SYSTEMPATH\CodeIgniter.php(355): CodeIgniter\CodeIgniter->handleRequest(null, Object(Config\Cache), false)
 5 SYSTEMPATH\Boot.php(312): CodeIgniter\CodeIgniter->run()
 6 SYSTEMPATH\Boot.php(67): CodeIgniter\Boot::runCodeIgniter(Object(CodeIgniter\CodeIgniter))
 7 FCPATH\index.php(55): CodeIgniter\Boot::bootWeb(Object(Config\Paths))
 8 SYSTEMPATH\Commands\Server\rewrite.php(49): require_once('C:\\wamp64\\www\\crud-structured\\public\\index.php')
CRITICAL - 2024-07-23 15:02:03 --> ErrorException: Undefined array key "sales_order_date"
[Method: GET, Route: export/export_pdf]
in APPPATH\Controllers\Export.php on line 44.
 1 APPPATH\Controllers\Export.php(44): CodeIgniter\Debug\Exceptions->errorHandler(2, 'Undefined array key "sales_order_date"', 'C:\\wamp64\\www\\crud-structured\\app\\Controllers\\Export.php', 44)
 2 SYSTEMPATH\CodeIgniter.php(933): App\Controllers\Export->export_pdf()
 3 SYSTEMPATH\CodeIgniter.php(509): CodeIgniter\CodeIgniter->runController(Object(App\Controllers\Export))
 4 SYSTEMPATH\CodeIgniter.php(355): CodeIgniter\CodeIgniter->handleRequest(null, Object(Config\Cache), false)
 5 SYSTEMPATH\Boot.php(312): CodeIgniter\CodeIgniter->run()
 6 SYSTEMPATH\Boot.php(67): CodeIgniter\Boot::runCodeIgniter(Object(CodeIgniter\CodeIgniter))
 7 FCPATH\index.php(55): CodeIgniter\Boot::bootWeb(Object(Config\Paths))
 8 SYSTEMPATH\Commands\Server\rewrite.php(49): require_once('C:\\wamp64\\www\\crud-structured\\public\\index.php')
