CRITICAL - 2024-07-19 14:14:48 --> ErrorException: Undefined variable $128
[Method: GET, Route: export/export_excel]
in APPPATH\Controllers\Export.php on line 78.
 1 APPPATH\Controllers\Export.php(78): CodeIgniter\Debug\Exceptions->errorHandler(2, 'Undefined variable $128', 'C:\\wamp64\\www\\crud-structured\\app\\Controllers\\Export.php', 78)
 2 SYSTEMPATH\CodeIgniter.php(933): App\Controllers\Export->export_excel()
 3 SYSTEMPATH\CodeIgniter.php(509): CodeIgniter\CodeIgniter->runController(Object(App\Controllers\Export))
 4 SYSTEMPATH\CodeIgniter.php(355): CodeIgniter\CodeIgniter->handleRequest(null, Object(Config\Cache), false)
 5 SYSTEMPATH\Boot.php(312): CodeIgniter\CodeIgniter->run()
 6 SYSTEMPATH\Boot.php(67): CodeIgniter\Boot::runCodeIgniter(Object(CodeIgniter\CodeIgniter))
 7 FCPATH\index.php(55): CodeIgniter\Boot::bootWeb(Object(Config\Paths))
 8 SYSTEMPATH\Commands\Server\rewrite.php(49): require_once('C:\\wamp64\\www\\crud-structured\\public\\index.php')
CRITICAL - 2024-07-19 14:14:49 --> ErrorException: Undefined variable $128
[Method: GET, Route: export/export_excel]
in APPPATH\Controllers\Export.php on line 78.
 1 APPPATH\Controllers\Export.php(78): CodeIgniter\Debug\Exceptions->errorHandler(2, 'Undefined variable $128', 'C:\\wamp64\\www\\crud-structured\\app\\Controllers\\Export.php', 78)
 2 SYSTEMPATH\CodeIgniter.php(933): App\Controllers\Export->export_excel()
 3 SYSTEMPATH\CodeIgniter.php(509): CodeIgniter\CodeIgniter->runController(Object(App\Controllers\Export))
 4 SYSTEMPATH\CodeIgniter.php(355): CodeIgniter\CodeIgniter->handleRequest(null, Object(Config\Cache), false)
 5 SYSTEMPATH\Boot.php(312): CodeIgniter\CodeIgniter->run()
 6 SYSTEMPATH\Boot.php(67): CodeIgniter\Boot::runCodeIgniter(Object(CodeIgniter\CodeIgniter))
 7 FCPATH\index.php(55): CodeIgniter\Boot::bootWeb(Object(Config\Paths))
 8 SYSTEMPATH\Commands\Server\rewrite.php(49): require_once('C:\\wamp64\\www\\crud-structured\\public\\index.php')
CRITICAL - 2024-07-19 14:14:50 --> ErrorException: Undefined variable $128
[Method: GET, Route: export/export_excel]
in APPPATH\Controllers\Export.php on line 78.
 1 APPPATH\Controllers\Export.php(78): CodeIgniter\Debug\Exceptions->errorHandler(2, 'Undefined variable $128', 'C:\\wamp64\\www\\crud-structured\\app\\Controllers\\Export.php', 78)
 2 SYSTEMPATH\CodeIgniter.php(933): App\Controllers\Export->export_excel()
 3 SYSTEMPATH\CodeIgniter.php(509): CodeIgniter\CodeIgniter->runController(Object(App\Controllers\Export))
 4 SYSTEMPATH\CodeIgniter.php(355): CodeIgniter\CodeIgniter->handleRequest(null, Object(Config\Cache), false)
 5 SYSTEMPATH\Boot.php(312): CodeIgniter\CodeIgniter->run()
 6 SYSTEMPATH\Boot.php(67): CodeIgniter\Boot::runCodeIgniter(Object(CodeIgniter\CodeIgniter))
 7 FCPATH\index.php(55): CodeIgniter\Boot::bootWeb(Object(Config\Paths))
 8 SYSTEMPATH\Commands\Server\rewrite.php(49): require_once('C:\\wamp64\\www\\crud-structured\\public\\index.php')
CRITICAL - 2024-07-19 14:14:50 --> ErrorException: Undefined variable $128
[Method: GET, Route: export/export_excel]
in APPPATH\Controllers\Export.php on line 78.
 1 APPPATH\Controllers\Export.php(78): CodeIgniter\Debug\Exceptions->errorHandler(2, 'Undefined variable $128', 'C:\\wamp64\\www\\crud-structured\\app\\Controllers\\Export.php', 78)
 2 SYSTEMPATH\CodeIgniter.php(933): App\Controllers\Export->export_excel()
 3 SYSTEMPATH\CodeIgniter.php(509): CodeIgniter\CodeIgniter->runController(Object(App\Controllers\Export))
 4 SYSTEMPATH\CodeIgniter.php(355): CodeIgniter\CodeIgniter->handleRequest(null, Object(Config\Cache), false)
 5 SYSTEMPATH\Boot.php(312): CodeIgniter\CodeIgniter->run()
 6 SYSTEMPATH\Boot.php(67): CodeIgniter\Boot::runCodeIgniter(Object(CodeIgniter\CodeIgniter))
 7 FCPATH\index.php(55): CodeIgniter\Boot::bootWeb(Object(Config\Paths))
 8 SYSTEMPATH\Commands\Server\rewrite.php(49): require_once('C:\\wamp64\\www\\crud-structured\\public\\index.php')
CRITICAL - 2024-07-19 14:14:50 --> ErrorException: Undefined variable $128
[Method: GET, Route: export/export_excel]
in APPPATH\Controllers\Export.php on line 78.
 1 APPPATH\Controllers\Export.php(78): CodeIgniter\Debug\Exceptions->errorHandler(2, 'Undefined variable $128', 'C:\\wamp64\\www\\crud-structured\\app\\Controllers\\Export.php', 78)
 2 SYSTEMPATH\CodeIgniter.php(933): App\Controllers\Export->export_excel()
 3 SYSTEMPATH\CodeIgniter.php(509): CodeIgniter\CodeIgniter->runController(Object(App\Controllers\Export))
 4 SYSTEMPATH\CodeIgniter.php(355): CodeIgniter\CodeIgniter->handleRequest(null, Object(Config\Cache), false)
 5 SYSTEMPATH\Boot.php(312): CodeIgniter\CodeIgniter->run()
 6 SYSTEMPATH\Boot.php(67): CodeIgniter\Boot::runCodeIgniter(Object(CodeIgniter\CodeIgniter))
 7 FCPATH\index.php(55): CodeIgniter\Boot::bootWeb(Object(Config\Paths))
 8 SYSTEMPATH\Commands\Server\rewrite.php(49): require_once('C:\\wamp64\\www\\crud-structured\\public\\index.php')
CRITICAL - 2024-07-19 14:14:50 --> ErrorException: Undefined variable $128
[Method: GET, Route: export/export_excel]
in APPPATH\Controllers\Export.php on line 78.
 1 APPPATH\Controllers\Export.php(78): CodeIgniter\Debug\Exceptions->errorHandler(2, 'Undefined variable $128', 'C:\\wamp64\\www\\crud-structured\\app\\Controllers\\Export.php', 78)
 2 SYSTEMPATH\CodeIgniter.php(933): App\Controllers\Export->export_excel()
 3 SYSTEMPATH\CodeIgniter.php(509): CodeIgniter\CodeIgniter->runController(Object(App\Controllers\Export))
 4 SYSTEMPATH\CodeIgniter.php(355): CodeIgniter\CodeIgniter->handleRequest(null, Object(Config\Cache), false)
 5 SYSTEMPATH\Boot.php(312): CodeIgniter\CodeIgniter->run()
 6 SYSTEMPATH\Boot.php(67): CodeIgniter\Boot::runCodeIgniter(Object(CodeIgniter\CodeIgniter))
 7 FCPATH\index.php(55): CodeIgniter\Boot::bootWeb(Object(Config\Paths))
 8 SYSTEMPATH\Commands\Server\rewrite.php(49): require_once('C:\\wamp64\\www\\crud-structured\\public\\index.php')
CRITICAL - 2024-07-19 14:14:50 --> ErrorException: Undefined variable $128
[Method: GET, Route: export/export_excel]
in APPPATH\Controllers\Export.php on line 78.
 1 APPPATH\Controllers\Export.php(78): CodeIgniter\Debug\Exceptions->errorHandler(2, 'Undefined variable $128', 'C:\\wamp64\\www\\crud-structured\\app\\Controllers\\Export.php', 78)
 2 SYSTEMPATH\CodeIgniter.php(933): App\Controllers\Export->export_excel()
 3 SYSTEMPATH\CodeIgniter.php(509): CodeIgniter\CodeIgniter->runController(Object(App\Controllers\Export))
 4 SYSTEMPATH\CodeIgniter.php(355): CodeIgniter\CodeIgniter->handleRequest(null, Object(Config\Cache), false)
 5 SYSTEMPATH\Boot.php(312): CodeIgniter\CodeIgniter->run()
 6 SYSTEMPATH\Boot.php(67): CodeIgniter\Boot::runCodeIgniter(Object(CodeIgniter\CodeIgniter))
 7 FCPATH\index.php(55): CodeIgniter\Boot::bootWeb(Object(Config\Paths))
 8 SYSTEMPATH\Commands\Server\rewrite.php(49): require_once('C:\\wamp64\\www\\crud-structured\\public\\index.php')
CRITICAL - 2024-07-19 14:14:51 --> ErrorException: Undefined variable $128
[Method: GET, Route: export/export_excel]
in APPPATH\Controllers\Export.php on line 78.
 1 APPPATH\Controllers\Export.php(78): CodeIgniter\Debug\Exceptions->errorHandler(2, 'Undefined variable $128', 'C:\\wamp64\\www\\crud-structured\\app\\Controllers\\Export.php', 78)
 2 SYSTEMPATH\CodeIgniter.php(933): App\Controllers\Export->export_excel()
 3 SYSTEMPATH\CodeIgniter.php(509): CodeIgniter\CodeIgniter->runController(Object(App\Controllers\Export))
 4 SYSTEMPATH\CodeIgniter.php(355): CodeIgniter\CodeIgniter->handleRequest(null, Object(Config\Cache), false)
 5 SYSTEMPATH\Boot.php(312): CodeIgniter\CodeIgniter->run()
 6 SYSTEMPATH\Boot.php(67): CodeIgniter\Boot::runCodeIgniter(Object(CodeIgniter\CodeIgniter))
 7 FCPATH\index.php(55): CodeIgniter\Boot::bootWeb(Object(Config\Paths))
 8 SYSTEMPATH\Commands\Server\rewrite.php(49): require_once('C:\\wamp64\\www\\crud-structured\\public\\index.php')
CRITICAL - 2024-07-19 14:14:55 --> TypeError: Cannot access offset of type string on string
[Method: GET, Route: export/export_excel]
in APPPATH\Controllers\Export.php on line 78.
 1 SYSTEMPATH\CodeIgniter.php(933): App\Controllers\Export->export_excel()
 2 SYSTEMPATH\CodeIgniter.php(509): CodeIgniter\CodeIgniter->runController(Object(App\Controllers\Export))
 3 SYSTEMPATH\CodeIgniter.php(355): CodeIgniter\CodeIgniter->handleRequest(null, Object(Config\Cache), false)
 4 SYSTEMPATH\Boot.php(312): CodeIgniter\CodeIgniter->run()
 5 SYSTEMPATH\Boot.php(67): CodeIgniter\Boot::runCodeIgniter(Object(CodeIgniter\CodeIgniter))
 6 FCPATH\index.php(55): CodeIgniter\Boot::bootWeb(Object(Config\Paths))
 7 SYSTEMPATH\Commands\Server\rewrite.php(49): require_once('C:\\wamp64\\www\\crud-structured\\public\\index.php')
CRITICAL - 2024-07-19 14:14:56 --> TypeError: Cannot access offset of type string on string
[Method: GET, Route: export/export_excel]
in APPPATH\Controllers\Export.php on line 78.
 1 SYSTEMPATH\CodeIgniter.php(933): App\Controllers\Export->export_excel()
 2 SYSTEMPATH\CodeIgniter.php(509): CodeIgniter\CodeIgniter->runController(Object(App\Controllers\Export))
 3 SYSTEMPATH\CodeIgniter.php(355): CodeIgniter\CodeIgniter->handleRequest(null, Object(Config\Cache), false)
 4 SYSTEMPATH\Boot.php(312): CodeIgniter\CodeIgniter->run()
 5 SYSTEMPATH\Boot.php(67): CodeIgniter\Boot::runCodeIgniter(Object(CodeIgniter\CodeIgniter))
 6 FCPATH\index.php(55): CodeIgniter\Boot::bootWeb(Object(Config\Paths))
 7 SYSTEMPATH\Commands\Server\rewrite.php(49): require_once('C:\\wamp64\\www\\crud-structured\\public\\index.php')
CRITICAL - 2024-07-19 14:14:56 --> TypeError: Cannot access offset of type string on string
[Method: GET, Route: export/export_excel]
in APPPATH\Controllers\Export.php on line 78.
 1 SYSTEMPATH\CodeIgniter.php(933): App\Controllers\Export->export_excel()
 2 SYSTEMPATH\CodeIgniter.php(509): CodeIgniter\CodeIgniter->runController(Object(App\Controllers\Export))
 3 SYSTEMPATH\CodeIgniter.php(355): CodeIgniter\CodeIgniter->handleRequest(null, Object(Config\Cache), false)
 4 SYSTEMPATH\Boot.php(312): CodeIgniter\CodeIgniter->run()
 5 SYSTEMPATH\Boot.php(67): CodeIgniter\Boot::runCodeIgniter(Object(CodeIgniter\CodeIgniter))
 6 FCPATH\index.php(55): CodeIgniter\Boot::bootWeb(Object(Config\Paths))
 7 SYSTEMPATH\Commands\Server\rewrite.php(49): require_once('C:\\wamp64\\www\\crud-structured\\public\\index.php')
CRITICAL - 2024-07-19 14:14:56 --> TypeError: Cannot access offset of type string on string
[Method: GET, Route: export/export_excel]
in APPPATH\Controllers\Export.php on line 78.
 1 SYSTEMPATH\CodeIgniter.php(933): App\Controllers\Export->export_excel()
 2 SYSTEMPATH\CodeIgniter.php(509): CodeIgniter\CodeIgniter->runController(Object(App\Controllers\Export))
 3 SYSTEMPATH\CodeIgniter.php(355): CodeIgniter\CodeIgniter->handleRequest(null, Object(Config\Cache), false)
 4 SYSTEMPATH\Boot.php(312): CodeIgniter\CodeIgniter->run()
 5 SYSTEMPATH\Boot.php(67): CodeIgniter\Boot::runCodeIgniter(Object(CodeIgniter\CodeIgniter))
 6 FCPATH\index.php(55): CodeIgniter\Boot::bootWeb(Object(Config\Paths))
 7 SYSTEMPATH\Commands\Server\rewrite.php(49): require_once('C:\\wamp64\\www\\crud-structured\\public\\index.php')
CRITICAL - 2024-07-19 14:14:57 --> TypeError: Cannot access offset of type string on string
[Method: GET, Route: export/export_excel]
in APPPATH\Controllers\Export.php on line 78.
 1 SYSTEMPATH\CodeIgniter.php(933): App\Controllers\Export->export_excel()
 2 SYSTEMPATH\CodeIgniter.php(509): CodeIgniter\CodeIgniter->runController(Object(App\Controllers\Export))
 3 SYSTEMPATH\CodeIgniter.php(355): CodeIgniter\CodeIgniter->handleRequest(null, Object(Config\Cache), false)
 4 SYSTEMPATH\Boot.php(312): CodeIgniter\CodeIgniter->run()
 5 SYSTEMPATH\Boot.php(67): CodeIgniter\Boot::runCodeIgniter(Object(CodeIgniter\CodeIgniter))
 6 FCPATH\index.php(55): CodeIgniter\Boot::bootWeb(Object(Config\Paths))
 7 SYSTEMPATH\Commands\Server\rewrite.php(49): require_once('C:\\wamp64\\www\\crud-structured\\public\\index.php')
CRITICAL - 2024-07-19 14:15:27 --> TypeError: Cannot access offset of type string on string
[Method: GET, Route: export/export_excel]
in APPPATH\Controllers\Export.php on line 78.
 1 SYSTEMPATH\CodeIgniter.php(933): App\Controllers\Export->export_excel()
 2 SYSTEMPATH\CodeIgniter.php(509): CodeIgniter\CodeIgniter->runController(Object(App\Controllers\Export))
 3 SYSTEMPATH\CodeIgniter.php(355): CodeIgniter\CodeIgniter->handleRequest(null, Object(Config\Cache), false)
 4 SYSTEMPATH\Boot.php(312): CodeIgniter\CodeIgniter->run()
 5 SYSTEMPATH\Boot.php(67): CodeIgniter\Boot::runCodeIgniter(Object(CodeIgniter\CodeIgniter))
 6 FCPATH\index.php(55): CodeIgniter\Boot::bootWeb(Object(Config\Paths))
 7 SYSTEMPATH\Commands\Server\rewrite.php(49): require_once('C:\\wamp64\\www\\crud-structured\\public\\index.php')
CRITICAL - 2024-07-19 14:15:29 --> TypeError: Cannot access offset of type string on string
[Method: GET, Route: export/export_excel]
in APPPATH\Controllers\Export.php on line 78.
 1 SYSTEMPATH\CodeIgniter.php(933): App\Controllers\Export->export_excel()
 2 SYSTEMPATH\CodeIgniter.php(509): CodeIgniter\CodeIgniter->runController(Object(App\Controllers\Export))
 3 SYSTEMPATH\CodeIgniter.php(355): CodeIgniter\CodeIgniter->handleRequest(null, Object(Config\Cache), false)
 4 SYSTEMPATH\Boot.php(312): CodeIgniter\CodeIgniter->run()
 5 SYSTEMPATH\Boot.php(67): CodeIgniter\Boot::runCodeIgniter(Object(CodeIgniter\CodeIgniter))
 6 FCPATH\index.php(55): CodeIgniter\Boot::bootWeb(Object(Config\Paths))
 7 SYSTEMPATH\Commands\Server\rewrite.php(49): require_once('C:\\wamp64\\www\\crud-structured\\public\\index.php')
CRITICAL - 2024-07-19 14:15:29 --> TypeError: Cannot access offset of type string on string
[Method: GET, Route: export/export_excel]
in APPPATH\Controllers\Export.php on line 78.
 1 SYSTEMPATH\CodeIgniter.php(933): App\Controllers\Export->export_excel()
 2 SYSTEMPATH\CodeIgniter.php(509): CodeIgniter\CodeIgniter->runController(Object(App\Controllers\Export))
 3 SYSTEMPATH\CodeIgniter.php(355): CodeIgniter\CodeIgniter->handleRequest(null, Object(Config\Cache), false)
 4 SYSTEMPATH\Boot.php(312): CodeIgniter\CodeIgniter->run()
 5 SYSTEMPATH\Boot.php(67): CodeIgniter\Boot::runCodeIgniter(Object(CodeIgniter\CodeIgniter))
 6 FCPATH\index.php(55): CodeIgniter\Boot::bootWeb(Object(Config\Paths))
 7 SYSTEMPATH\Commands\Server\rewrite.php(49): require_once('C:\\wamp64\\www\\crud-structured\\public\\index.php')
CRITICAL - 2024-07-19 14:15:29 --> TypeError: Cannot access offset of type string on string
[Method: GET, Route: export/export_excel]
in APPPATH\Controllers\Export.php on line 78.
 1 SYSTEMPATH\CodeIgniter.php(933): App\Controllers\Export->export_excel()
 2 SYSTEMPATH\CodeIgniter.php(509): CodeIgniter\CodeIgniter->runController(Object(App\Controllers\Export))
 3 SYSTEMPATH\CodeIgniter.php(355): CodeIgniter\CodeIgniter->handleRequest(null, Object(Config\Cache), false)
 4 SYSTEMPATH\Boot.php(312): CodeIgniter\CodeIgniter->run()
 5 SYSTEMPATH\Boot.php(67): CodeIgniter\Boot::runCodeIgniter(Object(CodeIgniter\CodeIgniter))
 6 FCPATH\index.php(55): CodeIgniter\Boot::bootWeb(Object(Config\Paths))
 7 SYSTEMPATH\Commands\Server\rewrite.php(49): require_once('C:\\wamp64\\www\\crud-structured\\public\\index.php')
CRITICAL - 2024-07-19 14:15:29 --> TypeError: Cannot access offset of type string on string
[Method: GET, Route: export/export_excel]
in APPPATH\Controllers\Export.php on line 78.
 1 SYSTEMPATH\CodeIgniter.php(933): App\Controllers\Export->export_excel()
 2 SYSTEMPATH\CodeIgniter.php(509): CodeIgniter\CodeIgniter->runController(Object(App\Controllers\Export))
 3 SYSTEMPATH\CodeIgniter.php(355): CodeIgniter\CodeIgniter->handleRequest(null, Object(Config\Cache), false)
 4 SYSTEMPATH\Boot.php(312): CodeIgniter\CodeIgniter->run()
 5 SYSTEMPATH\Boot.php(67): CodeIgniter\Boot::runCodeIgniter(Object(CodeIgniter\CodeIgniter))
 6 FCPATH\index.php(55): CodeIgniter\Boot::bootWeb(Object(Config\Paths))
 7 SYSTEMPATH\Commands\Server\rewrite.php(49): require_once('C:\\wamp64\\www\\crud-structured\\public\\index.php')
CRITICAL - 2024-07-19 14:15:30 --> TypeError: Cannot access offset of type string on string
[Method: GET, Route: export/export_excel]
in APPPATH\Controllers\Export.php on line 78.
 1 SYSTEMPATH\CodeIgniter.php(933): App\Controllers\Export->export_excel()
 2 SYSTEMPATH\CodeIgniter.php(509): CodeIgniter\CodeIgniter->runController(Object(App\Controllers\Export))
 3 SYSTEMPATH\CodeIgniter.php(355): CodeIgniter\CodeIgniter->handleRequest(null, Object(Config\Cache), false)
 4 SYSTEMPATH\Boot.php(312): CodeIgniter\CodeIgniter->run()
 5 SYSTEMPATH\Boot.php(67): CodeIgniter\Boot::runCodeIgniter(Object(CodeIgniter\CodeIgniter))
 6 FCPATH\index.php(55): CodeIgniter\Boot::bootWeb(Object(Config\Paths))
 7 SYSTEMPATH\Commands\Server\rewrite.php(49): require_once('C:\\wamp64\\www\\crud-structured\\public\\index.php')
CRITICAL - 2024-07-19 14:15:53 --> TypeError: Cannot access offset of type string on string
[Method: GET, Route: export/export_excel]
in APPPATH\Controllers\Export.php on line 79.
 1 SYSTEMPATH\CodeIgniter.php(933): App\Controllers\Export->export_excel()
 2 SYSTEMPATH\CodeIgniter.php(509): CodeIgniter\CodeIgniter->runController(Object(App\Controllers\Export))
 3 SYSTEMPATH\CodeIgniter.php(355): CodeIgniter\CodeIgniter->handleRequest(null, Object(Config\Cache), false)
 4 SYSTEMPATH\Boot.php(312): CodeIgniter\CodeIgniter->run()
 5 SYSTEMPATH\Boot.php(67): CodeIgniter\Boot::runCodeIgniter(Object(CodeIgniter\CodeIgniter))
 6 FCPATH\index.php(55): CodeIgniter\Boot::bootWeb(Object(Config\Paths))
 7 SYSTEMPATH\Commands\Server\rewrite.php(49): require_once('C:\\wamp64\\www\\crud-structured\\public\\index.php')
CRITICAL - 2024-07-19 14:15:54 --> TypeError: Cannot access offset of type string on string
[Method: GET, Route: export/export_excel]
in APPPATH\Controllers\Export.php on line 79.
 1 SYSTEMPATH\CodeIgniter.php(933): App\Controllers\Export->export_excel()
 2 SYSTEMPATH\CodeIgniter.php(509): CodeIgniter\CodeIgniter->runController(Object(App\Controllers\Export))
 3 SYSTEMPATH\CodeIgniter.php(355): CodeIgniter\CodeIgniter->handleRequest(null, Object(Config\Cache), false)
 4 SYSTEMPATH\Boot.php(312): CodeIgniter\CodeIgniter->run()
 5 SYSTEMPATH\Boot.php(67): CodeIgniter\Boot::runCodeIgniter(Object(CodeIgniter\CodeIgniter))
 6 FCPATH\index.php(55): CodeIgniter\Boot::bootWeb(Object(Config\Paths))
 7 SYSTEMPATH\Commands\Server\rewrite.php(49): require_once('C:\\wamp64\\www\\crud-structured\\public\\index.php')
CRITICAL - 2024-07-19 14:15:54 --> TypeError: Cannot access offset of type string on string
[Method: GET, Route: export/export_excel]
in APPPATH\Controllers\Export.php on line 79.
 1 SYSTEMPATH\CodeIgniter.php(933): App\Controllers\Export->export_excel()
 2 SYSTEMPATH\CodeIgniter.php(509): CodeIgniter\CodeIgniter->runController(Object(App\Controllers\Export))
 3 SYSTEMPATH\CodeIgniter.php(355): CodeIgniter\CodeIgniter->handleRequest(null, Object(Config\Cache), false)
 4 SYSTEMPATH\Boot.php(312): CodeIgniter\CodeIgniter->run()
 5 SYSTEMPATH\Boot.php(67): CodeIgniter\Boot::runCodeIgniter(Object(CodeIgniter\CodeIgniter))
 6 FCPATH\index.php(55): CodeIgniter\Boot::bootWeb(Object(Config\Paths))
 7 SYSTEMPATH\Commands\Server\rewrite.php(49): require_once('C:\\wamp64\\www\\crud-structured\\public\\index.php')
CRITICAL - 2024-07-19 14:15:54 --> TypeError: Cannot access offset of type string on string
[Method: GET, Route: export/export_excel]
in APPPATH\Controllers\Export.php on line 79.
 1 SYSTEMPATH\CodeIgniter.php(933): App\Controllers\Export->export_excel()
 2 SYSTEMPATH\CodeIgniter.php(509): CodeIgniter\CodeIgniter->runController(Object(App\Controllers\Export))
 3 SYSTEMPATH\CodeIgniter.php(355): CodeIgniter\CodeIgniter->handleRequest(null, Object(Config\Cache), false)
 4 SYSTEMPATH\Boot.php(312): CodeIgniter\CodeIgniter->run()
 5 SYSTEMPATH\Boot.php(67): CodeIgniter\Boot::runCodeIgniter(Object(CodeIgniter\CodeIgniter))
 6 FCPATH\index.php(55): CodeIgniter\Boot::bootWeb(Object(Config\Paths))
 7 SYSTEMPATH\Commands\Server\rewrite.php(49): require_once('C:\\wamp64\\www\\crud-structured\\public\\index.php')
CRITICAL - 2024-07-19 14:15:55 --> TypeError: Cannot access offset of type string on string
[Method: GET, Route: export/export_excel]
in APPPATH\Controllers\Export.php on line 79.
 1 SYSTEMPATH\CodeIgniter.php(933): App\Controllers\Export->export_excel()
 2 SYSTEMPATH\CodeIgniter.php(509): CodeIgniter\CodeIgniter->runController(Object(App\Controllers\Export))
 3 SYSTEMPATH\CodeIgniter.php(355): CodeIgniter\CodeIgniter->handleRequest(null, Object(Config\Cache), false)
 4 SYSTEMPATH\Boot.php(312): CodeIgniter\CodeIgniter->run()
 5 SYSTEMPATH\Boot.php(67): CodeIgniter\Boot::runCodeIgniter(Object(CodeIgniter\CodeIgniter))
 6 FCPATH\index.php(55): CodeIgniter\Boot::bootWeb(Object(Config\Paths))
 7 SYSTEMPATH\Commands\Server\rewrite.php(49): require_once('C:\\wamp64\\www\\crud-structured\\public\\index.php')
CRITICAL - 2024-07-19 14:15:55 --> TypeError: Cannot access offset of type string on string
[Method: GET, Route: export/export_excel]
in APPPATH\Controllers\Export.php on line 79.
 1 SYSTEMPATH\CodeIgniter.php(933): App\Controllers\Export->export_excel()
 2 SYSTEMPATH\CodeIgniter.php(509): CodeIgniter\CodeIgniter->runController(Object(App\Controllers\Export))
 3 SYSTEMPATH\CodeIgniter.php(355): CodeIgniter\CodeIgniter->handleRequest(null, Object(Config\Cache), false)
 4 SYSTEMPATH\Boot.php(312): CodeIgniter\CodeIgniter->run()
 5 SYSTEMPATH\Boot.php(67): CodeIgniter\Boot::runCodeIgniter(Object(CodeIgniter\CodeIgniter))
 6 FCPATH\index.php(55): CodeIgniter\Boot::bootWeb(Object(Config\Paths))
 7 SYSTEMPATH\Commands\Server\rewrite.php(49): require_once('C:\\wamp64\\www\\crud-structured\\public\\index.php')
CRITICAL - 2024-07-19 14:15:55 --> TypeError: Cannot access offset of type string on string
[Method: GET, Route: export/export_excel]
in APPPATH\Controllers\Export.php on line 79.
 1 SYSTEMPATH\CodeIgniter.php(933): App\Controllers\Export->export_excel()
 2 SYSTEMPATH\CodeIgniter.php(509): CodeIgniter\CodeIgniter->runController(Object(App\Controllers\Export))
 3 SYSTEMPATH\CodeIgniter.php(355): CodeIgniter\CodeIgniter->handleRequest(null, Object(Config\Cache), false)
 4 SYSTEMPATH\Boot.php(312): CodeIgniter\CodeIgniter->run()
 5 SYSTEMPATH\Boot.php(67): CodeIgniter\Boot::runCodeIgniter(Object(CodeIgniter\CodeIgniter))
 6 FCPATH\index.php(55): CodeIgniter\Boot::bootWeb(Object(Config\Paths))
 7 SYSTEMPATH\Commands\Server\rewrite.php(49): require_once('C:\\wamp64\\www\\crud-structured\\public\\index.php')
CRITICAL - 2024-07-19 14:15:55 --> TypeError: Cannot access offset of type string on string
[Method: GET, Route: export/export_excel]
in APPPATH\Controllers\Export.php on line 79.
 1 SYSTEMPATH\CodeIgniter.php(933): App\Controllers\Export->export_excel()
 2 SYSTEMPATH\CodeIgniter.php(509): CodeIgniter\CodeIgniter->runController(Object(App\Controllers\Export))
 3 SYSTEMPATH\CodeIgniter.php(355): CodeIgniter\CodeIgniter->handleRequest(null, Object(Config\Cache), false)
 4 SYSTEMPATH\Boot.php(312): CodeIgniter\CodeIgniter->run()
 5 SYSTEMPATH\Boot.php(67): CodeIgniter\Boot::runCodeIgniter(Object(CodeIgniter\CodeIgniter))
 6 FCPATH\index.php(55): CodeIgniter\Boot::bootWeb(Object(Config\Paths))
 7 SYSTEMPATH\Commands\Server\rewrite.php(49): require_once('C:\\wamp64\\www\\crud-structured\\public\\index.php')
CRITICAL - 2024-07-19 14:15:56 --> TypeError: Cannot access offset of type string on string
[Method: GET, Route: export/export_excel]
in APPPATH\Controllers\Export.php on line 79.
 1 SYSTEMPATH\CodeIgniter.php(933): App\Controllers\Export->export_excel()
 2 SYSTEMPATH\CodeIgniter.php(509): CodeIgniter\CodeIgniter->runController(Object(App\Controllers\Export))
 3 SYSTEMPATH\CodeIgniter.php(355): CodeIgniter\CodeIgniter->handleRequest(null, Object(Config\Cache), false)
 4 SYSTEMPATH\Boot.php(312): CodeIgniter\CodeIgniter->run()
 5 SYSTEMPATH\Boot.php(67): CodeIgniter\Boot::runCodeIgniter(Object(CodeIgniter\CodeIgniter))
 6 FCPATH\index.php(55): CodeIgniter\Boot::bootWeb(Object(Config\Paths))
 7 SYSTEMPATH\Commands\Server\rewrite.php(49): require_once('C:\\wamp64\\www\\crud-structured\\public\\index.php')
CRITICAL - 2024-07-19 14:16:17 --> TypeError: Cannot access offset of type string on string
[Method: GET, Route: export/export_excel]
in APPPATH\Controllers\Export.php on line 79.
 1 SYSTEMPATH\CodeIgniter.php(933): App\Controllers\Export->export_excel()
 2 SYSTEMPATH\CodeIgniter.php(509): CodeIgniter\CodeIgniter->runController(Object(App\Controllers\Export))
 3 SYSTEMPATH\CodeIgniter.php(355): CodeIgniter\CodeIgniter->handleRequest(null, Object(Config\Cache), false)
 4 SYSTEMPATH\Boot.php(312): CodeIgniter\CodeIgniter->run()
 5 SYSTEMPATH\Boot.php(67): CodeIgniter\Boot::runCodeIgniter(Object(CodeIgniter\CodeIgniter))
 6 FCPATH\index.php(55): CodeIgniter\Boot::bootWeb(Object(Config\Paths))
 7 SYSTEMPATH\Commands\Server\rewrite.php(49): require_once('C:\\wamp64\\www\\crud-structured\\public\\index.php')
CRITICAL - 2024-07-19 14:16:17 --> TypeError: Cannot access offset of type string on string
[Method: GET, Route: export/export_excel]
in APPPATH\Controllers\Export.php on line 79.
 1 SYSTEMPATH\CodeIgniter.php(933): App\Controllers\Export->export_excel()
 2 SYSTEMPATH\CodeIgniter.php(509): CodeIgniter\CodeIgniter->runController(Object(App\Controllers\Export))
 3 SYSTEMPATH\CodeIgniter.php(355): CodeIgniter\CodeIgniter->handleRequest(null, Object(Config\Cache), false)
 4 SYSTEMPATH\Boot.php(312): CodeIgniter\CodeIgniter->run()
 5 SYSTEMPATH\Boot.php(67): CodeIgniter\Boot::runCodeIgniter(Object(CodeIgniter\CodeIgniter))
 6 FCPATH\index.php(55): CodeIgniter\Boot::bootWeb(Object(Config\Paths))
 7 SYSTEMPATH\Commands\Server\rewrite.php(49): require_once('C:\\wamp64\\www\\crud-structured\\public\\index.php')
CRITICAL - 2024-07-19 14:16:18 --> TypeError: Cannot access offset of type string on string
[Method: GET, Route: export/export_excel]
in APPPATH\Controllers\Export.php on line 79.
 1 SYSTEMPATH\CodeIgniter.php(933): App\Controllers\Export->export_excel()
 2 SYSTEMPATH\CodeIgniter.php(509): CodeIgniter\CodeIgniter->runController(Object(App\Controllers\Export))
 3 SYSTEMPATH\CodeIgniter.php(355): CodeIgniter\CodeIgniter->handleRequest(null, Object(Config\Cache), false)
 4 SYSTEMPATH\Boot.php(312): CodeIgniter\CodeIgniter->run()
 5 SYSTEMPATH\Boot.php(67): CodeIgniter\Boot::runCodeIgniter(Object(CodeIgniter\CodeIgniter))
 6 FCPATH\index.php(55): CodeIgniter\Boot::bootWeb(Object(Config\Paths))
 7 SYSTEMPATH\Commands\Server\rewrite.php(49): require_once('C:\\wamp64\\www\\crud-structured\\public\\index.php')
CRITICAL - 2024-07-19 14:16:18 --> TypeError: Cannot access offset of type string on string
[Method: GET, Route: export/export_excel]
in APPPATH\Controllers\Export.php on line 79.
 1 SYSTEMPATH\CodeIgniter.php(933): App\Controllers\Export->export_excel()
 2 SYSTEMPATH\CodeIgniter.php(509): CodeIgniter\CodeIgniter->runController(Object(App\Controllers\Export))
 3 SYSTEMPATH\CodeIgniter.php(355): CodeIgniter\CodeIgniter->handleRequest(null, Object(Config\Cache), false)
 4 SYSTEMPATH\Boot.php(312): CodeIgniter\CodeIgniter->run()
 5 SYSTEMPATH\Boot.php(67): CodeIgniter\Boot::runCodeIgniter(Object(CodeIgniter\CodeIgniter))
 6 FCPATH\index.php(55): CodeIgniter\Boot::bootWeb(Object(Config\Paths))
 7 SYSTEMPATH\Commands\Server\rewrite.php(49): require_once('C:\\wamp64\\www\\crud-structured\\public\\index.php')
CRITICAL - 2024-07-19 14:16:18 --> TypeError: Cannot access offset of type string on string
[Method: GET, Route: export/export_excel]
in APPPATH\Controllers\Export.php on line 79.
 1 SYSTEMPATH\CodeIgniter.php(933): App\Controllers\Export->export_excel()
 2 SYSTEMPATH\CodeIgniter.php(509): CodeIgniter\CodeIgniter->runController(Object(App\Controllers\Export))
 3 SYSTEMPATH\CodeIgniter.php(355): CodeIgniter\CodeIgniter->handleRequest(null, Object(Config\Cache), false)
 4 SYSTEMPATH\Boot.php(312): CodeIgniter\CodeIgniter->run()
 5 SYSTEMPATH\Boot.php(67): CodeIgniter\Boot::runCodeIgniter(Object(CodeIgniter\CodeIgniter))
 6 FCPATH\index.php(55): CodeIgniter\Boot::bootWeb(Object(Config\Paths))
 7 SYSTEMPATH\Commands\Server\rewrite.php(49): require_once('C:\\wamp64\\www\\crud-structured\\public\\index.php')
CRITICAL - 2024-07-19 14:16:19 --> TypeError: Cannot access offset of type string on string
[Method: GET, Route: export/export_excel]
in APPPATH\Controllers\Export.php on line 79.
 1 SYSTEMPATH\CodeIgniter.php(933): App\Controllers\Export->export_excel()
 2 SYSTEMPATH\CodeIgniter.php(509): CodeIgniter\CodeIgniter->runController(Object(App\Controllers\Export))
 3 SYSTEMPATH\CodeIgniter.php(355): CodeIgniter\CodeIgniter->handleRequest(null, Object(Config\Cache), false)
 4 SYSTEMPATH\Boot.php(312): CodeIgniter\CodeIgniter->run()
 5 SYSTEMPATH\Boot.php(67): CodeIgniter\Boot::runCodeIgniter(Object(CodeIgniter\CodeIgniter))
 6 FCPATH\index.php(55): CodeIgniter\Boot::bootWeb(Object(Config\Paths))
 7 SYSTEMPATH\Commands\Server\rewrite.php(49): require_once('C:\\wamp64\\www\\crud-structured\\public\\index.php')
CRITICAL - 2024-07-19 14:16:19 --> TypeError: Cannot access offset of type string on string
[Method: GET, Route: export/export_excel]
in APPPATH\Controllers\Export.php on line 79.
 1 SYSTEMPATH\CodeIgniter.php(933): App\Controllers\Export->export_excel()
 2 SYSTEMPATH\CodeIgniter.php(509): CodeIgniter\CodeIgniter->runController(Object(App\Controllers\Export))
 3 SYSTEMPATH\CodeIgniter.php(355): CodeIgniter\CodeIgniter->handleRequest(null, Object(Config\Cache), false)
 4 SYSTEMPATH\Boot.php(312): CodeIgniter\CodeIgniter->run()
 5 SYSTEMPATH\Boot.php(67): CodeIgniter\Boot::runCodeIgniter(Object(CodeIgniter\CodeIgniter))
 6 FCPATH\index.php(55): CodeIgniter\Boot::bootWeb(Object(Config\Paths))
 7 SYSTEMPATH\Commands\Server\rewrite.php(49): require_once('C:\\wamp64\\www\\crud-structured\\public\\index.php')
CRITICAL - 2024-07-19 14:16:19 --> TypeError: Cannot access offset of type string on string
[Method: GET, Route: export/export_excel]
in APPPATH\Controllers\Export.php on line 79.
 1 SYSTEMPATH\CodeIgniter.php(933): App\Controllers\Export->export_excel()
 2 SYSTEMPATH\CodeIgniter.php(509): CodeIgniter\CodeIgniter->runController(Object(App\Controllers\Export))
 3 SYSTEMPATH\CodeIgniter.php(355): CodeIgniter\CodeIgniter->handleRequest(null, Object(Config\Cache), false)
 4 SYSTEMPATH\Boot.php(312): CodeIgniter\CodeIgniter->run()
 5 SYSTEMPATH\Boot.php(67): CodeIgniter\Boot::runCodeIgniter(Object(CodeIgniter\CodeIgniter))
 6 FCPATH\index.php(55): CodeIgniter\Boot::bootWeb(Object(Config\Paths))
 7 SYSTEMPATH\Commands\Server\rewrite.php(49): require_once('C:\\wamp64\\www\\crud-structured\\public\\index.php')
CRITICAL - 2024-07-19 14:16:20 --> TypeError: Cannot access offset of type string on string
[Method: GET, Route: export/export_excel]
in APPPATH\Controllers\Export.php on line 79.
 1 SYSTEMPATH\CodeIgniter.php(933): App\Controllers\Export->export_excel()
 2 SYSTEMPATH\CodeIgniter.php(509): CodeIgniter\CodeIgniter->runController(Object(App\Controllers\Export))
 3 SYSTEMPATH\CodeIgniter.php(355): CodeIgniter\CodeIgniter->handleRequest(null, Object(Config\Cache), false)
 4 SYSTEMPATH\Boot.php(312): CodeIgniter\CodeIgniter->run()
 5 SYSTEMPATH\Boot.php(67): CodeIgniter\Boot::runCodeIgniter(Object(CodeIgniter\CodeIgniter))
 6 FCPATH\index.php(55): CodeIgniter\Boot::bootWeb(Object(Config\Paths))
 7 SYSTEMPATH\Commands\Server\rewrite.php(49): require_once('C:\\wamp64\\www\\crud-structured\\public\\index.php')
CRITICAL - 2024-07-19 14:16:20 --> TypeError: Cannot access offset of type string on string
[Method: GET, Route: export/export_excel]
in APPPATH\Controllers\Export.php on line 79.
 1 SYSTEMPATH\CodeIgniter.php(933): App\Controllers\Export->export_excel()
 2 SYSTEMPATH\CodeIgniter.php(509): CodeIgniter\CodeIgniter->runController(Object(App\Controllers\Export))
 3 SYSTEMPATH\CodeIgniter.php(355): CodeIgniter\CodeIgniter->handleRequest(null, Object(Config\Cache), false)
 4 SYSTEMPATH\Boot.php(312): CodeIgniter\CodeIgniter->run()
 5 SYSTEMPATH\Boot.php(67): CodeIgniter\Boot::runCodeIgniter(Object(CodeIgniter\CodeIgniter))
 6 FCPATH\index.php(55): CodeIgniter\Boot::bootWeb(Object(Config\Paths))
 7 SYSTEMPATH\Commands\Server\rewrite.php(49): require_once('C:\\wamp64\\www\\crud-structured\\public\\index.php')
CRITICAL - 2024-07-19 14:16:20 --> TypeError: Cannot access offset of type string on string
[Method: GET, Route: export/export_excel]
in APPPATH\Controllers\Export.php on line 79.
 1 SYSTEMPATH\CodeIgniter.php(933): App\Controllers\Export->export_excel()
 2 SYSTEMPATH\CodeIgniter.php(509): CodeIgniter\CodeIgniter->runController(Object(App\Controllers\Export))
 3 SYSTEMPATH\CodeIgniter.php(355): CodeIgniter\CodeIgniter->handleRequest(null, Object(Config\Cache), false)
 4 SYSTEMPATH\Boot.php(312): CodeIgniter\CodeIgniter->run()
 5 SYSTEMPATH\Boot.php(67): CodeIgniter\Boot::runCodeIgniter(Object(CodeIgniter\CodeIgniter))
 6 FCPATH\index.php(55): CodeIgniter\Boot::bootWeb(Object(Config\Paths))
 7 SYSTEMPATH\Commands\Server\rewrite.php(49): require_once('C:\\wamp64\\www\\crud-structured\\public\\index.php')
CRITICAL - 2024-07-19 14:16:20 --> TypeError: Cannot access offset of type string on string
[Method: GET, Route: export/export_excel]
in APPPATH\Controllers\Export.php on line 79.
 1 SYSTEMPATH\CodeIgniter.php(933): App\Controllers\Export->export_excel()
 2 SYSTEMPATH\CodeIgniter.php(509): CodeIgniter\CodeIgniter->runController(Object(App\Controllers\Export))
 3 SYSTEMPATH\CodeIgniter.php(355): CodeIgniter\CodeIgniter->handleRequest(null, Object(Config\Cache), false)
 4 SYSTEMPATH\Boot.php(312): CodeIgniter\CodeIgniter->run()
 5 SYSTEMPATH\Boot.php(67): CodeIgniter\Boot::runCodeIgniter(Object(CodeIgniter\CodeIgniter))
 6 FCPATH\index.php(55): CodeIgniter\Boot::bootWeb(Object(Config\Paths))
 7 SYSTEMPATH\Commands\Server\rewrite.php(49): require_once('C:\\wamp64\\www\\crud-structured\\public\\index.php')
CRITICAL - 2024-07-19 14:16:20 --> TypeError: Cannot access offset of type string on string
[Method: GET, Route: export/export_excel]
in APPPATH\Controllers\Export.php on line 79.
 1 SYSTEMPATH\CodeIgniter.php(933): App\Controllers\Export->export_excel()
 2 SYSTEMPATH\CodeIgniter.php(509): CodeIgniter\CodeIgniter->runController(Object(App\Controllers\Export))
 3 SYSTEMPATH\CodeIgniter.php(355): CodeIgniter\CodeIgniter->handleRequest(null, Object(Config\Cache), false)
 4 SYSTEMPATH\Boot.php(312): CodeIgniter\CodeIgniter->run()
 5 SYSTEMPATH\Boot.php(67): CodeIgniter\Boot::runCodeIgniter(Object(CodeIgniter\CodeIgniter))
 6 FCPATH\index.php(55): CodeIgniter\Boot::bootWeb(Object(Config\Paths))
 7 SYSTEMPATH\Commands\Server\rewrite.php(49): require_once('C:\\wamp64\\www\\crud-structured\\public\\index.php')
CRITICAL - 2024-07-19 14:16:20 --> TypeError: Cannot access offset of type string on string
[Method: GET, Route: export/export_excel]
in APPPATH\Controllers\Export.php on line 79.
 1 SYSTEMPATH\CodeIgniter.php(933): App\Controllers\Export->export_excel()
 2 SYSTEMPATH\CodeIgniter.php(509): CodeIgniter\CodeIgniter->runController(Object(App\Controllers\Export))
 3 SYSTEMPATH\CodeIgniter.php(355): CodeIgniter\CodeIgniter->handleRequest(null, Object(Config\Cache), false)
 4 SYSTEMPATH\Boot.php(312): CodeIgniter\CodeIgniter->run()
 5 SYSTEMPATH\Boot.php(67): CodeIgniter\Boot::runCodeIgniter(Object(CodeIgniter\CodeIgniter))
 6 FCPATH\index.php(55): CodeIgniter\Boot::bootWeb(Object(Config\Paths))
 7 SYSTEMPATH\Commands\Server\rewrite.php(49): require_once('C:\\wamp64\\www\\crud-structured\\public\\index.php')
CRITICAL - 2024-07-19 14:16:26 --> TypeError: Cannot access offset of type string on string
[Method: GET, Route: export/export_excel]
in APPPATH\Controllers\Export.php on line 79.
 1 SYSTEMPATH\CodeIgniter.php(933): App\Controllers\Export->export_excel()
 2 SYSTEMPATH\CodeIgniter.php(509): CodeIgniter\CodeIgniter->runController(Object(App\Controllers\Export))
 3 SYSTEMPATH\CodeIgniter.php(355): CodeIgniter\CodeIgniter->handleRequest(null, Object(Config\Cache), false)
 4 SYSTEMPATH\Boot.php(312): CodeIgniter\CodeIgniter->run()
 5 SYSTEMPATH\Boot.php(67): CodeIgniter\Boot::runCodeIgniter(Object(CodeIgniter\CodeIgniter))
 6 FCPATH\index.php(55): CodeIgniter\Boot::bootWeb(Object(Config\Paths))
 7 SYSTEMPATH\Commands\Server\rewrite.php(49): require_once('C:\\wamp64\\www\\crud-structured\\public\\index.php')
CRITICAL - 2024-07-19 14:16:26 --> TypeError: Cannot access offset of type string on string
[Method: GET, Route: export/export_excel]
in APPPATH\Controllers\Export.php on line 79.
 1 SYSTEMPATH\CodeIgniter.php(933): App\Controllers\Export->export_excel()
 2 SYSTEMPATH\CodeIgniter.php(509): CodeIgniter\CodeIgniter->runController(Object(App\Controllers\Export))
 3 SYSTEMPATH\CodeIgniter.php(355): CodeIgniter\CodeIgniter->handleRequest(null, Object(Config\Cache), false)
 4 SYSTEMPATH\Boot.php(312): CodeIgniter\CodeIgniter->run()
 5 SYSTEMPATH\Boot.php(67): CodeIgniter\Boot::runCodeIgniter(Object(CodeIgniter\CodeIgniter))
 6 FCPATH\index.php(55): CodeIgniter\Boot::bootWeb(Object(Config\Paths))
 7 SYSTEMPATH\Commands\Server\rewrite.php(49): require_once('C:\\wamp64\\www\\crud-structured\\public\\index.php')
CRITICAL - 2024-07-19 14:16:27 --> TypeError: Cannot access offset of type string on string
[Method: GET, Route: export/export_excel]
in APPPATH\Controllers\Export.php on line 79.
 1 SYSTEMPATH\CodeIgniter.php(933): App\Controllers\Export->export_excel()
 2 SYSTEMPATH\CodeIgniter.php(509): CodeIgniter\CodeIgniter->runController(Object(App\Controllers\Export))
 3 SYSTEMPATH\CodeIgniter.php(355): CodeIgniter\CodeIgniter->handleRequest(null, Object(Config\Cache), false)
 4 SYSTEMPATH\Boot.php(312): CodeIgniter\CodeIgniter->run()
 5 SYSTEMPATH\Boot.php(67): CodeIgniter\Boot::runCodeIgniter(Object(CodeIgniter\CodeIgniter))
 6 FCPATH\index.php(55): CodeIgniter\Boot::bootWeb(Object(Config\Paths))
 7 SYSTEMPATH\Commands\Server\rewrite.php(49): require_once('C:\\wamp64\\www\\crud-structured\\public\\index.php')
CRITICAL - 2024-07-19 14:16:27 --> TypeError: Cannot access offset of type string on string
[Method: GET, Route: export/export_excel]
in APPPATH\Controllers\Export.php on line 79.
 1 SYSTEMPATH\CodeIgniter.php(933): App\Controllers\Export->export_excel()
 2 SYSTEMPATH\CodeIgniter.php(509): CodeIgniter\CodeIgniter->runController(Object(App\Controllers\Export))
 3 SYSTEMPATH\CodeIgniter.php(355): CodeIgniter\CodeIgniter->handleRequest(null, Object(Config\Cache), false)
 4 SYSTEMPATH\Boot.php(312): CodeIgniter\CodeIgniter->run()
 5 SYSTEMPATH\Boot.php(67): CodeIgniter\Boot::runCodeIgniter(Object(CodeIgniter\CodeIgniter))
 6 FCPATH\index.php(55): CodeIgniter\Boot::bootWeb(Object(Config\Paths))
 7 SYSTEMPATH\Commands\Server\rewrite.php(49): require_once('C:\\wamp64\\www\\crud-structured\\public\\index.php')
CRITICAL - 2024-07-19 14:16:28 --> TypeError: Cannot access offset of type string on string
[Method: GET, Route: export/export_excel]
in APPPATH\Controllers\Export.php on line 79.
 1 SYSTEMPATH\CodeIgniter.php(933): App\Controllers\Export->export_excel()
 2 SYSTEMPATH\CodeIgniter.php(509): CodeIgniter\CodeIgniter->runController(Object(App\Controllers\Export))
 3 SYSTEMPATH\CodeIgniter.php(355): CodeIgniter\CodeIgniter->handleRequest(null, Object(Config\Cache), false)
 4 SYSTEMPATH\Boot.php(312): CodeIgniter\CodeIgniter->run()
 5 SYSTEMPATH\Boot.php(67): CodeIgniter\Boot::runCodeIgniter(Object(CodeIgniter\CodeIgniter))
 6 FCPATH\index.php(55): CodeIgniter\Boot::bootWeb(Object(Config\Paths))
 7 SYSTEMPATH\Commands\Server\rewrite.php(49): require_once('C:\\wamp64\\www\\crud-structured\\public\\index.php')
CRITICAL - 2024-07-19 14:16:28 --> TypeError: Cannot access offset of type string on string
[Method: GET, Route: export/export_excel]
in APPPATH\Controllers\Export.php on line 79.
 1 SYSTEMPATH\CodeIgniter.php(933): App\Controllers\Export->export_excel()
 2 SYSTEMPATH\CodeIgniter.php(509): CodeIgniter\CodeIgniter->runController(Object(App\Controllers\Export))
 3 SYSTEMPATH\CodeIgniter.php(355): CodeIgniter\CodeIgniter->handleRequest(null, Object(Config\Cache), false)
 4 SYSTEMPATH\Boot.php(312): CodeIgniter\CodeIgniter->run()
 5 SYSTEMPATH\Boot.php(67): CodeIgniter\Boot::runCodeIgniter(Object(CodeIgniter\CodeIgniter))
 6 FCPATH\index.php(55): CodeIgniter\Boot::bootWeb(Object(Config\Paths))
 7 SYSTEMPATH\Commands\Server\rewrite.php(49): require_once('C:\\wamp64\\www\\crud-structured\\public\\index.php')
CRITICAL - 2024-07-19 14:16:28 --> TypeError: Cannot access offset of type string on string
[Method: GET, Route: export/export_excel]
in APPPATH\Controllers\Export.php on line 79.
 1 SYSTEMPATH\CodeIgniter.php(933): App\Controllers\Export->export_excel()
 2 SYSTEMPATH\CodeIgniter.php(509): CodeIgniter\CodeIgniter->runController(Object(App\Controllers\Export))
 3 SYSTEMPATH\CodeIgniter.php(355): CodeIgniter\CodeIgniter->handleRequest(null, Object(Config\Cache), false)
 4 SYSTEMPATH\Boot.php(312): CodeIgniter\CodeIgniter->run()
 5 SYSTEMPATH\Boot.php(67): CodeIgniter\Boot::runCodeIgniter(Object(CodeIgniter\CodeIgniter))
 6 FCPATH\index.php(55): CodeIgniter\Boot::bootWeb(Object(Config\Paths))
 7 SYSTEMPATH\Commands\Server\rewrite.php(49): require_once('C:\\wamp64\\www\\crud-structured\\public\\index.php')
CRITICAL - 2024-07-19 14:16:29 --> TypeError: Cannot access offset of type string on string
[Method: GET, Route: export/export_excel]
in APPPATH\Controllers\Export.php on line 79.
 1 SYSTEMPATH\CodeIgniter.php(933): App\Controllers\Export->export_excel()
 2 SYSTEMPATH\CodeIgniter.php(509): CodeIgniter\CodeIgniter->runController(Object(App\Controllers\Export))
 3 SYSTEMPATH\CodeIgniter.php(355): CodeIgniter\CodeIgniter->handleRequest(null, Object(Config\Cache), false)
 4 SYSTEMPATH\Boot.php(312): CodeIgniter\CodeIgniter->run()
 5 SYSTEMPATH\Boot.php(67): CodeIgniter\Boot::runCodeIgniter(Object(CodeIgniter\CodeIgniter))
 6 FCPATH\index.php(55): CodeIgniter\Boot::bootWeb(Object(Config\Paths))
 7 SYSTEMPATH\Commands\Server\rewrite.php(49): require_once('C:\\wamp64\\www\\crud-structured\\public\\index.php')
CRITICAL - 2024-07-19 14:16:29 --> TypeError: Cannot access offset of type string on string
[Method: GET, Route: export/export_excel]
in APPPATH\Controllers\Export.php on line 79.
 1 SYSTEMPATH\CodeIgniter.php(933): App\Controllers\Export->export_excel()
 2 SYSTEMPATH\CodeIgniter.php(509): CodeIgniter\CodeIgniter->runController(Object(App\Controllers\Export))
 3 SYSTEMPATH\CodeIgniter.php(355): CodeIgniter\CodeIgniter->handleRequest(null, Object(Config\Cache), false)
 4 SYSTEMPATH\Boot.php(312): CodeIgniter\CodeIgniter->run()
 5 SYSTEMPATH\Boot.php(67): CodeIgniter\Boot::runCodeIgniter(Object(CodeIgniter\CodeIgniter))
 6 FCPATH\index.php(55): CodeIgniter\Boot::bootWeb(Object(Config\Paths))
 7 SYSTEMPATH\Commands\Server\rewrite.php(49): require_once('C:\\wamp64\\www\\crud-structured\\public\\index.php')
CRITICAL - 2024-07-19 14:16:30 --> TypeError: Cannot access offset of type string on string
[Method: GET, Route: export/export_excel]
in APPPATH\Controllers\Export.php on line 79.
 1 SYSTEMPATH\CodeIgniter.php(933): App\Controllers\Export->export_excel()
 2 SYSTEMPATH\CodeIgniter.php(509): CodeIgniter\CodeIgniter->runController(Object(App\Controllers\Export))
 3 SYSTEMPATH\CodeIgniter.php(355): CodeIgniter\CodeIgniter->handleRequest(null, Object(Config\Cache), false)
 4 SYSTEMPATH\Boot.php(312): CodeIgniter\CodeIgniter->run()
 5 SYSTEMPATH\Boot.php(67): CodeIgniter\Boot::runCodeIgniter(Object(CodeIgniter\CodeIgniter))
 6 FCPATH\index.php(55): CodeIgniter\Boot::bootWeb(Object(Config\Paths))
 7 SYSTEMPATH\Commands\Server\rewrite.php(49): require_once('C:\\wamp64\\www\\crud-structured\\public\\index.php')
CRITICAL - 2024-07-19 14:16:30 --> TypeError: Cannot access offset of type string on string
[Method: GET, Route: export/export_excel]
in APPPATH\Controllers\Export.php on line 79.
 1 SYSTEMPATH\CodeIgniter.php(933): App\Controllers\Export->export_excel()
 2 SYSTEMPATH\CodeIgniter.php(509): CodeIgniter\CodeIgniter->runController(Object(App\Controllers\Export))
 3 SYSTEMPATH\CodeIgniter.php(355): CodeIgniter\CodeIgniter->handleRequest(null, Object(Config\Cache), false)
 4 SYSTEMPATH\Boot.php(312): CodeIgniter\CodeIgniter->run()
 5 SYSTEMPATH\Boot.php(67): CodeIgniter\Boot::runCodeIgniter(Object(CodeIgniter\CodeIgniter))
 6 FCPATH\index.php(55): CodeIgniter\Boot::bootWeb(Object(Config\Paths))
 7 SYSTEMPATH\Commands\Server\rewrite.php(49): require_once('C:\\wamp64\\www\\crud-structured\\public\\index.php')
CRITICAL - 2024-07-19 14:16:30 --> TypeError: Cannot access offset of type string on string
[Method: GET, Route: export/export_excel]
in APPPATH\Controllers\Export.php on line 79.
 1 SYSTEMPATH\CodeIgniter.php(933): App\Controllers\Export->export_excel()
 2 SYSTEMPATH\CodeIgniter.php(509): CodeIgniter\CodeIgniter->runController(Object(App\Controllers\Export))
 3 SYSTEMPATH\CodeIgniter.php(355): CodeIgniter\CodeIgniter->handleRequest(null, Object(Config\Cache), false)
 4 SYSTEMPATH\Boot.php(312): CodeIgniter\CodeIgniter->run()
 5 SYSTEMPATH\Boot.php(67): CodeIgniter\Boot::runCodeIgniter(Object(CodeIgniter\CodeIgniter))
 6 FCPATH\index.php(55): CodeIgniter\Boot::bootWeb(Object(Config\Paths))
 7 SYSTEMPATH\Commands\Server\rewrite.php(49): require_once('C:\\wamp64\\www\\crud-structured\\public\\index.php')
CRITICAL - 2024-07-19 14:16:30 --> TypeError: Cannot access offset of type string on string
[Method: GET, Route: export/export_excel]
in APPPATH\Controllers\Export.php on line 79.
 1 SYSTEMPATH\CodeIgniter.php(933): App\Controllers\Export->export_excel()
 2 SYSTEMPATH\CodeIgniter.php(509): CodeIgniter\CodeIgniter->runController(Object(App\Controllers\Export))
 3 SYSTEMPATH\CodeIgniter.php(355): CodeIgniter\CodeIgniter->handleRequest(null, Object(Config\Cache), false)
 4 SYSTEMPATH\Boot.php(312): CodeIgniter\CodeIgniter->run()
 5 SYSTEMPATH\Boot.php(67): CodeIgniter\Boot::runCodeIgniter(Object(CodeIgniter\CodeIgniter))
 6 FCPATH\index.php(55): CodeIgniter\Boot::bootWeb(Object(Config\Paths))
 7 SYSTEMPATH\Commands\Server\rewrite.php(49): require_once('C:\\wamp64\\www\\crud-structured\\public\\index.php')
CRITICAL - 2024-07-19 14:16:57 --> TypeError: Cannot access offset of type string on string
[Method: GET, Route: export/export_excel]
in APPPATH\Controllers\Export.php on line 79.
 1 SYSTEMPATH\CodeIgniter.php(933): App\Controllers\Export->export_excel()
 2 SYSTEMPATH\CodeIgniter.php(509): CodeIgniter\CodeIgniter->runController(Object(App\Controllers\Export))
 3 SYSTEMPATH\CodeIgniter.php(355): CodeIgniter\CodeIgniter->handleRequest(null, Object(Config\Cache), false)
 4 SYSTEMPATH\Boot.php(312): CodeIgniter\CodeIgniter->run()
 5 SYSTEMPATH\Boot.php(67): CodeIgniter\Boot::runCodeIgniter(Object(CodeIgniter\CodeIgniter))
 6 FCPATH\index.php(55): CodeIgniter\Boot::bootWeb(Object(Config\Paths))
 7 SYSTEMPATH\Commands\Server\rewrite.php(49): require_once('C:\\wamp64\\www\\crud-structured\\public\\index.php')
CRITICAL - 2024-07-19 14:16:59 --> TypeError: Cannot access offset of type string on string
[Method: GET, Route: export/export_excel]
in APPPATH\Controllers\Export.php on line 79.
 1 SYSTEMPATH\CodeIgniter.php(933): App\Controllers\Export->export_excel()
 2 SYSTEMPATH\CodeIgniter.php(509): CodeIgniter\CodeIgniter->runController(Object(App\Controllers\Export))
 3 SYSTEMPATH\CodeIgniter.php(355): CodeIgniter\CodeIgniter->handleRequest(null, Object(Config\Cache), false)
 4 SYSTEMPATH\Boot.php(312): CodeIgniter\CodeIgniter->run()
 5 SYSTEMPATH\Boot.php(67): CodeIgniter\Boot::runCodeIgniter(Object(CodeIgniter\CodeIgniter))
 6 FCPATH\index.php(55): CodeIgniter\Boot::bootWeb(Object(Config\Paths))
 7 SYSTEMPATH\Commands\Server\rewrite.php(49): require_once('C:\\wamp64\\www\\crud-structured\\public\\index.php')
CRITICAL - 2024-07-19 14:16:59 --> TypeError: Cannot access offset of type string on string
[Method: GET, Route: export/export_excel]
in APPPATH\Controllers\Export.php on line 79.
 1 SYSTEMPATH\CodeIgniter.php(933): App\Controllers\Export->export_excel()
 2 SYSTEMPATH\CodeIgniter.php(509): CodeIgniter\CodeIgniter->runController(Object(App\Controllers\Export))
 3 SYSTEMPATH\CodeIgniter.php(355): CodeIgniter\CodeIgniter->handleRequest(null, Object(Config\Cache), false)
 4 SYSTEMPATH\Boot.php(312): CodeIgniter\CodeIgniter->run()
 5 SYSTEMPATH\Boot.php(67): CodeIgniter\Boot::runCodeIgniter(Object(CodeIgniter\CodeIgniter))
 6 FCPATH\index.php(55): CodeIgniter\Boot::bootWeb(Object(Config\Paths))
 7 SYSTEMPATH\Commands\Server\rewrite.php(49): require_once('C:\\wamp64\\www\\crud-structured\\public\\index.php')
CRITICAL - 2024-07-19 14:17:23 --> ParseError: syntax error, unexpected token "}"
[Method: GET, Route: export/export_excel]
in APPPATH\Controllers\Export.php on line 77.
 1 SYSTEMPATH\Router\Router.php(562): CodeIgniter\Router\AutoRouter->getRoute('export/export_excel', 'GET')
 2 SYSTEMPATH\Router\Router.php(227): CodeIgniter\Router\Router->autoRoute('export/export_excel')
 3 SYSTEMPATH\CodeIgniter.php(834): CodeIgniter\Router\Router->handle('export/export_excel')
 4 SYSTEMPATH\CodeIgniter.php(457): CodeIgniter\CodeIgniter->tryToRouteIt(Object(CodeIgniter\Router\RouteCollection))
 5 SYSTEMPATH\CodeIgniter.php(355): CodeIgniter\CodeIgniter->handleRequest(null, Object(Config\Cache), false)
 6 SYSTEMPATH\Boot.php(312): CodeIgniter\CodeIgniter->run()
 7 SYSTEMPATH\Boot.php(67): CodeIgniter\Boot::runCodeIgniter(Object(CodeIgniter\CodeIgniter))
 8 FCPATH\index.php(55): CodeIgniter\Boot::bootWeb(Object(Config\Paths))
 9 SYSTEMPATH\Commands\Server\rewrite.php(49): require_once('C:\\wamp64\\www\\crud-structured\\public\\index.php')
CRITICAL - 2024-07-19 15:25:29 --> ErrorException: Array to string conversion
[Method: GET, Route: export/export_excel]
in APPPATH\Controllers\Export.php on line 85.
 1 APPPATH\Controllers\Export.php(85): CodeIgniter\Debug\Exceptions->errorHandler(2, 'Array to string conversion', 'C:\\wamp64\\www\\crud-structured\\app\\Controllers\\Export.php', 85)
 2 SYSTEMPATH\CodeIgniter.php(933): App\Controllers\Export->export_excel()
 3 SYSTEMPATH\CodeIgniter.php(509): CodeIgniter\CodeIgniter->runController(Object(App\Controllers\Export))
 4 SYSTEMPATH\CodeIgniter.php(355): CodeIgniter\CodeIgniter->handleRequest(null, Object(Config\Cache), false)
 5 SYSTEMPATH\Boot.php(312): CodeIgniter\CodeIgniter->run()
 6 SYSTEMPATH\Boot.php(67): CodeIgniter\Boot::runCodeIgniter(Object(CodeIgniter\CodeIgniter))
 7 FCPATH\index.php(55): CodeIgniter\Boot::bootWeb(Object(Config\Paths))
 8 SYSTEMPATH\Commands\Server\rewrite.php(49): require_once('C:\\wamp64\\www\\crud-structured\\public\\index.php')
CRITICAL - 2024-07-19 15:25:29 --> ErrorException: Array to string conversion
[Method: GET, Route: export/export_excel]
in APPPATH\Controllers\Export.php on line 85.
 1 APPPATH\Controllers\Export.php(85): CodeIgniter\Debug\Exceptions->errorHandler(2, 'Array to string conversion', 'C:\\wamp64\\www\\crud-structured\\app\\Controllers\\Export.php', 85)
 2 SYSTEMPATH\CodeIgniter.php(933): App\Controllers\Export->export_excel()
 3 SYSTEMPATH\CodeIgniter.php(509): CodeIgniter\CodeIgniter->runController(Object(App\Controllers\Export))
 4 SYSTEMPATH\CodeIgniter.php(355): CodeIgniter\CodeIgniter->handleRequest(null, Object(Config\Cache), false)
 5 SYSTEMPATH\Boot.php(312): CodeIgniter\CodeIgniter->run()
 6 SYSTEMPATH\Boot.php(67): CodeIgniter\Boot::runCodeIgniter(Object(CodeIgniter\CodeIgniter))
 7 FCPATH\index.php(55): CodeIgniter\Boot::bootWeb(Object(Config\Paths))
 8 SYSTEMPATH\Commands\Server\rewrite.php(49): require_once('C:\\wamp64\\www\\crud-structured\\public\\index.php')
CRITICAL - 2024-07-19 15:25:29 --> ErrorException: Array to string conversion
[Method: GET, Route: export/export_excel]
in APPPATH\Controllers\Export.php on line 85.
 1 APPPATH\Controllers\Export.php(85): CodeIgniter\Debug\Exceptions->errorHandler(2, 'Array to string conversion', 'C:\\wamp64\\www\\crud-structured\\app\\Controllers\\Export.php', 85)
 2 SYSTEMPATH\CodeIgniter.php(933): App\Controllers\Export->export_excel()
 3 SYSTEMPATH\CodeIgniter.php(509): CodeIgniter\CodeIgniter->runController(Object(App\Controllers\Export))
 4 SYSTEMPATH\CodeIgniter.php(355): CodeIgniter\CodeIgniter->handleRequest(null, Object(Config\Cache), false)
 5 SYSTEMPATH\Boot.php(312): CodeIgniter\CodeIgniter->run()
 6 SYSTEMPATH\Boot.php(67): CodeIgniter\Boot::runCodeIgniter(Object(CodeIgniter\CodeIgniter))
 7 FCPATH\index.php(55): CodeIgniter\Boot::bootWeb(Object(Config\Paths))
 8 SYSTEMPATH\Commands\Server\rewrite.php(49): require_once('C:\\wamp64\\www\\crud-structured\\public\\index.php')
CRITICAL - 2024-07-19 15:25:29 --> ErrorException: Array to string conversion
[Method: GET, Route: export/export_excel]
in APPPATH\Controllers\Export.php on line 85.
 1 APPPATH\Controllers\Export.php(85): CodeIgniter\Debug\Exceptions->errorHandler(2, 'Array to string conversion', 'C:\\wamp64\\www\\crud-structured\\app\\Controllers\\Export.php', 85)
 2 SYSTEMPATH\CodeIgniter.php(933): App\Controllers\Export->export_excel()
 3 SYSTEMPATH\CodeIgniter.php(509): CodeIgniter\CodeIgniter->runController(Object(App\Controllers\Export))
 4 SYSTEMPATH\CodeIgniter.php(355): CodeIgniter\CodeIgniter->handleRequest(null, Object(Config\Cache), false)
 5 SYSTEMPATH\Boot.php(312): CodeIgniter\CodeIgniter->run()
 6 SYSTEMPATH\Boot.php(67): CodeIgniter\Boot::runCodeIgniter(Object(CodeIgniter\CodeIgniter))
 7 FCPATH\index.php(55): CodeIgniter\Boot::bootWeb(Object(Config\Paths))
 8 SYSTEMPATH\Commands\Server\rewrite.php(49): require_once('C:\\wamp64\\www\\crud-structured\\public\\index.php')
CRITICAL - 2024-07-19 15:25:30 --> ErrorException: Array to string conversion
[Method: GET, Route: export/export_excel]
in APPPATH\Controllers\Export.php on line 85.
 1 APPPATH\Controllers\Export.php(85): CodeIgniter\Debug\Exceptions->errorHandler(2, 'Array to string conversion', 'C:\\wamp64\\www\\crud-structured\\app\\Controllers\\Export.php', 85)
 2 SYSTEMPATH\CodeIgniter.php(933): App\Controllers\Export->export_excel()
 3 SYSTEMPATH\CodeIgniter.php(509): CodeIgniter\CodeIgniter->runController(Object(App\Controllers\Export))
 4 SYSTEMPATH\CodeIgniter.php(355): CodeIgniter\CodeIgniter->handleRequest(null, Object(Config\Cache), false)
 5 SYSTEMPATH\Boot.php(312): CodeIgniter\CodeIgniter->run()
 6 SYSTEMPATH\Boot.php(67): CodeIgniter\Boot::runCodeIgniter(Object(CodeIgniter\CodeIgniter))
 7 FCPATH\index.php(55): CodeIgniter\Boot::bootWeb(Object(Config\Paths))
 8 SYSTEMPATH\Commands\Server\rewrite.php(49): require_once('C:\\wamp64\\www\\crud-structured\\public\\index.php')
CRITICAL - 2024-07-19 15:25:30 --> ErrorException: Array to string conversion
[Method: GET, Route: export/export_excel]
in APPPATH\Controllers\Export.php on line 85.
 1 APPPATH\Controllers\Export.php(85): CodeIgniter\Debug\Exceptions->errorHandler(2, 'Array to string conversion', 'C:\\wamp64\\www\\crud-structured\\app\\Controllers\\Export.php', 85)
 2 SYSTEMPATH\CodeIgniter.php(933): App\Controllers\Export->export_excel()
 3 SYSTEMPATH\CodeIgniter.php(509): CodeIgniter\CodeIgniter->runController(Object(App\Controllers\Export))
 4 SYSTEMPATH\CodeIgniter.php(355): CodeIgniter\CodeIgniter->handleRequest(null, Object(Config\Cache), false)
 5 SYSTEMPATH\Boot.php(312): CodeIgniter\CodeIgniter->run()
 6 SYSTEMPATH\Boot.php(67): CodeIgniter\Boot::runCodeIgniter(Object(CodeIgniter\CodeIgniter))
 7 FCPATH\index.php(55): CodeIgniter\Boot::bootWeb(Object(Config\Paths))
 8 SYSTEMPATH\Commands\Server\rewrite.php(49): require_once('C:\\wamp64\\www\\crud-structured\\public\\index.php')
CRITICAL - 2024-07-19 15:25:30 --> ErrorException: Array to string conversion
[Method: GET, Route: export/export_excel]
in APPPATH\Controllers\Export.php on line 85.
 1 APPPATH\Controllers\Export.php(85): CodeIgniter\Debug\Exceptions->errorHandler(2, 'Array to string conversion', 'C:\\wamp64\\www\\crud-structured\\app\\Controllers\\Export.php', 85)
 2 SYSTEMPATH\CodeIgniter.php(933): App\Controllers\Export->export_excel()
 3 SYSTEMPATH\CodeIgniter.php(509): CodeIgniter\CodeIgniter->runController(Object(App\Controllers\Export))
 4 SYSTEMPATH\CodeIgniter.php(355): CodeIgniter\CodeIgniter->handleRequest(null, Object(Config\Cache), false)
 5 SYSTEMPATH\Boot.php(312): CodeIgniter\CodeIgniter->run()
 6 SYSTEMPATH\Boot.php(67): CodeIgniter\Boot::runCodeIgniter(Object(CodeIgniter\CodeIgniter))
 7 FCPATH\index.php(55): CodeIgniter\Boot::bootWeb(Object(Config\Paths))
 8 SYSTEMPATH\Commands\Server\rewrite.php(49): require_once('C:\\wamp64\\www\\crud-structured\\public\\index.php')
CRITICAL - 2024-07-19 15:25:31 --> ErrorException: Array to string conversion
[Method: GET, Route: export/export_excel]
in APPPATH\Controllers\Export.php on line 85.
 1 APPPATH\Controllers\Export.php(85): CodeIgniter\Debug\Exceptions->errorHandler(2, 'Array to string conversion', 'C:\\wamp64\\www\\crud-structured\\app\\Controllers\\Export.php', 85)
 2 SYSTEMPATH\CodeIgniter.php(933): App\Controllers\Export->export_excel()
 3 SYSTEMPATH\CodeIgniter.php(509): CodeIgniter\CodeIgniter->runController(Object(App\Controllers\Export))
 4 SYSTEMPATH\CodeIgniter.php(355): CodeIgniter\CodeIgniter->handleRequest(null, Object(Config\Cache), false)
 5 SYSTEMPATH\Boot.php(312): CodeIgniter\CodeIgniter->run()
 6 SYSTEMPATH\Boot.php(67): CodeIgniter\Boot::runCodeIgniter(Object(CodeIgniter\CodeIgniter))
 7 FCPATH\index.php(55): CodeIgniter\Boot::bootWeb(Object(Config\Paths))
 8 SYSTEMPATH\Commands\Server\rewrite.php(49): require_once('C:\\wamp64\\www\\crud-structured\\public\\index.php')
CRITICAL - 2024-07-19 15:25:31 --> ErrorException: Array to string conversion
[Method: GET, Route: export/export_excel]
in APPPATH\Controllers\Export.php on line 85.
 1 APPPATH\Controllers\Export.php(85): CodeIgniter\Debug\Exceptions->errorHandler(2, 'Array to string conversion', 'C:\\wamp64\\www\\crud-structured\\app\\Controllers\\Export.php', 85)
 2 SYSTEMPATH\CodeIgniter.php(933): App\Controllers\Export->export_excel()
 3 SYSTEMPATH\CodeIgniter.php(509): CodeIgniter\CodeIgniter->runController(Object(App\Controllers\Export))
 4 SYSTEMPATH\CodeIgniter.php(355): CodeIgniter\CodeIgniter->handleRequest(null, Object(Config\Cache), false)
 5 SYSTEMPATH\Boot.php(312): CodeIgniter\CodeIgniter->run()
 6 SYSTEMPATH\Boot.php(67): CodeIgniter\Boot::runCodeIgniter(Object(CodeIgniter\CodeIgniter))
 7 FCPATH\index.php(55): CodeIgniter\Boot::bootWeb(Object(Config\Paths))
 8 SYSTEMPATH\Commands\Server\rewrite.php(49): require_once('C:\\wamp64\\www\\crud-structured\\public\\index.php')
CRITICAL - 2024-07-19 15:26:38 --> ErrorException: Undefined array key "sales_order_id"
[Method: GET, Route: export/export_excel]
in APPPATH\Controllers\Export.php on line 83.
 1 APPPATH\Controllers\Export.php(83): CodeIgniter\Debug\Exceptions->errorHandler(2, 'Undefined array key "sales_order_id"', 'C:\\wamp64\\www\\crud-structured\\app\\Controllers\\Export.php', 83)
 2 SYSTEMPATH\CodeIgniter.php(933): App\Controllers\Export->export_excel()
 3 SYSTEMPATH\CodeIgniter.php(509): CodeIgniter\CodeIgniter->runController(Object(App\Controllers\Export))
 4 SYSTEMPATH\CodeIgniter.php(355): CodeIgniter\CodeIgniter->handleRequest(null, Object(Config\Cache), false)
 5 SYSTEMPATH\Boot.php(312): CodeIgniter\CodeIgniter->run()
 6 SYSTEMPATH\Boot.php(67): CodeIgniter\Boot::runCodeIgniter(Object(CodeIgniter\CodeIgniter))
 7 FCPATH\index.php(55): CodeIgniter\Boot::bootWeb(Object(Config\Paths))
 8 SYSTEMPATH\Commands\Server\rewrite.php(49): require_once('C:\\wamp64\\www\\crud-structured\\public\\index.php')
CRITICAL - 2024-07-19 15:26:38 --> ErrorException: Undefined array key "sales_order_id"
[Method: GET, Route: export/export_excel]
in APPPATH\Controllers\Export.php on line 83.
 1 APPPATH\Controllers\Export.php(83): CodeIgniter\Debug\Exceptions->errorHandler(2, 'Undefined array key "sales_order_id"', 'C:\\wamp64\\www\\crud-structured\\app\\Controllers\\Export.php', 83)
 2 SYSTEMPATH\CodeIgniter.php(933): App\Controllers\Export->export_excel()
 3 SYSTEMPATH\CodeIgniter.php(509): CodeIgniter\CodeIgniter->runController(Object(App\Controllers\Export))
 4 SYSTEMPATH\CodeIgniter.php(355): CodeIgniter\CodeIgniter->handleRequest(null, Object(Config\Cache), false)
 5 SYSTEMPATH\Boot.php(312): CodeIgniter\CodeIgniter->run()
 6 SYSTEMPATH\Boot.php(67): CodeIgniter\Boot::runCodeIgniter(Object(CodeIgniter\CodeIgniter))
 7 FCPATH\index.php(55): CodeIgniter\Boot::bootWeb(Object(Config\Paths))
 8 SYSTEMPATH\Commands\Server\rewrite.php(49): require_once('C:\\wamp64\\www\\crud-structured\\public\\index.php')
CRITICAL - 2024-07-19 15:26:39 --> ErrorException: Undefined array key "sales_order_id"
[Method: GET, Route: export/export_excel]
in APPPATH\Controllers\Export.php on line 83.
 1 APPPATH\Controllers\Export.php(83): CodeIgniter\Debug\Exceptions->errorHandler(2, 'Undefined array key "sales_order_id"', 'C:\\wamp64\\www\\crud-structured\\app\\Controllers\\Export.php', 83)
 2 SYSTEMPATH\CodeIgniter.php(933): App\Controllers\Export->export_excel()
 3 SYSTEMPATH\CodeIgniter.php(509): CodeIgniter\CodeIgniter->runController(Object(App\Controllers\Export))
 4 SYSTEMPATH\CodeIgniter.php(355): CodeIgniter\CodeIgniter->handleRequest(null, Object(Config\Cache), false)
 5 SYSTEMPATH\Boot.php(312): CodeIgniter\CodeIgniter->run()
 6 SYSTEMPATH\Boot.php(67): CodeIgniter\Boot::runCodeIgniter(Object(CodeIgniter\CodeIgniter))
 7 FCPATH\index.php(55): CodeIgniter\Boot::bootWeb(Object(Config\Paths))
 8 SYSTEMPATH\Commands\Server\rewrite.php(49): require_once('C:\\wamp64\\www\\crud-structured\\public\\index.php')
CRITICAL - 2024-07-19 15:26:39 --> ErrorException: Undefined array key "sales_order_id"
[Method: GET, Route: export/export_excel]
in APPPATH\Controllers\Export.php on line 83.
 1 APPPATH\Controllers\Export.php(83): CodeIgniter\Debug\Exceptions->errorHandler(2, 'Undefined array key "sales_order_id"', 'C:\\wamp64\\www\\crud-structured\\app\\Controllers\\Export.php', 83)
 2 SYSTEMPATH\CodeIgniter.php(933): App\Controllers\Export->export_excel()
 3 SYSTEMPATH\CodeIgniter.php(509): CodeIgniter\CodeIgniter->runController(Object(App\Controllers\Export))
 4 SYSTEMPATH\CodeIgniter.php(355): CodeIgniter\CodeIgniter->handleRequest(null, Object(Config\Cache), false)
 5 SYSTEMPATH\Boot.php(312): CodeIgniter\CodeIgniter->run()
 6 SYSTEMPATH\Boot.php(67): CodeIgniter\Boot::runCodeIgniter(Object(CodeIgniter\CodeIgniter))
 7 FCPATH\index.php(55): CodeIgniter\Boot::bootWeb(Object(Config\Paths))
 8 SYSTEMPATH\Commands\Server\rewrite.php(49): require_once('C:\\wamp64\\www\\crud-structured\\public\\index.php')
CRITICAL - 2024-07-19 15:26:40 --> ErrorException: Undefined array key "sales_order_id"
[Method: GET, Route: export/export_excel]
in APPPATH\Controllers\Export.php on line 83.
 1 APPPATH\Controllers\Export.php(83): CodeIgniter\Debug\Exceptions->errorHandler(2, 'Undefined array key "sales_order_id"', 'C:\\wamp64\\www\\crud-structured\\app\\Controllers\\Export.php', 83)
 2 SYSTEMPATH\CodeIgniter.php(933): App\Controllers\Export->export_excel()
 3 SYSTEMPATH\CodeIgniter.php(509): CodeIgniter\CodeIgniter->runController(Object(App\Controllers\Export))
 4 SYSTEMPATH\CodeIgniter.php(355): CodeIgniter\CodeIgniter->handleRequest(null, Object(Config\Cache), false)
 5 SYSTEMPATH\Boot.php(312): CodeIgniter\CodeIgniter->run()
 6 SYSTEMPATH\Boot.php(67): CodeIgniter\Boot::runCodeIgniter(Object(CodeIgniter\CodeIgniter))
 7 FCPATH\index.php(55): CodeIgniter\Boot::bootWeb(Object(Config\Paths))
 8 SYSTEMPATH\Commands\Server\rewrite.php(49): require_once('C:\\wamp64\\www\\crud-structured\\public\\index.php')
CRITICAL - 2024-07-19 15:26:40 --> ErrorException: Undefined array key "sales_order_id"
[Method: GET, Route: export/export_excel]
in APPPATH\Controllers\Export.php on line 83.
 1 APPPATH\Controllers\Export.php(83): CodeIgniter\Debug\Exceptions->errorHandler(2, 'Undefined array key "sales_order_id"', 'C:\\wamp64\\www\\crud-structured\\app\\Controllers\\Export.php', 83)
 2 SYSTEMPATH\CodeIgniter.php(933): App\Controllers\Export->export_excel()
 3 SYSTEMPATH\CodeIgniter.php(509): CodeIgniter\CodeIgniter->runController(Object(App\Controllers\Export))
 4 SYSTEMPATH\CodeIgniter.php(355): CodeIgniter\CodeIgniter->handleRequest(null, Object(Config\Cache), false)
 5 SYSTEMPATH\Boot.php(312): CodeIgniter\CodeIgniter->run()
 6 SYSTEMPATH\Boot.php(67): CodeIgniter\Boot::runCodeIgniter(Object(CodeIgniter\CodeIgniter))
 7 FCPATH\index.php(55): CodeIgniter\Boot::bootWeb(Object(Config\Paths))
 8 SYSTEMPATH\Commands\Server\rewrite.php(49): require_once('C:\\wamp64\\www\\crud-structured\\public\\index.php')
CRITICAL - 2024-07-19 15:26:40 --> ErrorException: Undefined array key "sales_order_id"
[Method: GET, Route: export/export_excel]
in APPPATH\Controllers\Export.php on line 83.
 1 APPPATH\Controllers\Export.php(83): CodeIgniter\Debug\Exceptions->errorHandler(2, 'Undefined array key "sales_order_id"', 'C:\\wamp64\\www\\crud-structured\\app\\Controllers\\Export.php', 83)
 2 SYSTEMPATH\CodeIgniter.php(933): App\Controllers\Export->export_excel()
 3 SYSTEMPATH\CodeIgniter.php(509): CodeIgniter\CodeIgniter->runController(Object(App\Controllers\Export))
 4 SYSTEMPATH\CodeIgniter.php(355): CodeIgniter\CodeIgniter->handleRequest(null, Object(Config\Cache), false)
 5 SYSTEMPATH\Boot.php(312): CodeIgniter\CodeIgniter->run()
 6 SYSTEMPATH\Boot.php(67): CodeIgniter\Boot::runCodeIgniter(Object(CodeIgniter\CodeIgniter))
 7 FCPATH\index.php(55): CodeIgniter\Boot::bootWeb(Object(Config\Paths))
 8 SYSTEMPATH\Commands\Server\rewrite.php(49): require_once('C:\\wamp64\\www\\crud-structured\\public\\index.php')
CRITICAL - 2024-07-19 15:26:40 --> ErrorException: Undefined array key "sales_order_id"
[Method: GET, Route: export/export_excel]
in APPPATH\Controllers\Export.php on line 83.
 1 APPPATH\Controllers\Export.php(83): CodeIgniter\Debug\Exceptions->errorHandler(2, 'Undefined array key "sales_order_id"', 'C:\\wamp64\\www\\crud-structured\\app\\Controllers\\Export.php', 83)
 2 SYSTEMPATH\CodeIgniter.php(933): App\Controllers\Export->export_excel()
 3 SYSTEMPATH\CodeIgniter.php(509): CodeIgniter\CodeIgniter->runController(Object(App\Controllers\Export))
 4 SYSTEMPATH\CodeIgniter.php(355): CodeIgniter\CodeIgniter->handleRequest(null, Object(Config\Cache), false)
 5 SYSTEMPATH\Boot.php(312): CodeIgniter\CodeIgniter->run()
 6 SYSTEMPATH\Boot.php(67): CodeIgniter\Boot::runCodeIgniter(Object(CodeIgniter\CodeIgniter))
 7 FCPATH\index.php(55): CodeIgniter\Boot::bootWeb(Object(Config\Paths))
 8 SYSTEMPATH\Commands\Server\rewrite.php(49): require_once('C:\\wamp64\\www\\crud-structured\\public\\index.php')
CRITICAL - 2024-07-19 15:26:40 --> ErrorException: Undefined array key "sales_order_id"
[Method: GET, Route: export/export_excel]
in APPPATH\Controllers\Export.php on line 83.
 1 APPPATH\Controllers\Export.php(83): CodeIgniter\Debug\Exceptions->errorHandler(2, 'Undefined array key "sales_order_id"', 'C:\\wamp64\\www\\crud-structured\\app\\Controllers\\Export.php', 83)
 2 SYSTEMPATH\CodeIgniter.php(933): App\Controllers\Export->export_excel()
 3 SYSTEMPATH\CodeIgniter.php(509): CodeIgniter\CodeIgniter->runController(Object(App\Controllers\Export))
 4 SYSTEMPATH\CodeIgniter.php(355): CodeIgniter\CodeIgniter->handleRequest(null, Object(Config\Cache), false)
 5 SYSTEMPATH\Boot.php(312): CodeIgniter\CodeIgniter->run()
 6 SYSTEMPATH\Boot.php(67): CodeIgniter\Boot::runCodeIgniter(Object(CodeIgniter\CodeIgniter))
 7 FCPATH\index.php(55): CodeIgniter\Boot::bootWeb(Object(Config\Paths))
 8 SYSTEMPATH\Commands\Server\rewrite.php(49): require_once('C:\\wamp64\\www\\crud-structured\\public\\index.php')
CRITICAL - 2024-07-19 15:26:41 --> ErrorException: Undefined array key "sales_order_id"
[Method: GET, Route: export/export_excel]
in APPPATH\Controllers\Export.php on line 83.
 1 APPPATH\Controllers\Export.php(83): CodeIgniter\Debug\Exceptions->errorHandler(2, 'Undefined array key "sales_order_id"', 'C:\\wamp64\\www\\crud-structured\\app\\Controllers\\Export.php', 83)
 2 SYSTEMPATH\CodeIgniter.php(933): App\Controllers\Export->export_excel()
 3 SYSTEMPATH\CodeIgniter.php(509): CodeIgniter\CodeIgniter->runController(Object(App\Controllers\Export))
 4 SYSTEMPATH\CodeIgniter.php(355): CodeIgniter\CodeIgniter->handleRequest(null, Object(Config\Cache), false)
 5 SYSTEMPATH\Boot.php(312): CodeIgniter\CodeIgniter->run()
 6 SYSTEMPATH\Boot.php(67): CodeIgniter\Boot::runCodeIgniter(Object(CodeIgniter\CodeIgniter))
 7 FCPATH\index.php(55): CodeIgniter\Boot::bootWeb(Object(Config\Paths))
 8 SYSTEMPATH\Commands\Server\rewrite.php(49): require_once('C:\\wamp64\\www\\crud-structured\\public\\index.php')
CRITICAL - 2024-07-19 15:26:41 --> ErrorException: Undefined array key "sales_order_id"
[Method: GET, Route: export/export_excel]
in APPPATH\Controllers\Export.php on line 83.
 1 APPPATH\Controllers\Export.php(83): CodeIgniter\Debug\Exceptions->errorHandler(2, 'Undefined array key "sales_order_id"', 'C:\\wamp64\\www\\crud-structured\\app\\Controllers\\Export.php', 83)
 2 SYSTEMPATH\CodeIgniter.php(933): App\Controllers\Export->export_excel()
 3 SYSTEMPATH\CodeIgniter.php(509): CodeIgniter\CodeIgniter->runController(Object(App\Controllers\Export))
 4 SYSTEMPATH\CodeIgniter.php(355): CodeIgniter\CodeIgniter->handleRequest(null, Object(Config\Cache), false)
 5 SYSTEMPATH\Boot.php(312): CodeIgniter\CodeIgniter->run()
 6 SYSTEMPATH\Boot.php(67): CodeIgniter\Boot::runCodeIgniter(Object(CodeIgniter\CodeIgniter))
 7 FCPATH\index.php(55): CodeIgniter\Boot::bootWeb(Object(Config\Paths))
 8 SYSTEMPATH\Commands\Server\rewrite.php(49): require_once('C:\\wamp64\\www\\crud-structured\\public\\index.php')
CRITICAL - 2024-07-19 15:26:41 --> ErrorException: Undefined array key "sales_order_id"
[Method: GET, Route: export/export_excel]
in APPPATH\Controllers\Export.php on line 83.
 1 APPPATH\Controllers\Export.php(83): CodeIgniter\Debug\Exceptions->errorHandler(2, 'Undefined array key "sales_order_id"', 'C:\\wamp64\\www\\crud-structured\\app\\Controllers\\Export.php', 83)
 2 SYSTEMPATH\CodeIgniter.php(933): App\Controllers\Export->export_excel()
 3 SYSTEMPATH\CodeIgniter.php(509): CodeIgniter\CodeIgniter->runController(Object(App\Controllers\Export))
 4 SYSTEMPATH\CodeIgniter.php(355): CodeIgniter\CodeIgniter->handleRequest(null, Object(Config\Cache), false)
 5 SYSTEMPATH\Boot.php(312): CodeIgniter\CodeIgniter->run()
 6 SYSTEMPATH\Boot.php(67): CodeIgniter\Boot::runCodeIgniter(Object(CodeIgniter\CodeIgniter))
 7 FCPATH\index.php(55): CodeIgniter\Boot::bootWeb(Object(Config\Paths))
 8 SYSTEMPATH\Commands\Server\rewrite.php(49): require_once('C:\\wamp64\\www\\crud-structured\\public\\index.php')
CRITICAL - 2024-07-19 15:26:41 --> ErrorException: Undefined array key "sales_order_id"
[Method: GET, Route: export/export_excel]
in APPPATH\Controllers\Export.php on line 83.
 1 APPPATH\Controllers\Export.php(83): CodeIgniter\Debug\Exceptions->errorHandler(2, 'Undefined array key "sales_order_id"', 'C:\\wamp64\\www\\crud-structured\\app\\Controllers\\Export.php', 83)
 2 SYSTEMPATH\CodeIgniter.php(933): App\Controllers\Export->export_excel()
 3 SYSTEMPATH\CodeIgniter.php(509): CodeIgniter\CodeIgniter->runController(Object(App\Controllers\Export))
 4 SYSTEMPATH\CodeIgniter.php(355): CodeIgniter\CodeIgniter->handleRequest(null, Object(Config\Cache), false)
 5 SYSTEMPATH\Boot.php(312): CodeIgniter\CodeIgniter->run()
 6 SYSTEMPATH\Boot.php(67): CodeIgniter\Boot::runCodeIgniter(Object(CodeIgniter\CodeIgniter))
 7 FCPATH\index.php(55): CodeIgniter\Boot::bootWeb(Object(Config\Paths))
 8 SYSTEMPATH\Commands\Server\rewrite.php(49): require_once('C:\\wamp64\\www\\crud-structured\\public\\index.php')
CRITICAL - 2024-07-19 15:26:41 --> ErrorException: Undefined array key "sales_order_id"
[Method: GET, Route: export/export_excel]
in APPPATH\Controllers\Export.php on line 83.
 1 APPPATH\Controllers\Export.php(83): CodeIgniter\Debug\Exceptions->errorHandler(2, 'Undefined array key "sales_order_id"', 'C:\\wamp64\\www\\crud-structured\\app\\Controllers\\Export.php', 83)
 2 SYSTEMPATH\CodeIgniter.php(933): App\Controllers\Export->export_excel()
 3 SYSTEMPATH\CodeIgniter.php(509): CodeIgniter\CodeIgniter->runController(Object(App\Controllers\Export))
 4 SYSTEMPATH\CodeIgniter.php(355): CodeIgniter\CodeIgniter->handleRequest(null, Object(Config\Cache), false)
 5 SYSTEMPATH\Boot.php(312): CodeIgniter\CodeIgniter->run()
 6 SYSTEMPATH\Boot.php(67): CodeIgniter\Boot::runCodeIgniter(Object(CodeIgniter\CodeIgniter))
 7 FCPATH\index.php(55): CodeIgniter\Boot::bootWeb(Object(Config\Paths))
 8 SYSTEMPATH\Commands\Server\rewrite.php(49): require_once('C:\\wamp64\\www\\crud-structured\\public\\index.php')
CRITICAL - 2024-07-19 15:26:41 --> ErrorException: Undefined array key "sales_order_id"
[Method: GET, Route: export/export_excel]
in APPPATH\Controllers\Export.php on line 83.
 1 APPPATH\Controllers\Export.php(83): CodeIgniter\Debug\Exceptions->errorHandler(2, 'Undefined array key "sales_order_id"', 'C:\\wamp64\\www\\crud-structured\\app\\Controllers\\Export.php', 83)
 2 SYSTEMPATH\CodeIgniter.php(933): App\Controllers\Export->export_excel()
 3 SYSTEMPATH\CodeIgniter.php(509): CodeIgniter\CodeIgniter->runController(Object(App\Controllers\Export))
 4 SYSTEMPATH\CodeIgniter.php(355): CodeIgniter\CodeIgniter->handleRequest(null, Object(Config\Cache), false)
 5 SYSTEMPATH\Boot.php(312): CodeIgniter\CodeIgniter->run()
 6 SYSTEMPATH\Boot.php(67): CodeIgniter\Boot::runCodeIgniter(Object(CodeIgniter\CodeIgniter))
 7 FCPATH\index.php(55): CodeIgniter\Boot::bootWeb(Object(Config\Paths))
 8 SYSTEMPATH\Commands\Server\rewrite.php(49): require_once('C:\\wamp64\\www\\crud-structured\\public\\index.php')
CRITICAL - 2024-07-19 15:26:51 --> ErrorException: Array to string conversion
[Method: GET, Route: export/export_excel]
in APPPATH\Controllers\Export.php on line 83.
 1 APPPATH\Controllers\Export.php(83): CodeIgniter\Debug\Exceptions->errorHandler(2, 'Array to string conversion', 'C:\\wamp64\\www\\crud-structured\\app\\Controllers\\Export.php', 83)
 2 SYSTEMPATH\CodeIgniter.php(933): App\Controllers\Export->export_excel()
 3 SYSTEMPATH\CodeIgniter.php(509): CodeIgniter\CodeIgniter->runController(Object(App\Controllers\Export))
 4 SYSTEMPATH\CodeIgniter.php(355): CodeIgniter\CodeIgniter->handleRequest(null, Object(Config\Cache), false)
 5 SYSTEMPATH\Boot.php(312): CodeIgniter\CodeIgniter->run()
 6 SYSTEMPATH\Boot.php(67): CodeIgniter\Boot::runCodeIgniter(Object(CodeIgniter\CodeIgniter))
 7 FCPATH\index.php(55): CodeIgniter\Boot::bootWeb(Object(Config\Paths))
 8 SYSTEMPATH\Commands\Server\rewrite.php(49): require_once('C:\\wamp64\\www\\crud-structured\\public\\index.php')
CRITICAL - 2024-07-19 15:26:51 --> ErrorException: Array to string conversion
[Method: GET, Route: export/export_excel]
in APPPATH\Controllers\Export.php on line 83.
 1 APPPATH\Controllers\Export.php(83): CodeIgniter\Debug\Exceptions->errorHandler(2, 'Array to string conversion', 'C:\\wamp64\\www\\crud-structured\\app\\Controllers\\Export.php', 83)
 2 SYSTEMPATH\CodeIgniter.php(933): App\Controllers\Export->export_excel()
 3 SYSTEMPATH\CodeIgniter.php(509): CodeIgniter\CodeIgniter->runController(Object(App\Controllers\Export))
 4 SYSTEMPATH\CodeIgniter.php(355): CodeIgniter\CodeIgniter->handleRequest(null, Object(Config\Cache), false)
 5 SYSTEMPATH\Boot.php(312): CodeIgniter\CodeIgniter->run()
 6 SYSTEMPATH\Boot.php(67): CodeIgniter\Boot::runCodeIgniter(Object(CodeIgniter\CodeIgniter))
 7 FCPATH\index.php(55): CodeIgniter\Boot::bootWeb(Object(Config\Paths))
 8 SYSTEMPATH\Commands\Server\rewrite.php(49): require_once('C:\\wamp64\\www\\crud-structured\\public\\index.php')
CRITICAL - 2024-07-19 15:26:51 --> ErrorException: Array to string conversion
[Method: GET, Route: export/export_excel]
in APPPATH\Controllers\Export.php on line 83.
 1 APPPATH\Controllers\Export.php(83): CodeIgniter\Debug\Exceptions->errorHandler(2, 'Array to string conversion', 'C:\\wamp64\\www\\crud-structured\\app\\Controllers\\Export.php', 83)
 2 SYSTEMPATH\CodeIgniter.php(933): App\Controllers\Export->export_excel()
 3 SYSTEMPATH\CodeIgniter.php(509): CodeIgniter\CodeIgniter->runController(Object(App\Controllers\Export))
 4 SYSTEMPATH\CodeIgniter.php(355): CodeIgniter\CodeIgniter->handleRequest(null, Object(Config\Cache), false)
 5 SYSTEMPATH\Boot.php(312): CodeIgniter\CodeIgniter->run()
 6 SYSTEMPATH\Boot.php(67): CodeIgniter\Boot::runCodeIgniter(Object(CodeIgniter\CodeIgniter))
 7 FCPATH\index.php(55): CodeIgniter\Boot::bootWeb(Object(Config\Paths))
 8 SYSTEMPATH\Commands\Server\rewrite.php(49): require_once('C:\\wamp64\\www\\crud-structured\\public\\index.php')
CRITICAL - 2024-07-19 15:26:52 --> ErrorException: Array to string conversion
[Method: GET, Route: export/export_excel]
in APPPATH\Controllers\Export.php on line 83.
 1 APPPATH\Controllers\Export.php(83): CodeIgniter\Debug\Exceptions->errorHandler(2, 'Array to string conversion', 'C:\\wamp64\\www\\crud-structured\\app\\Controllers\\Export.php', 83)
 2 SYSTEMPATH\CodeIgniter.php(933): App\Controllers\Export->export_excel()
 3 SYSTEMPATH\CodeIgniter.php(509): CodeIgniter\CodeIgniter->runController(Object(App\Controllers\Export))
 4 SYSTEMPATH\CodeIgniter.php(355): CodeIgniter\CodeIgniter->handleRequest(null, Object(Config\Cache), false)
 5 SYSTEMPATH\Boot.php(312): CodeIgniter\CodeIgniter->run()
 6 SYSTEMPATH\Boot.php(67): CodeIgniter\Boot::runCodeIgniter(Object(CodeIgniter\CodeIgniter))
 7 FCPATH\index.php(55): CodeIgniter\Boot::bootWeb(Object(Config\Paths))
 8 SYSTEMPATH\Commands\Server\rewrite.php(49): require_once('C:\\wamp64\\www\\crud-structured\\public\\index.php')
CRITICAL - 2024-07-19 15:26:52 --> ErrorException: Array to string conversion
[Method: GET, Route: export/export_excel]
in APPPATH\Controllers\Export.php on line 83.
 1 APPPATH\Controllers\Export.php(83): CodeIgniter\Debug\Exceptions->errorHandler(2, 'Array to string conversion', 'C:\\wamp64\\www\\crud-structured\\app\\Controllers\\Export.php', 83)
 2 SYSTEMPATH\CodeIgniter.php(933): App\Controllers\Export->export_excel()
 3 SYSTEMPATH\CodeIgniter.php(509): CodeIgniter\CodeIgniter->runController(Object(App\Controllers\Export))
 4 SYSTEMPATH\CodeIgniter.php(355): CodeIgniter\CodeIgniter->handleRequest(null, Object(Config\Cache), false)
 5 SYSTEMPATH\Boot.php(312): CodeIgniter\CodeIgniter->run()
 6 SYSTEMPATH\Boot.php(67): CodeIgniter\Boot::runCodeIgniter(Object(CodeIgniter\CodeIgniter))
 7 FCPATH\index.php(55): CodeIgniter\Boot::bootWeb(Object(Config\Paths))
 8 SYSTEMPATH\Commands\Server\rewrite.php(49): require_once('C:\\wamp64\\www\\crud-structured\\public\\index.php')
CRITICAL - 2024-07-19 15:26:52 --> ErrorException: Array to string conversion
[Method: GET, Route: export/export_excel]
in APPPATH\Controllers\Export.php on line 83.
 1 APPPATH\Controllers\Export.php(83): CodeIgniter\Debug\Exceptions->errorHandler(2, 'Array to string conversion', 'C:\\wamp64\\www\\crud-structured\\app\\Controllers\\Export.php', 83)
 2 SYSTEMPATH\CodeIgniter.php(933): App\Controllers\Export->export_excel()
 3 SYSTEMPATH\CodeIgniter.php(509): CodeIgniter\CodeIgniter->runController(Object(App\Controllers\Export))
 4 SYSTEMPATH\CodeIgniter.php(355): CodeIgniter\CodeIgniter->handleRequest(null, Object(Config\Cache), false)
 5 SYSTEMPATH\Boot.php(312): CodeIgniter\CodeIgniter->run()
 6 SYSTEMPATH\Boot.php(67): CodeIgniter\Boot::runCodeIgniter(Object(CodeIgniter\CodeIgniter))
 7 FCPATH\index.php(55): CodeIgniter\Boot::bootWeb(Object(Config\Paths))
 8 SYSTEMPATH\Commands\Server\rewrite.php(49): require_once('C:\\wamp64\\www\\crud-structured\\public\\index.php')
CRITICAL - 2024-07-19 15:26:52 --> ErrorException: Array to string conversion
[Method: GET, Route: export/export_excel]
in APPPATH\Controllers\Export.php on line 83.
 1 APPPATH\Controllers\Export.php(83): CodeIgniter\Debug\Exceptions->errorHandler(2, 'Array to string conversion', 'C:\\wamp64\\www\\crud-structured\\app\\Controllers\\Export.php', 83)
 2 SYSTEMPATH\CodeIgniter.php(933): App\Controllers\Export->export_excel()
 3 SYSTEMPATH\CodeIgniter.php(509): CodeIgniter\CodeIgniter->runController(Object(App\Controllers\Export))
 4 SYSTEMPATH\CodeIgniter.php(355): CodeIgniter\CodeIgniter->handleRequest(null, Object(Config\Cache), false)
 5 SYSTEMPATH\Boot.php(312): CodeIgniter\CodeIgniter->run()
 6 SYSTEMPATH\Boot.php(67): CodeIgniter\Boot::runCodeIgniter(Object(CodeIgniter\CodeIgniter))
 7 FCPATH\index.php(55): CodeIgniter\Boot::bootWeb(Object(Config\Paths))
 8 SYSTEMPATH\Commands\Server\rewrite.php(49): require_once('C:\\wamp64\\www\\crud-structured\\public\\index.php')
CRITICAL - 2024-07-19 15:26:52 --> ErrorException: Array to string conversion
[Method: GET, Route: export/export_excel]
in APPPATH\Controllers\Export.php on line 83.
 1 APPPATH\Controllers\Export.php(83): CodeIgniter\Debug\Exceptions->errorHandler(2, 'Array to string conversion', 'C:\\wamp64\\www\\crud-structured\\app\\Controllers\\Export.php', 83)
 2 SYSTEMPATH\CodeIgniter.php(933): App\Controllers\Export->export_excel()
 3 SYSTEMPATH\CodeIgniter.php(509): CodeIgniter\CodeIgniter->runController(Object(App\Controllers\Export))
 4 SYSTEMPATH\CodeIgniter.php(355): CodeIgniter\CodeIgniter->handleRequest(null, Object(Config\Cache), false)
 5 SYSTEMPATH\Boot.php(312): CodeIgniter\CodeIgniter->run()
 6 SYSTEMPATH\Boot.php(67): CodeIgniter\Boot::runCodeIgniter(Object(CodeIgniter\CodeIgniter))
 7 FCPATH\index.php(55): CodeIgniter\Boot::bootWeb(Object(Config\Paths))
 8 SYSTEMPATH\Commands\Server\rewrite.php(49): require_once('C:\\wamp64\\www\\crud-structured\\public\\index.php')
CRITICAL - 2024-07-19 15:26:53 --> ErrorException: Array to string conversion
[Method: GET, Route: export/export_excel]
in APPPATH\Controllers\Export.php on line 83.
 1 APPPATH\Controllers\Export.php(83): CodeIgniter\Debug\Exceptions->errorHandler(2, 'Array to string conversion', 'C:\\wamp64\\www\\crud-structured\\app\\Controllers\\Export.php', 83)
 2 SYSTEMPATH\CodeIgniter.php(933): App\Controllers\Export->export_excel()
 3 SYSTEMPATH\CodeIgniter.php(509): CodeIgniter\CodeIgniter->runController(Object(App\Controllers\Export))
 4 SYSTEMPATH\CodeIgniter.php(355): CodeIgniter\CodeIgniter->handleRequest(null, Object(Config\Cache), false)
 5 SYSTEMPATH\Boot.php(312): CodeIgniter\CodeIgniter->run()
 6 SYSTEMPATH\Boot.php(67): CodeIgniter\Boot::runCodeIgniter(Object(CodeIgniter\CodeIgniter))
 7 FCPATH\index.php(55): CodeIgniter\Boot::bootWeb(Object(Config\Paths))
 8 SYSTEMPATH\Commands\Server\rewrite.php(49): require_once('C:\\wamp64\\www\\crud-structured\\public\\index.php')
CRITICAL - 2024-07-19 15:26:53 --> ErrorException: Array to string conversion
[Method: GET, Route: export/export_excel]
in APPPATH\Controllers\Export.php on line 83.
 1 APPPATH\Controllers\Export.php(83): CodeIgniter\Debug\Exceptions->errorHandler(2, 'Array to string conversion', 'C:\\wamp64\\www\\crud-structured\\app\\Controllers\\Export.php', 83)
 2 SYSTEMPATH\CodeIgniter.php(933): App\Controllers\Export->export_excel()
 3 SYSTEMPATH\CodeIgniter.php(509): CodeIgniter\CodeIgniter->runController(Object(App\Controllers\Export))
 4 SYSTEMPATH\CodeIgniter.php(355): CodeIgniter\CodeIgniter->handleRequest(null, Object(Config\Cache), false)
 5 SYSTEMPATH\Boot.php(312): CodeIgniter\CodeIgniter->run()
 6 SYSTEMPATH\Boot.php(67): CodeIgniter\Boot::runCodeIgniter(Object(CodeIgniter\CodeIgniter))
 7 FCPATH\index.php(55): CodeIgniter\Boot::bootWeb(Object(Config\Paths))
 8 SYSTEMPATH\Commands\Server\rewrite.php(49): require_once('C:\\wamp64\\www\\crud-structured\\public\\index.php')
CRITICAL - 2024-07-19 15:26:53 --> ErrorException: Array to string conversion
[Method: GET, Route: export/export_excel]
in APPPATH\Controllers\Export.php on line 83.
 1 APPPATH\Controllers\Export.php(83): CodeIgniter\Debug\Exceptions->errorHandler(2, 'Array to string conversion', 'C:\\wamp64\\www\\crud-structured\\app\\Controllers\\Export.php', 83)
 2 SYSTEMPATH\CodeIgniter.php(933): App\Controllers\Export->export_excel()
 3 SYSTEMPATH\CodeIgniter.php(509): CodeIgniter\CodeIgniter->runController(Object(App\Controllers\Export))
 4 SYSTEMPATH\CodeIgniter.php(355): CodeIgniter\CodeIgniter->handleRequest(null, Object(Config\Cache), false)
 5 SYSTEMPATH\Boot.php(312): CodeIgniter\CodeIgniter->run()
 6 SYSTEMPATH\Boot.php(67): CodeIgniter\Boot::runCodeIgniter(Object(CodeIgniter\CodeIgniter))
 7 FCPATH\index.php(55): CodeIgniter\Boot::bootWeb(Object(Config\Paths))
 8 SYSTEMPATH\Commands\Server\rewrite.php(49): require_once('C:\\wamp64\\www\\crud-structured\\public\\index.php')
CRITICAL - 2024-07-19 15:26:53 --> ErrorException: Array to string conversion
[Method: GET, Route: export/export_excel]
in APPPATH\Controllers\Export.php on line 83.
 1 APPPATH\Controllers\Export.php(83): CodeIgniter\Debug\Exceptions->errorHandler(2, 'Array to string conversion', 'C:\\wamp64\\www\\crud-structured\\app\\Controllers\\Export.php', 83)
 2 SYSTEMPATH\CodeIgniter.php(933): App\Controllers\Export->export_excel()
 3 SYSTEMPATH\CodeIgniter.php(509): CodeIgniter\CodeIgniter->runController(Object(App\Controllers\Export))
 4 SYSTEMPATH\CodeIgniter.php(355): CodeIgniter\CodeIgniter->handleRequest(null, Object(Config\Cache), false)
 5 SYSTEMPATH\Boot.php(312): CodeIgniter\CodeIgniter->run()
 6 SYSTEMPATH\Boot.php(67): CodeIgniter\Boot::runCodeIgniter(Object(CodeIgniter\CodeIgniter))
 7 FCPATH\index.php(55): CodeIgniter\Boot::bootWeb(Object(Config\Paths))
 8 SYSTEMPATH\Commands\Server\rewrite.php(49): require_once('C:\\wamp64\\www\\crud-structured\\public\\index.php')
CRITICAL - 2024-07-19 15:26:54 --> ErrorException: Array to string conversion
[Method: GET, Route: export/export_excel]
in APPPATH\Controllers\Export.php on line 83.
 1 APPPATH\Controllers\Export.php(83): CodeIgniter\Debug\Exceptions->errorHandler(2, 'Array to string conversion', 'C:\\wamp64\\www\\crud-structured\\app\\Controllers\\Export.php', 83)
 2 SYSTEMPATH\CodeIgniter.php(933): App\Controllers\Export->export_excel()
 3 SYSTEMPATH\CodeIgniter.php(509): CodeIgniter\CodeIgniter->runController(Object(App\Controllers\Export))
 4 SYSTEMPATH\CodeIgniter.php(355): CodeIgniter\CodeIgniter->handleRequest(null, Object(Config\Cache), false)
 5 SYSTEMPATH\Boot.php(312): CodeIgniter\CodeIgniter->run()
 6 SYSTEMPATH\Boot.php(67): CodeIgniter\Boot::runCodeIgniter(Object(CodeIgniter\CodeIgniter))
 7 FCPATH\index.php(55): CodeIgniter\Boot::bootWeb(Object(Config\Paths))
 8 SYSTEMPATH\Commands\Server\rewrite.php(49): require_once('C:\\wamp64\\www\\crud-structured\\public\\index.php')
CRITICAL - 2024-07-19 15:26:54 --> ErrorException: Array to string conversion
[Method: GET, Route: export/export_excel]
in APPPATH\Controllers\Export.php on line 83.
 1 APPPATH\Controllers\Export.php(83): CodeIgniter\Debug\Exceptions->errorHandler(2, 'Array to string conversion', 'C:\\wamp64\\www\\crud-structured\\app\\Controllers\\Export.php', 83)
 2 SYSTEMPATH\CodeIgniter.php(933): App\Controllers\Export->export_excel()
 3 SYSTEMPATH\CodeIgniter.php(509): CodeIgniter\CodeIgniter->runController(Object(App\Controllers\Export))
 4 SYSTEMPATH\CodeIgniter.php(355): CodeIgniter\CodeIgniter->handleRequest(null, Object(Config\Cache), false)
 5 SYSTEMPATH\Boot.php(312): CodeIgniter\CodeIgniter->run()
 6 SYSTEMPATH\Boot.php(67): CodeIgniter\Boot::runCodeIgniter(Object(CodeIgniter\CodeIgniter))
 7 FCPATH\index.php(55): CodeIgniter\Boot::bootWeb(Object(Config\Paths))
 8 SYSTEMPATH\Commands\Server\rewrite.php(49): require_once('C:\\wamp64\\www\\crud-structured\\public\\index.php')
CRITICAL - 2024-07-19 15:27:04 --> ParseError: syntax error, unexpected variable "$status"
[Method: GET, Route: export/export_excel]
in APPPATH\Controllers\Export.php on line 83.
 1 SYSTEMPATH\Router\Router.php(562): CodeIgniter\Router\AutoRouter->getRoute('export/export_excel', 'GET')
 2 SYSTEMPATH\Router\Router.php(227): CodeIgniter\Router\Router->autoRoute('export/export_excel')
 3 SYSTEMPATH\CodeIgniter.php(834): CodeIgniter\Router\Router->handle('export/export_excel')
 4 SYSTEMPATH\CodeIgniter.php(457): CodeIgniter\CodeIgniter->tryToRouteIt(Object(CodeIgniter\Router\RouteCollection))
 5 SYSTEMPATH\CodeIgniter.php(355): CodeIgniter\CodeIgniter->handleRequest(null, Object(Config\Cache), false)
 6 SYSTEMPATH\Boot.php(312): CodeIgniter\CodeIgniter->run()
 7 SYSTEMPATH\Boot.php(67): CodeIgniter\Boot::runCodeIgniter(Object(CodeIgniter\CodeIgniter))
 8 FCPATH\index.php(55): CodeIgniter\Boot::bootWeb(Object(Config\Paths))
 9 SYSTEMPATH\Commands\Server\rewrite.php(49): require_once('C:\\wamp64\\www\\crud-structured\\public\\index.php')
